2022-05-09 03:39:48,858 : INFO : Train AUC: 0.3406
2022-05-09 03:39:48,862 : INFO : Test AUC: 0.3523
2022-05-09 03:39:48,862 : INFO : epoch 0/30:
2022-05-09 03:39:48,862 : INFO : Total loss: 1980092.8631
2022-05-09 03:39:48,862 : INFO : SGNS loss: 46.1166
2022-05-09 03:39:48,862 : INFO : Dirichlet loss: -9932.8728
2022-05-09 03:39:48,862 : INFO : Prediction loss: 1986663.6762
2022-05-09 03:39:48,863 : INFO : Diversity loss: 3315.9432
2022-05-09 03:39:48,866 : INFO : concept 1: photo turn hole position sleep basket slight capacity device smooth
2022-05-09 03:39:48,866 : INFO : concept 2: heater watch option worktop write powerful initially shelf durable morning
2022-05-09 03:39:52,861 : INFO : Train AUC: 0.7721
2022-05-09 03:39:52,865 : INFO : Test AUC: 0.7848
2022-05-09 03:39:52,865 : INFO : epoch 1/30:
2022-05-09 03:39:52,865 : INFO : Total loss: 47011.3982
2022-05-09 03:39:52,865 : INFO : SGNS loss: 46.1388
2022-05-09 03:39:52,866 : INFO : Dirichlet loss: -9765.1929
2022-05-09 03:39:52,866 : INFO : Prediction loss: 53414.5091
2022-05-09 03:39:52,866 : INFO : Diversity loss: 3315.9432
2022-05-09 03:39:52,869 : INFO : concept 1: photo turn hole position sleep basket slight capacity device smooth
2022-05-09 03:39:52,869 : INFO : concept 2: heater watch option worktop write powerful initially shelf durable morning
2022-05-09 03:39:56,896 : INFO : Train AUC: 0.8307
2022-05-09 03:39:56,899 : INFO : Test AUC: 0.8434
2022-05-09 03:39:56,899 : INFO : epoch 2/30:
2022-05-09 03:39:56,900 : INFO : Total loss: 14467.1208
2022-05-09 03:39:56,900 : INFO : SGNS loss: 46.2254
2022-05-09 03:39:56,900 : INFO : Dirichlet loss: -10357.8148
2022-05-09 03:39:56,900 : INFO : Prediction loss: 21462.7671
2022-05-09 03:39:56,900 : INFO : Diversity loss: 3315.9431
2022-05-09 03:39:56,903 : INFO : concept 1: photo turn hole position sleep basket slight capacity device smooth
2022-05-09 03:39:56,904 : INFO : concept 2: heater watch option worktop write powerful initially shelf durable morning
2022-05-09 03:40:00,884 : INFO : Train AUC: 0.9502
2022-05-09 03:40:00,887 : INFO : Test AUC: 0.9430
2022-05-09 03:40:00,887 : INFO : epoch 3/30:
2022-05-09 03:40:00,887 : INFO : Total loss: -560.8080
2022-05-09 03:40:00,888 : INFO : SGNS loss: 46.2211
2022-05-09 03:40:00,888 : INFO : Dirichlet loss: -10338.0706
2022-05-09 03:40:00,888 : INFO : Prediction loss: 6415.0984
2022-05-09 03:40:00,888 : INFO : Diversity loss: 3315.9431
2022-05-09 03:40:00,892 : INFO : concept 1: photo turn hole position sleep basket slight capacity device smooth
2022-05-09 03:40:00,892 : INFO : concept 2: heater watch option worktop write powerful initially shelf durable morning
2022-05-09 03:40:04,857 : INFO : Train AUC: 0.9066
2022-05-09 03:40:04,860 : INFO : Test AUC: 0.8995
2022-05-09 03:40:04,860 : INFO : epoch 4/30:
2022-05-09 03:40:04,860 : INFO : Total loss: -2223.0844
2022-05-09 03:40:04,860 : INFO : SGNS loss: 46.2240
2022-05-09 03:40:04,860 : INFO : Dirichlet loss: -10135.5271
2022-05-09 03:40:04,861 : INFO : Prediction loss: 4550.2755
2022-05-09 03:40:04,861 : INFO : Diversity loss: 3315.9431
2022-05-09 03:40:04,864 : INFO : concept 1: photo turn hole position sleep basket slight capacity device smooth
2022-05-09 03:40:04,864 : INFO : concept 2: heater watch option worktop write powerful initially shelf durable morning
2022-05-09 03:40:08,872 : INFO : Train AUC: 0.9909
2022-05-09 03:40:08,875 : INFO : Test AUC: 0.9886
2022-05-09 03:40:08,875 : INFO : epoch 5/30:
2022-05-09 03:40:08,875 : INFO : Total loss: -277.2818
2022-05-09 03:40:08,876 : INFO : SGNS loss: 46.1848
2022-05-09 03:40:08,876 : INFO : Dirichlet loss: -9481.6959
2022-05-09 03:40:08,876 : INFO : Prediction loss: 5842.2862
2022-05-09 03:40:08,876 : INFO : Diversity loss: 3315.9432
2022-05-09 03:40:08,879 : INFO : concept 1: photo turn hole position sleep basket slight capacity device smooth
2022-05-09 03:40:08,880 : INFO : concept 2: heater watch option worktop write powerful initially shelf durable morning
2022-05-09 03:40:12,899 : INFO : Train AUC: 0.9952
2022-05-09 03:40:12,902 : INFO : Test AUC: 0.9937
2022-05-09 03:40:12,902 : INFO : epoch 6/30:
2022-05-09 03:40:12,903 : INFO : Total loss: -2320.5246
2022-05-09 03:40:12,903 : INFO : SGNS loss: 46.1186
2022-05-09 03:40:12,903 : INFO : Dirichlet loss: -10098.4587
2022-05-09 03:40:12,903 : INFO : Prediction loss: 4415.8724
2022-05-09 03:40:12,903 : INFO : Diversity loss: 3315.9432
2022-05-09 03:40:12,906 : INFO : concept 1: photo turn hole position sleep basket slight capacity device smooth
2022-05-09 03:40:12,906 : INFO : concept 2: heater watch option worktop write powerful initially shelf durable morning
2022-05-09 03:40:16,959 : INFO : Train AUC: 0.5008
2022-05-09 03:40:16,962 : INFO : Test AUC: 0.4995
2022-05-09 03:40:16,962 : INFO : epoch 7/30:
2022-05-09 03:40:16,962 : INFO : Total loss: -2016.8811
2022-05-09 03:40:16,962 : INFO : SGNS loss: 46.1246
2022-05-09 03:40:16,963 : INFO : Dirichlet loss: -10032.5770
2022-05-09 03:40:16,963 : INFO : Prediction loss: 4653.6282
2022-05-09 03:40:16,963 : INFO : Diversity loss: 3315.9431
2022-05-09 03:40:16,966 : INFO : concept 1: photo turn hole position sleep basket slight capacity device smooth
2022-05-09 03:40:16,966 : INFO : concept 2: heater watch option worktop write powerful initially shelf durable morning
2022-05-09 03:40:20,987 : INFO : Train AUC: 0.9936
2022-05-09 03:40:20,990 : INFO : Test AUC: 0.9917
2022-05-09 03:40:20,990 : INFO : epoch 8/30:
2022-05-09 03:40:20,990 : INFO : Total loss: -1211.2992
2022-05-09 03:40:20,990 : INFO : SGNS loss: 46.1165
2022-05-09 03:40:20,990 : INFO : Dirichlet loss: -10139.0404
2022-05-09 03:40:20,990 : INFO : Prediction loss: 5565.6815
2022-05-09 03:40:20,990 : INFO : Diversity loss: 3315.9431
2022-05-09 03:40:20,994 : INFO : concept 1: photo turn hole position sleep basket slight capacity device smooth
2022-05-09 03:40:20,994 : INFO : concept 2: heater watch option worktop write powerful initially shelf durable morning
2022-05-09 03:40:25,022 : INFO : Train AUC: 0.9985
2022-05-09 03:40:25,025 : INFO : Test AUC: 0.9979
2022-05-09 03:40:25,025 : INFO : epoch 9/30:
2022-05-09 03:40:25,025 : INFO : Total loss: -2351.7889
2022-05-09 03:40:25,025 : INFO : SGNS loss: 46.1227
2022-05-09 03:40:25,026 : INFO : Dirichlet loss: -10150.7762
2022-05-09 03:40:25,026 : INFO : Prediction loss: 4436.9213
2022-05-09 03:40:25,026 : INFO : Diversity loss: 3315.9431
2022-05-09 03:40:25,029 : INFO : concept 1: photo turn hole position sleep basket slight capacity device smooth
2022-05-09 03:40:25,029 : INFO : concept 2: heater watch option worktop write powerful initially shelf durable morning
2022-05-09 03:40:29,048 : INFO : Train AUC: 0.9806
2022-05-09 03:40:29,051 : INFO : Test AUC: 0.9755
2022-05-09 03:40:29,051 : INFO : epoch 10/30:
2022-05-09 03:40:29,051 : INFO : Total loss: -1141.0023
2022-05-09 03:40:29,051 : INFO : SGNS loss: 46.1255
2022-05-09 03:40:29,051 : INFO : Dirichlet loss: -10187.5875
2022-05-09 03:40:29,052 : INFO : Prediction loss: 5684.5166
2022-05-09 03:40:29,052 : INFO : Diversity loss: 3315.9431
2022-05-09 03:40:29,055 : INFO : concept 1: photo turn hole position sleep basket slight capacity device smooth
2022-05-09 03:40:29,055 : INFO : concept 2: heater watch option worktop write powerful initially shelf durable morning
2022-05-09 03:40:33,037 : INFO : Train AUC: 0.9272
2022-05-09 03:40:33,040 : INFO : Test AUC: 0.9207
2022-05-09 03:40:33,040 : INFO : epoch 11/30:
2022-05-09 03:40:33,040 : INFO : Total loss: -2469.0536
2022-05-09 03:40:33,040 : INFO : SGNS loss: 46.1268
2022-05-09 03:40:33,040 : INFO : Dirichlet loss: -10160.2050
2022-05-09 03:40:33,040 : INFO : Prediction loss: 4329.0815
2022-05-09 03:40:33,041 : INFO : Diversity loss: 3315.9432
2022-05-09 03:40:33,044 : INFO : concept 1: photo turn hole position sleep basket slight capacity device smooth
2022-05-09 03:40:33,044 : INFO : concept 2: heater watch option worktop write powerful initially shelf durable morning
2022-05-09 03:40:37,044 : INFO : Train AUC: 0.9944
2022-05-09 03:40:37,047 : INFO : Test AUC: 0.9931
2022-05-09 03:40:37,047 : INFO : epoch 12/30:
2022-05-09 03:40:37,047 : INFO : Total loss: -986.5509
2022-05-09 03:40:37,047 : INFO : SGNS loss: 46.1275
2022-05-09 03:40:37,047 : INFO : Dirichlet loss: -10029.5991
2022-05-09 03:40:37,047 : INFO : Prediction loss: 5680.9777
2022-05-09 03:40:37,048 : INFO : Diversity loss: 3315.9431
2022-05-09 03:40:37,051 : INFO : concept 1: photo turn hole position sleep basket slight capacity device smooth
2022-05-09 03:40:37,051 : INFO : concept 2: heater watch option worktop write powerful initially shelf durable morning
2022-05-09 03:40:41,099 : INFO : Train AUC: 0.9969
2022-05-09 03:40:41,102 : INFO : Test AUC: 0.9960
2022-05-09 03:40:41,102 : INFO : epoch 13/30:
2022-05-09 03:40:41,102 : INFO : Total loss: -2463.2634
2022-05-09 03:40:41,103 : INFO : SGNS loss: 46.1230
2022-05-09 03:40:41,103 : INFO : Dirichlet loss: -10129.1872
2022-05-09 03:40:41,103 : INFO : Prediction loss: 4303.8577
2022-05-09 03:40:41,103 : INFO : Diversity loss: 3315.9432
2022-05-09 03:40:41,106 : INFO : concept 1: photo turn hole position sleep basket slight capacity device smooth
2022-05-09 03:40:41,106 : INFO : concept 2: heater watch option worktop write powerful initially shelf durable morning
2022-05-09 03:40:45,111 : INFO : Train AUC: 0.5020
2022-05-09 03:40:45,114 : INFO : Test AUC: 0.5005
2022-05-09 03:40:45,114 : INFO : epoch 14/30:
2022-05-09 03:40:45,114 : INFO : Total loss: -2254.0259
2022-05-09 03:40:45,114 : INFO : SGNS loss: 46.1271
2022-05-09 03:40:45,114 : INFO : Dirichlet loss: -10198.7202
2022-05-09 03:40:45,114 : INFO : Prediction loss: 4582.6240
2022-05-09 03:40:45,114 : INFO : Diversity loss: 3315.9431
2022-05-09 03:40:45,118 : INFO : concept 1: photo turn hole position sleep basket slight capacity device smooth
2022-05-09 03:40:45,118 : INFO : concept 2: heater watch option worktop write powerful initially shelf durable morning
2022-05-09 03:40:49,448 : INFO : Train AUC: 0.9948
2022-05-09 03:40:49,451 : INFO : Test AUC: 0.9935
2022-05-09 03:40:49,451 : INFO : epoch 15/30:
2022-05-09 03:40:49,451 : INFO : Total loss: -3050.9743
2022-05-09 03:40:49,451 : INFO : SGNS loss: 32.2214
2022-05-09 03:40:49,451 : INFO : Dirichlet loss: -10348.7046
2022-05-09 03:40:49,452 : INFO : Prediction loss: 5454.6350
2022-05-09 03:40:49,452 : INFO : Diversity loss: 1810.8740
2022-05-09 03:40:49,455 : INFO : concept 1: great use easy buy look price excellent item surprise classy
2022-05-09 03:40:49,455 : INFO : concept 2: collection click film limited crease useless finally blade blend ink
2022-05-09 03:40:53,731 : INFO : Train AUC: 0.9986
2022-05-09 03:40:53,733 : INFO : Test AUC: 0.9983
2022-05-09 03:40:53,734 : INFO : epoch 16/30:
2022-05-09 03:40:53,734 : INFO : Total loss: -6564.2629
2022-05-09 03:40:53,734 : INFO : SGNS loss: 27.1440
2022-05-09 03:40:53,734 : INFO : Dirichlet loss: -10360.2252
2022-05-09 03:40:53,734 : INFO : Prediction loss: 4366.9698
2022-05-09 03:40:53,734 : INFO : Diversity loss: -598.1516
2022-05-09 03:40:53,738 : INFO : concept 1: seal program buy price great surprise phone provide easy mess
2022-05-09 03:40:53,738 : INFO : concept 2: tricky ink wardrobe badly bath separate advise position cartridge special
2022-05-09 03:40:58,030 : INFO : Train AUC: 0.9806
2022-05-09 03:40:58,032 : INFO : Test AUC: 0.9753
2022-05-09 03:40:58,032 : INFO : epoch 17/30:
2022-05-09 03:40:58,033 : INFO : Total loss: -6158.8795
2022-05-09 03:40:58,033 : INFO : SGNS loss: 27.2171
2022-05-09 03:40:58,033 : INFO : Dirichlet loss: -10360.3992
2022-05-09 03:40:58,033 : INFO : Prediction loss: 5635.4054
2022-05-09 03:40:58,033 : INFO : Diversity loss: -1461.1028
2022-05-09 03:40:58,036 : INFO : concept 1: burn cordless easy total simply deliver use completely buy feed
2022-05-09 03:40:58,036 : INFO : concept 2: meet convenient limited collection brilliantly patio opinion forget beautifully disappoint
2022-05-09 03:41:02,401 : INFO : Train AUC: 0.9281
2022-05-09 03:41:02,403 : INFO : Test AUC: 0.9209
2022-05-09 03:41:02,404 : INFO : epoch 18/30:
2022-05-09 03:41:02,404 : INFO : Total loss: -7846.6271
2022-05-09 03:41:02,404 : INFO : SGNS loss: 27.5772
2022-05-09 03:41:02,404 : INFO : Dirichlet loss: -10359.8058
2022-05-09 03:41:02,404 : INFO : Prediction loss: 4292.6880
2022-05-09 03:41:02,404 : INFO : Diversity loss: -1807.0865
2022-05-09 03:41:02,408 : INFO : concept 1: office packaging container hear mobile download portable past awesome sound
2022-05-09 03:41:02,408 : INFO : concept 2: granddaughter pattern convenient brilliantly manufacturer ink delighted cosy affordable shade
2022-05-09 03:41:06,677 : INFO : Train AUC: 0.9941
2022-05-09 03:41:06,680 : INFO : Test AUC: 0.9929
2022-05-09 03:41:06,680 : INFO : epoch 19/30:
2022-05-09 03:41:06,680 : INFO : Total loss: -6582.2124
2022-05-09 03:41:06,681 : INFO : SGNS loss: 27.7383
2022-05-09 03:41:06,681 : INFO : Dirichlet loss: -10358.9526
2022-05-09 03:41:06,681 : INFO : Prediction loss: 5680.8701
2022-05-09 03:41:06,681 : INFO : Diversity loss: -1931.8682
2022-05-09 03:41:06,684 : INFO : concept 1: double slide look price hair use easy lot terrible work
2022-05-09 03:41:06,684 : INFO : concept 2: tend pile scratch previously snap criticism finally hide awful wheel
2022-05-09 03:41:10,963 : INFO : Train AUC: 0.9963
2022-05-09 03:41:10,966 : INFO : Test AUC: 0.9958
2022-05-09 03:41:10,966 : INFO : epoch 20/30:
2022-05-09 03:41:10,966 : INFO : Total loss: -8056.9966
2022-05-09 03:41:10,966 : INFO : SGNS loss: 27.9086
2022-05-09 03:41:10,967 : INFO : Dirichlet loss: -10355.4169
2022-05-09 03:41:10,967 : INFO : Prediction loss: 4256.3994
2022-05-09 03:41:10,967 : INFO : Diversity loss: -1985.8877
2022-05-09 03:41:10,970 : INFO : concept 1: standard accessory test elderly impossible signal section use attach argo
2022-05-09 03:41:10,970 : INFO : concept 2: helpful content additional damage chrome weather edge brilliantly face girl
2022-05-09 03:41:15,262 : INFO : Train AUC: 0.5028
2022-05-09 03:41:15,265 : INFO : Test AUC: 0.4999
2022-05-09 03:41:15,265 : INFO : epoch 21/30:
2022-05-09 03:41:15,265 : INFO : Total loss: -7769.6174
2022-05-09 03:41:15,265 : INFO : SGNS loss: 27.8032
2022-05-09 03:41:15,266 : INFO : Dirichlet loss: -10352.7768
2022-05-09 03:41:15,266 : INFO : Prediction loss: 4569.0283
2022-05-09 03:41:15,266 : INFO : Diversity loss: -2013.6721
2022-05-09 03:41:15,269 : INFO : concept 1: night cat disappointed pet rug heating carry feed wall desk
2022-05-09 03:41:15,269 : INFO : concept 2: programme functional slice bulky dial hinge maker brighten blade prove
2022-05-09 03:41:19,662 : INFO : Train AUC: 0.9929
2022-05-09 03:41:19,665 : INFO : Test AUC: 0.9919
2022-05-09 03:41:19,665 : INFO : epoch 22/30:
2022-05-09 03:41:19,665 : INFO : Total loss: -6840.0737
2022-05-09 03:41:19,665 : INFO : SGNS loss: 27.8337
2022-05-09 03:41:19,666 : INFO : Dirichlet loss: -10354.1558
2022-05-09 03:41:19,666 : INFO : Prediction loss: 5516.0631
2022-05-09 03:41:19,666 : INFO : Diversity loss: -2029.8147
2022-05-09 03:41:19,669 : INFO : concept 1: daily correct kettle shame wheel use pop desk compact slow
2022-05-09 03:41:19,669 : INFO : concept 2: eventually produce staff today elegant huge vax clip wonderful market
2022-05-09 03:41:23,973 : INFO : Train AUC: 0.9979
2022-05-09 03:41:23,975 : INFO : Test AUC: 0.9978
2022-05-09 03:41:23,975 : INFO : epoch 23/30:
2022-05-09 03:41:23,975 : INFO : Total loss: -7965.4981
2022-05-09 03:41:23,976 : INFO : SGNS loss: 27.3924
2022-05-09 03:41:23,976 : INFO : Dirichlet loss: -10353.7704
2022-05-09 03:41:23,976 : INFO : Prediction loss: 4400.9144
2022-05-09 03:41:23,976 : INFO : Diversity loss: -2040.0345
2022-05-09 03:41:23,985 : INFO : concept 1: convenient middle obviously paint excellent real model maker bedroom tablet
2022-05-09 03:41:23,985 : INFO : concept 2: video sleek brilliantly scratch produce relatively affordable prefer telephone state
2022-05-09 03:41:28,245 : INFO : Train AUC: 0.9741
2022-05-09 03:41:28,248 : INFO : Test AUC: 0.9716
2022-05-09 03:41:28,248 : INFO : epoch 24/30:
2022-05-09 03:41:28,248 : INFO : Total loss: -6677.3755
2022-05-09 03:41:28,248 : INFO : SGNS loss: 27.1080
2022-05-09 03:41:28,249 : INFO : Dirichlet loss: -10354.5751
2022-05-09 03:41:28,249 : INFO : Prediction loss: 5697.0176
2022-05-09 03:41:28,249 : INFO : Diversity loss: -2046.9260
2022-05-09 03:41:28,252 : INFO : concept 1: birthday section blend support pain portable grill forget great bother
2022-05-09 03:41:28,252 : INFO : concept 2: moment obviously total tricky tend today feed complicated plain view
2022-05-09 03:41:32,510 : INFO : Train AUC: 0.9196
2022-05-09 03:41:32,513 : INFO : Test AUC: 0.9114
2022-05-09 03:41:32,513 : INFO : epoch 25/30:
2022-05-09 03:41:32,513 : INFO : Total loss: -7981.7739
2022-05-09 03:41:32,513 : INFO : SGNS loss: 26.5661
2022-05-09 03:41:32,514 : INFO : Dirichlet loss: -10356.0772
2022-05-09 03:41:32,514 : INFO : Prediction loss: 4399.5368
2022-05-09 03:41:32,514 : INFO : Diversity loss: -2051.7997
2022-05-09 03:41:32,517 : INFO : concept 1: friendly impossible job holiday print cordless properly loud phone price
2022-05-09 03:41:32,517 : INFO : concept 2: worry scratch attractive shame key accessory brilliantly alternative elderly definately
2022-05-09 03:41:36,826 : INFO : Train AUC: 0.9915
2022-05-09 03:41:36,829 : INFO : Test AUC: 0.9909
2022-05-09 03:41:36,829 : INFO : epoch 26/30:
2022-05-09 03:41:36,829 : INFO : Total loss: -6621.8284
2022-05-09 03:41:36,829 : INFO : SGNS loss: 26.1058
2022-05-09 03:41:36,829 : INFO : Dirichlet loss: -10357.8901
2022-05-09 03:41:36,830 : INFO : Prediction loss: 5765.3346
2022-05-09 03:41:36,830 : INFO : Diversity loss: -2055.3788
2022-05-09 03:41:36,833 : INFO : concept 1: bedroom straight temperature blender eat hinge narrow effort unable size
2022-05-09 03:41:36,833 : INFO : concept 2: shed seal disappointing blue search bulky initially improve reserve probably
2022-05-09 03:41:41,128 : INFO : Train AUC: 0.9946
2022-05-09 03:41:41,131 : INFO : Test AUC: 0.9945
2022-05-09 03:41:41,131 : INFO : epoch 27/30:
2022-05-09 03:41:41,131 : INFO : Total loss: -8012.0794
2022-05-09 03:41:41,131 : INFO : SGNS loss: 25.9441
2022-05-09 03:41:41,131 : INFO : Dirichlet loss: -10358.1294
2022-05-09 03:41:41,132 : INFO : Prediction loss: 4378.1930
2022-05-09 03:41:41,132 : INFO : Diversity loss: -2058.0871
2022-05-09 03:41:41,135 : INFO : concept 1: definitely previous angle lead use dinner baby bag hope dark
2022-05-09 03:41:41,135 : INFO : concept 2: total accurate lounge equipment birthday blade capacity protect hdmi bath
2022-05-09 03:41:45,449 : INFO : Train AUC: 0.5023
2022-05-09 03:41:45,452 : INFO : Test AUC: 0.5006
2022-05-09 03:41:45,452 : INFO : epoch 28/30:
2022-05-09 03:41:45,452 : INFO : Total loss: -7757.7428
2022-05-09 03:41:45,453 : INFO : SGNS loss: 25.9915
2022-05-09 03:41:45,453 : INFO : Dirichlet loss: -10359.5355
2022-05-09 03:41:45,453 : INFO : Prediction loss: 4635.9883
2022-05-09 03:41:45,453 : INFO : Diversity loss: -2060.1870
2022-05-09 03:41:45,456 : INFO : concept 1: wide gorgeous particularly hopefully penny bowl mess practical shade impossible
2022-05-09 03:41:45,457 : INFO : concept 2: unable worried blend finally foot solution perform stick grandson hassle
2022-05-09 03:41:49,762 : INFO : Train AUC: 0.9909
2022-05-09 03:41:49,764 : INFO : Test AUC: 0.9903
2022-05-09 03:41:49,765 : INFO : epoch 29/30:
2022-05-09 03:41:49,765 : INFO : Total loss: -6805.8466
2022-05-09 03:41:49,765 : INFO : SGNS loss: 25.9004
2022-05-09 03:41:49,765 : INFO : Dirichlet loss: -10357.6549
2022-05-09 03:41:49,765 : INFO : Prediction loss: 5587.7568
2022-05-09 03:41:49,765 : INFO : Diversity loss: -2061.8489
2022-05-09 03:41:49,769 : INFO : concept 1: turn pain upgrade heat room buy use measure food young
2022-05-09 03:41:49,769 : INFO : concept 2: body mat pile saver total pad neatly huge addition tank
