2022-05-09 03:12:37,277 : INFO : Train AUC: 0.9128
2022-05-09 03:12:37,280 : INFO : Test AUC: 0.9151
2022-05-09 03:12:37,280 : INFO : epoch 0/30:
2022-05-09 03:12:37,280 : INFO : Total loss: 82038.9323
2022-05-09 03:12:37,281 : INFO : SGNS loss: 46.1474
2022-05-09 03:12:37,281 : INFO : Dirichlet loss: -9848.6661
2022-05-09 03:12:37,281 : INFO : Prediction loss: 58683.5606
2022-05-09 03:12:37,281 : INFO : Diversity loss: 33157.8904
2022-05-09 03:12:37,284 : INFO : concept 1: straightforward clear carpet choose family pull morning deliver quick wash
2022-05-09 03:12:37,284 : INFO : concept 2: comfortable manufacturer lay blow cartridge poor reasonable tall badly wet
2022-05-09 03:12:41,280 : INFO : Train AUC: 0.9909
2022-05-09 03:12:41,282 : INFO : Test AUC: 0.9899
2022-05-09 03:12:41,283 : INFO : epoch 1/30:
2022-05-09 03:12:41,283 : INFO : Total loss: 25061.3750
2022-05-09 03:12:41,283 : INFO : SGNS loss: 46.1408
2022-05-09 03:12:41,283 : INFO : Dirichlet loss: -8905.1894
2022-05-09 03:12:41,283 : INFO : Prediction loss: 762.5329
2022-05-09 03:12:41,283 : INFO : Diversity loss: 33157.8907
2022-05-09 03:12:41,286 : INFO : concept 1: straightforward clear carpet choose family pull morning deliver quick wash
2022-05-09 03:12:41,287 : INFO : concept 2: comfortable manufacturer lay blow cartridge poor reasonable tall badly wet
2022-05-09 03:12:45,332 : INFO : Train AUC: 0.9240
2022-05-09 03:12:45,335 : INFO : Test AUC: 0.9167
2022-05-09 03:12:45,335 : INFO : epoch 2/30:
2022-05-09 03:12:45,335 : INFO : Total loss: 26884.1974
2022-05-09 03:12:45,335 : INFO : SGNS loss: 46.0505
2022-05-09 03:12:45,335 : INFO : Dirichlet loss: -6479.1744
2022-05-09 03:12:45,335 : INFO : Prediction loss: 159.4308
2022-05-09 03:12:45,335 : INFO : Diversity loss: 33157.8905
2022-05-09 03:12:45,339 : INFO : concept 1: straightforward clear carpet choose family pull morning deliver quick wash
2022-05-09 03:12:45,339 : INFO : concept 2: comfortable manufacturer lay blow cartridge poor reasonable tall badly wet
2022-05-09 03:12:49,361 : INFO : Train AUC: 0.9855
2022-05-09 03:12:49,363 : INFO : Test AUC: 0.9823
2022-05-09 03:12:49,364 : INFO : epoch 3/30:
2022-05-09 03:12:49,364 : INFO : Total loss: 25268.1041
2022-05-09 03:12:49,364 : INFO : SGNS loss: 46.0265
2022-05-09 03:12:49,364 : INFO : Dirichlet loss: -8030.1407
2022-05-09 03:12:49,364 : INFO : Prediction loss: 94.3278
2022-05-09 03:12:49,364 : INFO : Diversity loss: 33157.8906
2022-05-09 03:12:49,367 : INFO : concept 1: straightforward clear carpet choose family pull morning deliver quick wash
2022-05-09 03:12:49,367 : INFO : concept 2: comfortable manufacturer lay blow cartridge poor reasonable tall badly wet
2022-05-09 03:12:53,348 : INFO : Train AUC: 0.9874
2022-05-09 03:12:53,350 : INFO : Test AUC: 0.9843
2022-05-09 03:12:53,351 : INFO : epoch 4/30:
2022-05-09 03:12:53,351 : INFO : Total loss: 26555.4072
2022-05-09 03:12:53,351 : INFO : SGNS loss: 46.0265
2022-05-09 03:12:53,351 : INFO : Dirichlet loss: -6705.6855
2022-05-09 03:12:53,351 : INFO : Prediction loss: 57.1758
2022-05-09 03:12:53,351 : INFO : Diversity loss: 33157.8905
2022-05-09 03:12:53,355 : INFO : concept 1: straightforward clear carpet choose family pull morning deliver quick wash
2022-05-09 03:12:53,355 : INFO : concept 2: comfortable manufacturer lay blow cartridge poor reasonable tall badly wet
2022-05-09 03:12:57,351 : INFO : Train AUC: 0.9897
2022-05-09 03:12:57,354 : INFO : Test AUC: 0.9868
2022-05-09 03:12:57,354 : INFO : epoch 5/30:
2022-05-09 03:12:57,354 : INFO : Total loss: 27564.3958
2022-05-09 03:12:57,354 : INFO : SGNS loss: 46.0329
2022-05-09 03:12:57,355 : INFO : Dirichlet loss: -5686.8001
2022-05-09 03:12:57,355 : INFO : Prediction loss: 47.2727
2022-05-09 03:12:57,355 : INFO : Diversity loss: 33157.8903
2022-05-09 03:12:57,358 : INFO : concept 1: straightforward clear carpet choose family pull morning deliver quick wash
2022-05-09 03:12:57,358 : INFO : concept 2: comfortable manufacturer lay blow cartridge poor reasonable tall badly wet
2022-05-09 03:13:01,344 : INFO : Train AUC: 0.9911
2022-05-09 03:13:01,348 : INFO : Test AUC: 0.9878
2022-05-09 03:13:01,348 : INFO : epoch 6/30:
2022-05-09 03:13:01,348 : INFO : Total loss: 26531.7452
2022-05-09 03:13:01,349 : INFO : SGNS loss: 46.0365
2022-05-09 03:13:01,357 : INFO : Dirichlet loss: -6715.0881
2022-05-09 03:13:01,357 : INFO : Prediction loss: 42.9064
2022-05-09 03:13:01,361 : INFO : Diversity loss: 33157.8904
2022-05-09 03:13:01,365 : INFO : concept 1: straightforward clear carpet choose family pull morning deliver quick wash
2022-05-09 03:13:01,365 : INFO : concept 2: comfortable manufacturer lay blow cartridge poor reasonable tall badly wet
2022-05-09 03:13:05,368 : INFO : Train AUC: 0.9917
2022-05-09 03:13:05,371 : INFO : Test AUC: 0.9886
2022-05-09 03:13:05,371 : INFO : epoch 7/30:
2022-05-09 03:13:05,371 : INFO : Total loss: 27401.0945
2022-05-09 03:13:05,371 : INFO : SGNS loss: 46.0353
2022-05-09 03:13:05,371 : INFO : Dirichlet loss: -5842.6290
2022-05-09 03:13:05,371 : INFO : Prediction loss: 39.7977
2022-05-09 03:13:05,372 : INFO : Diversity loss: 33157.8905
2022-05-09 03:13:05,375 : INFO : concept 1: straightforward clear carpet choose family pull morning deliver quick wash
2022-05-09 03:13:05,375 : INFO : concept 2: comfortable manufacturer lay blow cartridge poor reasonable tall badly wet
2022-05-09 03:13:09,420 : INFO : Train AUC: 0.9925
2022-05-09 03:13:09,423 : INFO : Test AUC: 0.9893
2022-05-09 03:13:09,423 : INFO : epoch 8/30:
2022-05-09 03:13:09,423 : INFO : Total loss: 27740.0375
2022-05-09 03:13:09,423 : INFO : SGNS loss: 46.0348
2022-05-09 03:13:09,423 : INFO : Dirichlet loss: -5500.7369
2022-05-09 03:13:09,423 : INFO : Prediction loss: 36.8490
2022-05-09 03:13:09,423 : INFO : Diversity loss: 33157.8906
2022-05-09 03:13:09,427 : INFO : concept 1: straightforward clear carpet choose family pull morning deliver quick wash
2022-05-09 03:13:09,427 : INFO : concept 2: comfortable manufacturer lay blow cartridge poor reasonable tall badly wet
2022-05-09 03:13:13,455 : INFO : Train AUC: 0.9931
2022-05-09 03:13:13,458 : INFO : Test AUC: 0.9906
2022-05-09 03:13:13,458 : INFO : epoch 9/30:
2022-05-09 03:13:13,458 : INFO : Total loss: 28486.6511
2022-05-09 03:13:13,458 : INFO : SGNS loss: 46.0333
2022-05-09 03:13:13,458 : INFO : Dirichlet loss: -4751.7402
2022-05-09 03:13:13,458 : INFO : Prediction loss: 34.4675
2022-05-09 03:13:13,459 : INFO : Diversity loss: 33157.8905
2022-05-09 03:13:13,462 : INFO : concept 1: straightforward clear carpet choose family pull morning deliver quick wash
2022-05-09 03:13:13,462 : INFO : concept 2: comfortable manufacturer lay blow cartridge poor reasonable tall badly wet
2022-05-09 03:13:17,522 : INFO : Train AUC: 0.9936
2022-05-09 03:13:17,524 : INFO : Test AUC: 0.9911
2022-05-09 03:13:17,525 : INFO : epoch 10/30:
2022-05-09 03:13:17,525 : INFO : Total loss: 27003.6459
2022-05-09 03:13:17,525 : INFO : SGNS loss: 46.0370
2022-05-09 03:13:17,525 : INFO : Dirichlet loss: -6233.2955
2022-05-09 03:13:17,525 : INFO : Prediction loss: 33.0140
2022-05-09 03:13:17,525 : INFO : Diversity loss: 33157.8905
2022-05-09 03:13:17,528 : INFO : concept 1: straightforward clear carpet choose family pull morning deliver quick wash
2022-05-09 03:13:17,528 : INFO : concept 2: comfortable manufacturer lay blow cartridge poor reasonable tall badly wet
2022-05-09 03:13:21,540 : INFO : Train AUC: 0.9942
2022-05-09 03:13:21,543 : INFO : Test AUC: 0.9918
2022-05-09 03:13:21,543 : INFO : epoch 11/30:
2022-05-09 03:13:21,543 : INFO : Total loss: 28009.5229
2022-05-09 03:13:21,543 : INFO : SGNS loss: 46.0392
2022-05-09 03:13:21,544 : INFO : Dirichlet loss: -5224.9479
2022-05-09 03:13:21,544 : INFO : Prediction loss: 30.5407
2022-05-09 03:13:21,544 : INFO : Diversity loss: 33157.8909
2022-05-09 03:13:21,547 : INFO : concept 1: straightforward clear carpet choose family pull morning deliver quick wash
2022-05-09 03:13:21,547 : INFO : concept 2: comfortable manufacturer lay blow cartridge poor reasonable tall badly wet
2022-05-09 03:13:25,539 : INFO : Train AUC: 0.9945
2022-05-09 03:13:25,542 : INFO : Test AUC: 0.9923
2022-05-09 03:13:25,542 : INFO : epoch 12/30:
2022-05-09 03:13:25,543 : INFO : Total loss: 28791.6203
2022-05-09 03:13:25,543 : INFO : SGNS loss: 46.0340
2022-05-09 03:13:25,543 : INFO : Dirichlet loss: -4441.0691
2022-05-09 03:13:25,543 : INFO : Prediction loss: 28.7648
2022-05-09 03:13:25,543 : INFO : Diversity loss: 33157.8906
2022-05-09 03:13:25,546 : INFO : concept 1: straightforward clear carpet choose family pull morning deliver quick wash
2022-05-09 03:13:25,546 : INFO : concept 2: comfortable manufacturer lay blow cartridge poor reasonable tall badly wet
2022-05-09 03:13:29,590 : INFO : Train AUC: 0.9947
2022-05-09 03:13:29,592 : INFO : Test AUC: 0.9925
2022-05-09 03:13:29,592 : INFO : epoch 13/30:
2022-05-09 03:13:29,593 : INFO : Total loss: 28387.2626
2022-05-09 03:13:29,593 : INFO : SGNS loss: 46.0386
2022-05-09 03:13:29,593 : INFO : Dirichlet loss: -4844.5736
2022-05-09 03:13:29,593 : INFO : Prediction loss: 27.9070
2022-05-09 03:13:29,593 : INFO : Diversity loss: 33157.8905
2022-05-09 03:13:29,597 : INFO : concept 1: straightforward clear carpet choose family pull morning deliver quick wash
2022-05-09 03:13:29,597 : INFO : concept 2: comfortable manufacturer lay blow cartridge poor reasonable tall badly wet
2022-05-09 03:13:33,632 : INFO : Train AUC: 0.9952
2022-05-09 03:13:33,634 : INFO : Test AUC: 0.9932
2022-05-09 03:13:33,634 : INFO : epoch 14/30:
2022-05-09 03:13:33,635 : INFO : Total loss: 28283.4365
2022-05-09 03:13:33,635 : INFO : SGNS loss: 46.0372
2022-05-09 03:13:33,635 : INFO : Dirichlet loss: -4946.5162
2022-05-09 03:13:33,635 : INFO : Prediction loss: 26.0251
2022-05-09 03:13:33,635 : INFO : Diversity loss: 33157.8904
2022-05-09 03:13:33,638 : INFO : concept 1: straightforward clear carpet choose family pull morning deliver quick wash
2022-05-09 03:13:33,638 : INFO : concept 2: comfortable manufacturer lay blow cartridge poor reasonable tall badly wet
2022-05-09 03:13:37,927 : INFO : Train AUC: 0.9926
2022-05-09 03:13:37,930 : INFO : Test AUC: 0.9915
2022-05-09 03:13:37,930 : INFO : epoch 15/30:
2022-05-09 03:13:37,930 : INFO : Total loss: 8358.0654
2022-05-09 03:13:37,930 : INFO : SGNS loss: 22.7967
2022-05-09 03:13:37,931 : INFO : Dirichlet loss: -10215.4814
2022-05-09 03:13:37,931 : INFO : Prediction loss: 36.7993
2022-05-09 03:13:37,931 : INFO : Diversity loss: 18513.9509
2022-05-09 03:13:37,934 : INFO : concept 1: easy great use buy price look money quality excellent recommend
2022-05-09 03:13:37,934 : INFO : concept 2: ease bookcase app mop performance offer window blender wooden tool
2022-05-09 03:13:42,238 : INFO : Train AUC: 0.9929
2022-05-09 03:13:42,241 : INFO : Test AUC: 0.9916
2022-05-09 03:13:42,242 : INFO : epoch 16/30:
2022-05-09 03:13:42,242 : INFO : Total loss: -16287.5572
2022-05-09 03:13:42,242 : INFO : SGNS loss: 14.9382
2022-05-09 03:13:42,242 : INFO : Dirichlet loss: -10361.6328
2022-05-09 03:13:42,242 : INFO : Prediction loss: 35.2293
2022-05-09 03:13:42,242 : INFO : Diversity loss: -5976.0919
2022-05-09 03:13:42,246 : INFO : concept 1: great use easy buy look price little excellent perfect fit
2022-05-09 03:13:42,246 : INFO : concept 2: slight prove telephone local yes chrome fold send cord fresh
2022-05-09 03:13:46,559 : INFO : Train AUC: 0.9930
2022-05-09 03:13:46,562 : INFO : Test AUC: 0.9920
2022-05-09 03:13:46,562 : INFO : epoch 17/30:
2022-05-09 03:13:46,562 : INFO : Total loss: -25021.7972
2022-05-09 03:13:46,562 : INFO : SGNS loss: 14.8968
2022-05-09 03:13:46,562 : INFO : Dirichlet loss: -10361.6328
2022-05-09 03:13:46,562 : INFO : Prediction loss: 34.1152
2022-05-09 03:13:46,563 : INFO : Diversity loss: -14709.1764
2022-05-09 03:13:46,565 : INFO : concept 1: great price quality money use look easy item buy time
2022-05-09 03:13:46,566 : INFO : concept 2: cleaning intend search manual previously prove gorgeous corner eventually awkward
2022-05-09 03:13:50,875 : INFO : Train AUC: 0.9933
2022-05-09 03:13:50,878 : INFO : Test AUC: 0.9927
2022-05-09 03:13:50,878 : INFO : epoch 18/30:
2022-05-09 03:13:50,878 : INFO : Total loss: -28433.2372
2022-05-09 03:13:50,878 : INFO : SGNS loss: 14.9031
2022-05-09 03:13:50,878 : INFO : Dirichlet loss: -10361.6328
2022-05-09 03:13:50,878 : INFO : Prediction loss: 33.3505
2022-05-09 03:13:50,878 : INFO : Diversity loss: -18119.8580
2022-05-09 03:13:50,882 : INFO : concept 1: great price easy use problem buy money look room work
2022-05-09 03:13:50,882 : INFO : concept 2: awkward plain app fixing course initially sorry fair improve heater
2022-05-09 03:13:55,156 : INFO : Train AUC: 0.9935
2022-05-09 03:13:55,159 : INFO : Test AUC: 0.9929
2022-05-09 03:13:55,159 : INFO : epoch 19/30:
2022-05-09 03:13:55,159 : INFO : Total loss: -29655.5694
2022-05-09 03:13:55,159 : INFO : SGNS loss: 14.9069
2022-05-09 03:13:55,159 : INFO : Dirichlet loss: -10361.6328
2022-05-09 03:13:55,160 : INFO : Prediction loss: 32.5605
2022-05-09 03:13:55,160 : INFO : Diversity loss: -19341.4040
2022-05-09 03:13:55,163 : INFO : concept 1: use great buy purchase price look easy function work love
2022-05-09 03:13:55,164 : INFO : concept 2: moment xmas awesome website mention local winter similar improvement note
2022-05-09 03:13:59,478 : INFO : Train AUC: 0.9936
2022-05-09 03:13:59,481 : INFO : Test AUC: 0.9929
2022-05-09 03:13:59,481 : INFO : epoch 20/30:
2022-05-09 03:13:59,481 : INFO : Total loss: -30186.5110
2022-05-09 03:13:59,481 : INFO : SGNS loss: 14.9103
2022-05-09 03:13:59,481 : INFO : Dirichlet loss: -10361.6327
2022-05-09 03:13:59,482 : INFO : Prediction loss: 31.9957
2022-05-09 03:13:59,482 : INFO : Diversity loss: -19871.7843
2022-05-09 03:13:59,485 : INFO : concept 1: buy easy look excellent quality extension great phone use robust
2022-05-09 03:13:59,485 : INFO : concept 2: special fix happen section limited absolute daily fully loose improve
2022-05-09 03:14:03,844 : INFO : Train AUC: 0.9936
2022-05-09 03:14:03,847 : INFO : Test AUC: 0.9931
2022-05-09 03:14:03,847 : INFO : epoch 21/30:
2022-05-09 03:14:03,847 : INFO : Total loss: -30460.6337
2022-05-09 03:14:03,847 : INFO : SGNS loss: 14.9142
2022-05-09 03:14:03,847 : INFO : Dirichlet loss: -10361.6328
2022-05-09 03:14:03,848 : INFO : Prediction loss: 31.5299
2022-05-09 03:14:03,848 : INFO : Diversity loss: -20145.4450
2022-05-09 03:14:03,851 : INFO : concept 1: great buy use easy look choose quality room printer purchase
2022-05-09 03:14:03,851 : INFO : concept 2: complicated mother eat bedside improvement draw complaint later manual pop
2022-05-09 03:14:08,131 : INFO : Train AUC: 0.9937
2022-05-09 03:14:08,134 : INFO : Test AUC: 0.9933
2022-05-09 03:14:08,134 : INFO : epoch 22/30:
2022-05-09 03:14:08,134 : INFO : Total loss: -30620.3404
2022-05-09 03:14:08,134 : INFO : SGNS loss: 14.9146
2022-05-09 03:14:08,134 : INFO : Dirichlet loss: -10361.6328
2022-05-09 03:14:08,134 : INFO : Prediction loss: 31.1702
2022-05-09 03:14:08,134 : INFO : Diversity loss: -20304.7924
2022-05-09 03:14:08,138 : INFO : concept 1: great look need money quality excellent job easy purchase use
2022-05-09 03:14:08,138 : INFO : concept 2: tiny requirement seal tricky body girl hopefully burn bulky measure
2022-05-09 03:14:12,431 : INFO : Train AUC: 0.9938
2022-05-09 03:14:12,434 : INFO : Test AUC: 0.9934
2022-05-09 03:14:12,434 : INFO : epoch 23/30:
2022-05-09 03:14:12,434 : INFO : Total loss: -30721.8176
2022-05-09 03:14:12,435 : INFO : SGNS loss: 14.9160
2022-05-09 03:14:12,435 : INFO : Dirichlet loss: -10361.6328
2022-05-09 03:14:12,435 : INFO : Prediction loss: 30.7337
2022-05-09 03:14:12,435 : INFO : Diversity loss: -20405.8345
2022-05-09 03:14:12,438 : INFO : concept 1: easy great quality buy look recommend price work excellent use
2022-05-09 03:14:12,438 : INFO : concept 2: lay straightforward finally despite safe pain fail awful term fresh
2022-05-09 03:14:16,732 : INFO : Train AUC: 0.9938
2022-05-09 03:14:16,735 : INFO : Test AUC: 0.9936
2022-05-09 03:14:16,736 : INFO : epoch 24/30:
2022-05-09 03:14:16,736 : INFO : Total loss: -30790.4590
2022-05-09 03:14:16,736 : INFO : SGNS loss: 14.9152
2022-05-09 03:14:16,736 : INFO : Dirichlet loss: -10361.6328
2022-05-09 03:14:16,736 : INFO : Prediction loss: 30.2948
2022-05-09 03:14:16,737 : INFO : Diversity loss: -20474.0361
2022-05-09 03:14:16,740 : INFO : concept 1: use great buy iron price easy amazing feel sound look
2022-05-09 03:14:16,740 : INFO : concept 2: collection durable pleasantly notice diy fresh granddaughter gap moment min
2022-05-09 03:14:21,057 : INFO : Train AUC: 0.9938
2022-05-09 03:14:21,059 : INFO : Test AUC: 0.9937
2022-05-09 03:14:21,060 : INFO : epoch 25/30:
2022-05-09 03:14:21,060 : INFO : Total loss: -30838.8478
2022-05-09 03:14:21,060 : INFO : SGNS loss: 14.9191
2022-05-09 03:14:21,060 : INFO : Dirichlet loss: -10361.6328
2022-05-09 03:14:21,060 : INFO : Prediction loss: 30.1774
2022-05-09 03:14:21,060 : INFO : Diversity loss: -20522.3115
2022-05-09 03:14:21,064 : INFO : concept 1: buy great look easy price heavy money recommend lamp need
2022-05-09 03:14:21,064 : INFO : concept 2: trouble looking careful later tend unable brown graphic mess elegant
2022-05-09 03:14:25,335 : INFO : Train AUC: 0.9939
2022-05-09 03:14:25,338 : INFO : Test AUC: 0.9938
2022-05-09 03:14:25,338 : INFO : epoch 26/30:
2022-05-09 03:14:25,338 : INFO : Total loss: -30874.4151
2022-05-09 03:14:25,338 : INFO : SGNS loss: 14.9170
2022-05-09 03:14:25,338 : INFO : Dirichlet loss: -10361.6329
2022-05-09 03:14:25,338 : INFO : Prediction loss: 30.0814
2022-05-09 03:14:25,338 : INFO : Diversity loss: -20557.7807
2022-05-09 03:14:25,342 : INFO : concept 1: money look son great easy price small excellent use recommend
2022-05-09 03:14:25,342 : INFO : concept 2: requirement durable affordable receive lay slip dial course eventually improvement
2022-05-09 03:14:29,638 : INFO : Train AUC: 0.9940
2022-05-09 03:14:29,641 : INFO : Test AUC: 0.9939
2022-05-09 03:14:29,641 : INFO : epoch 27/30:
2022-05-09 03:14:29,641 : INFO : Total loss: -30901.5448
2022-05-09 03:14:29,641 : INFO : SGNS loss: 14.9191
2022-05-09 03:14:29,641 : INFO : Dirichlet loss: -10361.6328
2022-05-09 03:14:29,642 : INFO : Prediction loss: 29.8017
2022-05-09 03:14:29,642 : INFO : Diversity loss: -20584.6329
2022-05-09 03:14:29,645 : INFO : concept 1: buy use quality little easy money far look excellent find
2022-05-09 03:14:29,645 : INFO : concept 2: stock criticism happen alot brilliantly appliance future staff glue sky
2022-05-09 03:14:33,913 : INFO : Train AUC: 0.9940
2022-05-09 03:14:33,916 : INFO : Test AUC: 0.9940
2022-05-09 03:14:33,916 : INFO : epoch 28/30:
2022-05-09 03:14:33,916 : INFO : Total loss: -30922.3381
2022-05-09 03:14:33,917 : INFO : SGNS loss: 14.9182
2022-05-09 03:14:33,917 : INFO : Dirichlet loss: -10361.6329
2022-05-09 03:14:33,917 : INFO : Prediction loss: 29.8457
2022-05-09 03:14:33,917 : INFO : Diversity loss: -20605.4691
2022-05-09 03:14:33,920 : INFO : concept 1: great easy requirement money excellent buy look use fit want
2022-05-09 03:14:33,921 : INFO : concept 2: bedside surface accessory gorgeous tile bottle dust arm separate satisfied
2022-05-09 03:14:38,234 : INFO : Train AUC: 0.9939
2022-05-09 03:14:38,237 : INFO : Test AUC: 0.9940
2022-05-09 03:14:38,237 : INFO : epoch 29/30:
2022-05-09 03:14:38,237 : INFO : Total loss: -30939.0300
2022-05-09 03:14:38,237 : INFO : SGNS loss: 14.9197
2022-05-09 03:14:38,237 : INFO : Dirichlet loss: -10361.6328
2022-05-09 03:14:38,238 : INFO : Prediction loss: 29.6554
2022-05-09 03:14:38,238 : INFO : Diversity loss: -20621.9722
2022-05-09 03:14:38,241 : INFO : concept 1: easy great money use buy recommend work fit problem look
2022-05-09 03:14:38,241 : INFO : concept 2: fresh finally hassle sleek answer advise wow nearly blade mother
