2022-05-09 05:50:53,518 : INFO : Train AUC: 0.4764
2022-05-09 05:50:53,522 : INFO : Test AUC: 0.4761
2022-05-09 05:50:53,522 : INFO : epoch 0/30:
2022-05-09 05:50:53,522 : INFO : Total loss: 115561.5474
2022-05-09 05:50:53,522 : INFO : SGNS loss: 46.5274
2022-05-09 05:50:53,522 : INFO : Dirichlet loss: -773.6121
2022-05-09 05:50:53,522 : INFO : Prediction loss: 83129.1961
2022-05-09 05:50:53,523 : INFO : Diversity loss: 33159.4360
2022-05-09 05:50:53,526 : INFO : concept 1: model section middle blow christmas phone people new volume assembly
2022-05-09 05:50:53,526 : INFO : concept 2: forward different style expect device decide idea charge later little
2022-05-09 05:50:57,735 : INFO : Train AUC: 0.4999
2022-05-09 05:50:57,737 : INFO : Test AUC: 0.4996
2022-05-09 05:50:57,738 : INFO : epoch 1/30:
2022-05-09 05:50:57,738 : INFO : Total loss: 55398.3453
2022-05-09 05:50:57,738 : INFO : SGNS loss: 46.4950
2022-05-09 05:50:57,738 : INFO : Dirichlet loss: -667.5941
2022-05-09 05:50:57,738 : INFO : Prediction loss: 22860.0085
2022-05-09 05:50:57,738 : INFO : Diversity loss: 33159.4359
2022-05-09 05:50:57,742 : INFO : concept 1: model section middle blow christmas phone people new volume assembly
2022-05-09 05:50:57,742 : INFO : concept 2: forward different style expect device decide idea charge later little
2022-05-09 05:51:01,974 : INFO : Train AUC: 0.2639
2022-05-09 05:51:01,977 : INFO : Test AUC: 0.2778
2022-05-09 05:51:01,977 : INFO : epoch 2/30:
2022-05-09 05:51:01,977 : INFO : Total loss: 33816.4155
2022-05-09 05:51:01,977 : INFO : SGNS loss: 46.1198
2022-05-09 05:51:01,977 : INFO : Dirichlet loss: -1030.2553
2022-05-09 05:51:01,978 : INFO : Prediction loss: 1641.1149
2022-05-09 05:51:01,978 : INFO : Diversity loss: 33159.4361
2022-05-09 05:51:01,981 : INFO : concept 1: model section middle blow christmas phone people new volume assembly
2022-05-09 05:51:01,981 : INFO : concept 2: forward different style expect device decide idea charge later little
2022-05-09 05:51:06,173 : INFO : Train AUC: 0.1766
2022-05-09 05:51:06,175 : INFO : Test AUC: 0.1858
2022-05-09 05:51:06,176 : INFO : epoch 3/30:
2022-05-09 05:51:06,176 : INFO : Total loss: 33584.6845
2022-05-09 05:51:06,176 : INFO : SGNS loss: 46.1244
2022-05-09 05:51:06,176 : INFO : Dirichlet loss: -797.3838
2022-05-09 05:51:06,176 : INFO : Prediction loss: 1176.5081
2022-05-09 05:51:06,176 : INFO : Diversity loss: 33159.4357
2022-05-09 05:51:06,180 : INFO : concept 1: model section middle blow christmas phone people new volume assembly
2022-05-09 05:51:06,180 : INFO : concept 2: forward different style expect device decide idea charge later little
2022-05-09 05:51:10,337 : INFO : Train AUC: 0.2016
2022-05-09 05:51:10,340 : INFO : Test AUC: 0.2099
2022-05-09 05:51:10,341 : INFO : epoch 4/30:
2022-05-09 05:51:10,341 : INFO : Total loss: 33185.7373
2022-05-09 05:51:10,341 : INFO : SGNS loss: 46.1260
2022-05-09 05:51:10,341 : INFO : Dirichlet loss: -770.8790
2022-05-09 05:51:10,341 : INFO : Prediction loss: 751.0542
2022-05-09 05:51:10,341 : INFO : Diversity loss: 33159.4361
2022-05-09 05:51:10,345 : INFO : concept 1: model section middle blow christmas phone people new volume assembly
2022-05-09 05:51:10,345 : INFO : concept 2: forward different style expect device decide idea charge later little
2022-05-09 05:51:14,523 : INFO : Train AUC: 0.2402
2022-05-09 05:51:14,526 : INFO : Test AUC: 0.2427
2022-05-09 05:51:14,526 : INFO : epoch 5/30:
2022-05-09 05:51:14,526 : INFO : Total loss: 32878.4279
2022-05-09 05:51:14,526 : INFO : SGNS loss: 46.2381
2022-05-09 05:51:14,526 : INFO : Dirichlet loss: -745.7402
2022-05-09 05:51:14,527 : INFO : Prediction loss: 418.4940
2022-05-09 05:51:14,527 : INFO : Diversity loss: 33159.4359
2022-05-09 05:51:14,530 : INFO : concept 1: model section middle blow christmas phone people new volume assembly
2022-05-09 05:51:14,530 : INFO : concept 2: forward different style expect device decide idea charge later little
2022-05-09 05:51:18,729 : INFO : Train AUC: 0.5867
2022-05-09 05:51:18,732 : INFO : Test AUC: 0.5748
2022-05-09 05:51:18,732 : INFO : epoch 6/30:
2022-05-09 05:51:18,733 : INFO : Total loss: 32478.7231
2022-05-09 05:51:18,733 : INFO : SGNS loss: 46.1724
2022-05-09 05:51:18,733 : INFO : Dirichlet loss: -912.1850
2022-05-09 05:51:18,733 : INFO : Prediction loss: 185.2997
2022-05-09 05:51:18,733 : INFO : Diversity loss: 33159.4360
2022-05-09 05:51:18,737 : INFO : concept 1: model section middle blow christmas phone people new volume assembly
2022-05-09 05:51:18,737 : INFO : concept 2: forward different style expect device decide idea charge later little
2022-05-09 05:51:22,927 : INFO : Train AUC: 0.6277
2022-05-09 05:51:22,930 : INFO : Test AUC: 0.6117
2022-05-09 05:51:22,930 : INFO : epoch 7/30:
2022-05-09 05:51:22,930 : INFO : Total loss: 32413.9988
2022-05-09 05:51:22,931 : INFO : SGNS loss: 46.2022
2022-05-09 05:51:22,931 : INFO : Dirichlet loss: -886.4184
2022-05-09 05:51:22,931 : INFO : Prediction loss: 94.7787
2022-05-09 05:51:22,931 : INFO : Diversity loss: 33159.4363
2022-05-09 05:51:22,935 : INFO : concept 1: model section middle blow christmas phone people new volume assembly
2022-05-09 05:51:22,935 : INFO : concept 2: forward different style expect device decide idea charge later little
2022-05-09 05:51:27,111 : INFO : Train AUC: 0.1488
2022-05-09 05:51:27,114 : INFO : Test AUC: 0.1514
2022-05-09 05:51:27,115 : INFO : epoch 8/30:
2022-05-09 05:51:27,115 : INFO : Total loss: 32476.2327
2022-05-09 05:51:27,115 : INFO : SGNS loss: 46.2099
2022-05-09 05:51:27,115 : INFO : Dirichlet loss: -815.2120
2022-05-09 05:51:27,115 : INFO : Prediction loss: 85.7988
2022-05-09 05:51:27,115 : INFO : Diversity loss: 33159.4360
2022-05-09 05:51:27,119 : INFO : concept 1: model section middle blow christmas phone people new volume assembly
2022-05-09 05:51:27,119 : INFO : concept 2: forward different style expect device decide idea charge later little
2022-05-09 05:51:31,281 : INFO : Train AUC: 0.7625
2022-05-09 05:51:31,284 : INFO : Test AUC: 0.7492
2022-05-09 05:51:31,284 : INFO : epoch 9/30:
2022-05-09 05:51:31,285 : INFO : Total loss: 32607.4483
2022-05-09 05:51:31,285 : INFO : SGNS loss: 46.2193
2022-05-09 05:51:31,285 : INFO : Dirichlet loss: -682.8281
2022-05-09 05:51:31,285 : INFO : Prediction loss: 84.6212
2022-05-09 05:51:31,285 : INFO : Diversity loss: 33159.4359
2022-05-09 05:51:31,288 : INFO : concept 1: model section middle blow christmas phone people new volume assembly
2022-05-09 05:51:31,289 : INFO : concept 2: forward different style expect device decide idea charge later little
2022-05-09 05:51:35,481 : INFO : Train AUC: 0.6989
2022-05-09 05:51:35,485 : INFO : Test AUC: 0.6709
2022-05-09 05:51:35,485 : INFO : epoch 10/30:
2022-05-09 05:51:35,485 : INFO : Total loss: 32625.0996
2022-05-09 05:51:35,485 : INFO : SGNS loss: 46.2269
2022-05-09 05:51:35,485 : INFO : Dirichlet loss: -660.3514
2022-05-09 05:51:35,485 : INFO : Prediction loss: 79.7882
2022-05-09 05:51:35,486 : INFO : Diversity loss: 33159.4360
2022-05-09 05:51:35,489 : INFO : concept 1: model section middle blow christmas phone people new volume assembly
2022-05-09 05:51:35,489 : INFO : concept 2: forward different style expect device decide idea charge later little
2022-05-09 05:51:39,632 : INFO : Train AUC: 0.1597
2022-05-09 05:51:39,634 : INFO : Test AUC: 0.1595
2022-05-09 05:51:39,635 : INFO : epoch 11/30:
2022-05-09 05:51:39,635 : INFO : Total loss: 32656.0392
2022-05-09 05:51:39,635 : INFO : SGNS loss: 46.2406
2022-05-09 05:51:39,635 : INFO : Dirichlet loss: -626.4711
2022-05-09 05:51:39,635 : INFO : Prediction loss: 76.8340
2022-05-09 05:51:39,636 : INFO : Diversity loss: 33159.4357
2022-05-09 05:51:39,639 : INFO : concept 1: model section middle blow christmas phone people new volume assembly
2022-05-09 05:51:39,639 : INFO : concept 2: forward different style expect device decide idea charge later little
2022-05-09 05:51:43,806 : INFO : Train AUC: 0.8212
2022-05-09 05:51:43,809 : INFO : Test AUC: 0.7961
2022-05-09 05:51:43,810 : INFO : epoch 12/30:
2022-05-09 05:51:43,810 : INFO : Total loss: 32637.5127
2022-05-09 05:51:43,810 : INFO : SGNS loss: 46.2180
2022-05-09 05:51:43,810 : INFO : Dirichlet loss: -648.2619
2022-05-09 05:51:43,810 : INFO : Prediction loss: 80.1208
2022-05-09 05:51:43,811 : INFO : Diversity loss: 33159.4359
2022-05-09 05:51:43,815 : INFO : concept 1: model section middle blow christmas phone people new volume assembly
2022-05-09 05:51:43,815 : INFO : concept 2: forward different style expect device decide idea charge later little
2022-05-09 05:51:48,003 : INFO : Train AUC: 0.7565
2022-05-09 05:51:48,007 : INFO : Test AUC: 0.7114
2022-05-09 05:51:48,007 : INFO : epoch 13/30:
2022-05-09 05:51:48,007 : INFO : Total loss: 32662.8930
2022-05-09 05:51:48,007 : INFO : SGNS loss: 46.2499
2022-05-09 05:51:48,007 : INFO : Dirichlet loss: -615.1912
2022-05-09 05:51:48,008 : INFO : Prediction loss: 72.3985
2022-05-09 05:51:48,008 : INFO : Diversity loss: 33159.4358
2022-05-09 05:51:48,012 : INFO : concept 1: model section middle blow christmas phone people new volume assembly
2022-05-09 05:51:48,012 : INFO : concept 2: forward different style expect device decide idea charge later little
2022-05-09 05:51:52,166 : INFO : Train AUC: 0.1698
2022-05-09 05:51:52,169 : INFO : Test AUC: 0.1579
2022-05-09 05:51:52,169 : INFO : epoch 14/30:
2022-05-09 05:51:52,169 : INFO : Total loss: 32627.4214
2022-05-09 05:51:52,169 : INFO : SGNS loss: 46.2593
2022-05-09 05:51:52,170 : INFO : Dirichlet loss: -648.0609
2022-05-09 05:51:52,170 : INFO : Prediction loss: 69.7870
2022-05-09 05:51:52,170 : INFO : Diversity loss: 33159.4359
2022-05-09 05:51:52,173 : INFO : concept 1: model section middle blow christmas phone people new volume assembly
2022-05-09 05:51:52,174 : INFO : concept 2: forward different style expect device decide idea charge later little
2022-05-09 05:51:56,647 : INFO : Train AUC: 0.7996
2022-05-09 05:51:56,650 : INFO : Test AUC: 0.8007
2022-05-09 05:51:56,650 : INFO : epoch 15/30:
2022-05-09 05:51:56,651 : INFO : Total loss: 17531.0081
2022-05-09 05:51:56,651 : INFO : SGNS loss: 22.8251
2022-05-09 05:51:56,651 : INFO : Dirichlet loss: -1025.5404
2022-05-09 05:51:56,651 : INFO : Prediction loss: 80.5712
2022-05-09 05:51:56,651 : INFO : Diversity loss: 18453.1522
2022-05-09 05:51:56,654 : INFO : concept 1: roll fix model grill downside people useless oven assembly cat
2022-05-09 05:51:56,655 : INFO : concept 2: great easy buy use price quality look work excellent money
2022-05-09 05:52:01,124 : INFO : Train AUC: 0.6564
2022-05-09 05:52:01,128 : INFO : Test AUC: 0.6604
2022-05-09 05:52:01,128 : INFO : epoch 16/30:
2022-05-09 05:52:01,128 : INFO : Total loss: -6936.9695
2022-05-09 05:52:01,128 : INFO : SGNS loss: 14.9406
2022-05-09 05:52:01,128 : INFO : Dirichlet loss: -1036.1633
2022-05-09 05:52:01,128 : INFO : Prediction loss: 78.0206
2022-05-09 05:52:01,128 : INFO : Diversity loss: -5993.7673
2022-05-09 05:52:01,132 : INFO : concept 1: test bill trouble terrible suggest telephone bush paint tap awesome
2022-05-09 05:52:01,132 : INFO : concept 2: great easy use price buy look quality money recommend work
2022-05-09 05:52:05,607 : INFO : Train AUC: 0.1445
2022-05-09 05:52:05,610 : INFO : Test AUC: 0.1465
2022-05-09 05:52:05,610 : INFO : epoch 17/30:
2022-05-09 05:52:05,610 : INFO : Total loss: -15615.9267
2022-05-09 05:52:05,610 : INFO : SGNS loss: 14.8962
2022-05-09 05:52:05,611 : INFO : Dirichlet loss: -1036.1633
2022-05-09 05:52:05,611 : INFO : Prediction loss: 77.6257
2022-05-09 05:52:05,611 : INFO : Diversity loss: -14672.2853
2022-05-09 05:52:05,614 : INFO : concept 1: sorry finger answer perform fiddly hassle mess delighted hopefully smell
2022-05-09 05:52:05,614 : INFO : concept 2: great easy price quality use purchase buy money excellent toilet
2022-05-09 05:52:10,085 : INFO : Train AUC: 0.8356
2022-05-09 05:52:10,088 : INFO : Test AUC: 0.8362
2022-05-09 05:52:10,089 : INFO : epoch 18/30:
2022-05-09 05:52:10,089 : INFO : Total loss: -19046.2297
2022-05-09 05:52:10,089 : INFO : SGNS loss: 14.9027
2022-05-09 05:52:10,089 : INFO : Dirichlet loss: -1036.1633
2022-05-09 05:52:10,089 : INFO : Prediction loss: 78.8848
2022-05-09 05:52:10,089 : INFO : Diversity loss: -18103.8540
2022-05-09 05:52:10,093 : INFO : concept 1: film pet iphone programme reserve grandson bulky stock particularly hardly
2022-05-09 05:52:10,093 : INFO : concept 2: look great easy need use brilliant item buy hand little
2022-05-09 05:52:14,530 : INFO : Train AUC: 0.6824
2022-05-09 05:52:14,533 : INFO : Test AUC: 0.6894
2022-05-09 05:52:14,533 : INFO : epoch 19/30:
2022-05-09 05:52:14,533 : INFO : Total loss: -20278.9792
2022-05-09 05:52:14,533 : INFO : SGNS loss: 14.9065
2022-05-09 05:52:14,533 : INFO : Dirichlet loss: -1036.1633
2022-05-09 05:52:14,534 : INFO : Prediction loss: 76.1247
2022-05-09 05:52:14,534 : INFO : Diversity loss: -19333.8471
2022-05-09 05:52:14,537 : INFO : concept 1: brilliantly slight guess mark wooden usually patio height bookcase appliance
2022-05-09 05:52:14,537 : INFO : concept 2: excellent great money buy easy quality room look use happy
2022-05-09 05:52:19,053 : INFO : Train AUC: 0.1456
2022-05-09 05:52:19,056 : INFO : Test AUC: 0.1453
2022-05-09 05:52:19,056 : INFO : epoch 20/30:
2022-05-09 05:52:19,057 : INFO : Total loss: -20812.6428
2022-05-09 05:52:19,057 : INFO : SGNS loss: 14.9149
2022-05-09 05:52:19,057 : INFO : Dirichlet loss: -1036.1633
2022-05-09 05:52:19,057 : INFO : Prediction loss: 76.0793
2022-05-09 05:52:19,057 : INFO : Diversity loss: -19867.4737
2022-05-09 05:52:19,061 : INFO : concept 1: versatile relatively access glue finally badly mode cabinet measure angle
2022-05-09 05:52:19,061 : INFO : concept 2: great use easy excellent look quality item buy large nice
2022-05-09 05:52:23,543 : INFO : Train AUC: 0.8613
2022-05-09 05:52:23,546 : INFO : Test AUC: 0.8628
2022-05-09 05:52:23,547 : INFO : epoch 21/30:
2022-05-09 05:52:23,547 : INFO : Total loss: -21085.7647
2022-05-09 05:52:23,547 : INFO : SGNS loss: 14.9108
2022-05-09 05:52:23,547 : INFO : Dirichlet loss: -1036.1633
2022-05-09 05:52:23,547 : INFO : Prediction loss: 78.1467
2022-05-09 05:52:23,547 : INFO : Diversity loss: -20142.6589
2022-05-09 05:52:23,551 : INFO : concept 1: note advise rating constantly reduce young film brilliantly worktop lay
2022-05-09 05:52:23,551 : INFO : concept 2: great use price easy excellent buy look small nice quality
2022-05-09 05:52:27,973 : INFO : Train AUC: 0.7012
2022-05-09 05:52:27,976 : INFO : Test AUC: 0.7100
2022-05-09 05:52:27,976 : INFO : epoch 22/30:
2022-05-09 05:52:27,976 : INFO : Total loss: -21248.5537
2022-05-09 05:52:27,977 : INFO : SGNS loss: 14.9135
2022-05-09 05:52:27,977 : INFO : Dirichlet loss: -1036.1633
2022-05-09 05:52:27,977 : INFO : Prediction loss: 75.5341
2022-05-09 05:52:27,977 : INFO : Diversity loss: -20302.8380
2022-05-09 05:52:27,980 : INFO : concept 1: taste produce guide initially pad date stable avoid lay elderly
2022-05-09 05:52:27,981 : INFO : concept 2: easy great buy look price loose money quality use excellent
2022-05-09 05:52:32,460 : INFO : Train AUC: 0.1482
2022-05-09 05:52:32,463 : INFO : Test AUC: 0.1469
2022-05-09 05:52:32,463 : INFO : epoch 23/30:
2022-05-09 05:52:32,463 : INFO : Total loss: -21349.8486
2022-05-09 05:52:32,463 : INFO : SGNS loss: 14.9168
2022-05-09 05:52:32,463 : INFO : Dirichlet loss: -1036.1632
2022-05-09 05:52:32,464 : INFO : Prediction loss: 75.7815
2022-05-09 05:52:32,464 : INFO : Diversity loss: -20404.3837
2022-05-09 05:52:32,467 : INFO : concept 1: affordable worry accessory manufacturer write bedside connection alot plain stable
2022-05-09 05:52:32,467 : INFO : concept 2: money easy use worried great look quality price adequate cheap
2022-05-09 05:52:36,942 : INFO : Train AUC: 0.8662
2022-05-09 05:52:36,945 : INFO : Test AUC: 0.8693
2022-05-09 05:52:36,945 : INFO : epoch 24/30:
2022-05-09 05:52:36,945 : INFO : Total loss: -21416.4477
2022-05-09 05:52:36,945 : INFO : SGNS loss: 14.9153
2022-05-09 05:52:36,945 : INFO : Dirichlet loss: -1036.1633
2022-05-09 05:52:36,945 : INFO : Prediction loss: 77.7143
2022-05-09 05:52:36,946 : INFO : Diversity loss: -20472.9141
2022-05-09 05:52:36,949 : INFO : concept 1: treat brilliantly cord dirt mainly crease fully penny mother snap
2022-05-09 05:52:36,949 : INFO : concept 2: use work fixing buy easy great look quality price money
2022-05-09 05:52:41,445 : INFO : Train AUC: 0.7062
2022-05-09 05:52:41,448 : INFO : Test AUC: 0.7162
2022-05-09 05:52:41,448 : INFO : epoch 25/30:
2022-05-09 05:52:41,449 : INFO : Total loss: -21467.3055
2022-05-09 05:52:41,449 : INFO : SGNS loss: 14.9152
2022-05-09 05:52:41,449 : INFO : Dirichlet loss: -1036.1633
2022-05-09 05:52:41,449 : INFO : Prediction loss: 75.3598
2022-05-09 05:52:41,449 : INFO : Diversity loss: -20521.4172
2022-05-09 05:52:41,453 : INFO : concept 1: content trouble meet mode fixing rating notice beautifully near manage
2022-05-09 05:52:41,453 : INFO : concept 2: body great easy lead problem need return money price absolutely
2022-05-09 05:52:45,965 : INFO : Train AUC: 0.1501
2022-05-09 05:52:45,968 : INFO : Test AUC: 0.1491
2022-05-09 05:52:45,968 : INFO : epoch 26/30:
2022-05-09 05:52:45,968 : INFO : Total loss: -21502.7655
2022-05-09 05:52:45,968 : INFO : SGNS loss: 14.9173
2022-05-09 05:52:45,968 : INFO : Dirichlet loss: -1036.1632
2022-05-09 05:52:45,969 : INFO : Prediction loss: 75.5308
2022-05-09 05:52:45,969 : INFO : Diversity loss: -20557.0505
2022-05-09 05:52:45,972 : INFO : concept 1: pop yes straightforward granddaughter mode suggest programme special law rubber
2022-05-09 05:52:45,972 : INFO : concept 2: great easy excellent buy money simple definitely job happy screw
2022-05-09 05:52:50,484 : INFO : Train AUC: 0.8699
2022-05-09 05:52:50,487 : INFO : Test AUC: 0.8730
2022-05-09 05:52:50,487 : INFO : epoch 27/30:
2022-05-09 05:52:50,487 : INFO : Total loss: -21527.6341
2022-05-09 05:52:50,487 : INFO : SGNS loss: 14.9190
2022-05-09 05:52:50,488 : INFO : Dirichlet loss: -1036.1632
2022-05-09 05:52:50,488 : INFO : Prediction loss: 77.6358
2022-05-09 05:52:50,488 : INFO : Diversity loss: -20584.0257
2022-05-09 05:52:50,492 : INFO : concept 1: despite measure constantly careful facility young convenient hobbs completely tray
2022-05-09 05:52:50,492 : INFO : concept 2: rubbish look price use easy buy find quality great money
2022-05-09 05:52:55,043 : INFO : Train AUC: 0.7074
2022-05-09 05:52:55,046 : INFO : Test AUC: 0.7168
2022-05-09 05:52:55,047 : INFO : epoch 28/30:
2022-05-09 05:52:55,047 : INFO : Total loss: -21550.9239
2022-05-09 05:52:55,047 : INFO : SGNS loss: 14.9185
2022-05-09 05:52:55,047 : INFO : Dirichlet loss: -1036.1632
2022-05-09 05:52:55,047 : INFO : Prediction loss: 75.2766
2022-05-09 05:52:55,047 : INFO : Diversity loss: -20604.9559
2022-05-09 05:52:55,051 : INFO : concept 1: guess gap criticism guide diy push computer special music penny
2022-05-09 05:52:55,051 : INFO : concept 2: easy use great price buy hdmi suction need look fit
2022-05-09 05:52:59,510 : INFO : Train AUC: 0.1496
2022-05-09 05:52:59,513 : INFO : Test AUC: 0.1488
2022-05-09 05:52:59,514 : INFO : epoch 29/30:
2022-05-09 05:52:59,514 : INFO : Total loss: -21567.2516
2022-05-09 05:52:59,514 : INFO : SGNS loss: 14.9185
2022-05-09 05:52:59,514 : INFO : Dirichlet loss: -1036.1632
2022-05-09 05:52:59,514 : INFO : Prediction loss: 75.5259
2022-05-09 05:52:59,514 : INFO : Diversity loss: -20621.5328
2022-05-09 05:52:59,518 : INFO : concept 1: poorly neatly best gorgeous mobile meet looking exist tank fair
2022-05-09 05:52:59,518 : INFO : concept 2: easy great use buy nice price bit look find work
