2022-05-08 01:31:44,285 : INFO : Train AUC: 0.5113
2022-05-08 01:31:44,288 : INFO : Test AUC: 0.5109
2022-05-08 01:31:44,289 : INFO : epoch 0/30:
2022-05-08 01:31:44,289 : INFO : Total loss: -3994.5999
2022-05-08 01:31:44,289 : INFO : SGNS loss: 46.2495
2022-05-08 01:31:44,289 : INFO : Dirichlet loss: -4074.0071
2022-05-08 01:31:44,289 : INFO : Prediction loss: 0.0000
2022-05-08 01:31:44,290 : INFO : Diversity loss: 33.1577
2022-05-08 01:31:44,293 : INFO : concept 1: min prove terrible cosy child minute idea weight food position
2022-05-08 01:31:44,293 : INFO : concept 2: immediately surprisingly away highly obviously wet windows notice offer place
2022-05-08 01:31:49,097 : INFO : Train AUC: 0.4999
2022-05-08 01:31:49,100 : INFO : Test AUC: 0.4991
2022-05-08 01:31:49,101 : INFO : epoch 1/30:
2022-05-08 01:31:49,101 : INFO : Total loss: -2032.7180
2022-05-08 01:31:49,101 : INFO : SGNS loss: 46.1936
2022-05-08 01:31:49,101 : INFO : Dirichlet loss: -2112.0693
2022-05-08 01:31:49,102 : INFO : Prediction loss: 0.0000
2022-05-08 01:31:49,102 : INFO : Diversity loss: 33.1577
2022-05-08 01:31:49,105 : INFO : concept 1: min prove terrible cosy child minute idea weight food position
2022-05-08 01:31:49,106 : INFO : concept 2: immediately surprisingly away highly obviously wet windows notice offer place
2022-05-08 01:31:53,811 : INFO : Train AUC: 0.5006
2022-05-08 01:31:53,814 : INFO : Test AUC: 0.4969
2022-05-08 01:31:53,814 : INFO : epoch 2/30:
2022-05-08 01:31:53,814 : INFO : Total loss: -1137.6769
2022-05-08 01:31:53,815 : INFO : SGNS loss: 46.1408
2022-05-08 01:31:53,815 : INFO : Dirichlet loss: -1216.9754
2022-05-08 01:31:53,815 : INFO : Prediction loss: 0.0000
2022-05-08 01:31:53,815 : INFO : Diversity loss: 33.1577
2022-05-08 01:31:53,819 : INFO : concept 1: min prove terrible cosy child minute idea weight food position
2022-05-08 01:31:53,819 : INFO : concept 2: immediately surprisingly away highly obviously wet windows notice offer place
2022-05-08 01:31:58,432 : INFO : Train AUC: 0.4945
2022-05-08 01:31:58,435 : INFO : Test AUC: 0.5005
2022-05-08 01:31:58,436 : INFO : epoch 3/30:
2022-05-08 01:31:58,436 : INFO : Total loss: -764.6662
2022-05-08 01:31:58,436 : INFO : SGNS loss: 46.0858
2022-05-08 01:31:58,436 : INFO : Dirichlet loss: -843.9097
2022-05-08 01:31:58,436 : INFO : Prediction loss: 0.0000
2022-05-08 01:31:58,436 : INFO : Diversity loss: 33.1577
2022-05-08 01:31:58,440 : INFO : concept 1: min prove terrible cosy child minute idea weight food position
2022-05-08 01:31:58,440 : INFO : concept 2: immediately surprisingly away highly obviously wet windows notice offer place
2022-05-08 01:32:02,975 : INFO : Train AUC: 0.5266
2022-05-08 01:32:02,979 : INFO : Test AUC: 0.5291
2022-05-08 01:32:02,979 : INFO : epoch 4/30:
2022-05-08 01:32:02,980 : INFO : Total loss: -640.9672
2022-05-08 01:32:02,980 : INFO : SGNS loss: 46.0401
2022-05-08 01:32:02,980 : INFO : Dirichlet loss: -720.1650
2022-05-08 01:32:02,980 : INFO : Prediction loss: 0.0000
2022-05-08 01:32:02,980 : INFO : Diversity loss: 33.1577
2022-05-08 01:32:02,984 : INFO : concept 1: min prove terrible cosy child minute idea weight food position
2022-05-08 01:32:02,985 : INFO : concept 2: immediately surprisingly away highly obviously wet windows notice offer place
2022-05-08 01:32:07,411 : INFO : Train AUC: 0.5261
2022-05-08 01:32:07,414 : INFO : Test AUC: 0.5285
2022-05-08 01:32:07,415 : INFO : epoch 5/30:
2022-05-08 01:32:07,415 : INFO : Total loss: -616.4495
2022-05-08 01:32:07,415 : INFO : SGNS loss: 46.0185
2022-05-08 01:32:07,415 : INFO : Dirichlet loss: -695.6257
2022-05-08 01:32:07,415 : INFO : Prediction loss: 0.0000
2022-05-08 01:32:07,415 : INFO : Diversity loss: 33.1577
2022-05-08 01:32:07,420 : INFO : concept 1: min prove terrible cosy child minute idea weight food position
2022-05-08 01:32:07,420 : INFO : concept 2: immediately surprisingly away highly obviously wet windows notice offer place
2022-05-08 01:32:11,920 : INFO : Train AUC: 0.5256
2022-05-08 01:32:11,923 : INFO : Test AUC: 0.5281
2022-05-08 01:32:11,923 : INFO : epoch 6/30:
2022-05-08 01:32:11,923 : INFO : Total loss: -614.0973
2022-05-08 01:32:11,924 : INFO : SGNS loss: 46.0136
2022-05-08 01:32:11,924 : INFO : Dirichlet loss: -693.2685
2022-05-08 01:32:11,924 : INFO : Prediction loss: 0.0000
2022-05-08 01:32:11,924 : INFO : Diversity loss: 33.1577
2022-05-08 01:32:11,928 : INFO : concept 1: min prove terrible cosy child minute idea weight food position
2022-05-08 01:32:11,929 : INFO : concept 2: immediately surprisingly away highly obviously wet windows notice offer place
2022-05-08 01:32:16,556 : INFO : Train AUC: 0.5251
2022-05-08 01:32:16,560 : INFO : Test AUC: 0.5277
2022-05-08 01:32:16,560 : INFO : epoch 7/30:
2022-05-08 01:32:16,560 : INFO : Total loss: -613.9777
2022-05-08 01:32:16,560 : INFO : SGNS loss: 46.0156
2022-05-08 01:32:16,560 : INFO : Dirichlet loss: -693.1510
2022-05-08 01:32:16,560 : INFO : Prediction loss: 0.0000
2022-05-08 01:32:16,561 : INFO : Diversity loss: 33.1577
2022-05-08 01:32:16,564 : INFO : concept 1: min prove terrible cosy child minute idea weight food position
2022-05-08 01:32:16,565 : INFO : concept 2: immediately surprisingly away highly obviously wet windows notice offer place
2022-05-08 01:32:21,106 : INFO : Train AUC: 0.5249
2022-05-08 01:32:21,109 : INFO : Test AUC: 0.5274
2022-05-08 01:32:21,109 : INFO : epoch 8/30:
2022-05-08 01:32:21,109 : INFO : Total loss: -613.9725
2022-05-08 01:32:21,109 : INFO : SGNS loss: 46.0171
2022-05-08 01:32:21,109 : INFO : Dirichlet loss: -693.1472
2022-05-08 01:32:21,110 : INFO : Prediction loss: 0.0000
2022-05-08 01:32:21,110 : INFO : Diversity loss: 33.1577
2022-05-08 01:32:21,113 : INFO : concept 1: min prove terrible cosy child minute idea weight food position
2022-05-08 01:32:21,113 : INFO : concept 2: immediately surprisingly away highly obviously wet windows notice offer place
2022-05-08 01:32:25,450 : INFO : Train AUC: 0.5248
2022-05-08 01:32:25,453 : INFO : Test AUC: 0.5273
2022-05-08 01:32:25,453 : INFO : epoch 9/30:
2022-05-08 01:32:25,453 : INFO : Total loss: -613.9755
2022-05-08 01:32:25,453 : INFO : SGNS loss: 46.0140
2022-05-08 01:32:25,454 : INFO : Dirichlet loss: -693.1472
2022-05-08 01:32:25,454 : INFO : Prediction loss: 0.0000
2022-05-08 01:32:25,454 : INFO : Diversity loss: 33.1577
2022-05-08 01:32:25,457 : INFO : concept 1: min prove terrible cosy child minute idea weight food position
2022-05-08 01:32:25,458 : INFO : concept 2: immediately surprisingly away highly obviously wet windows notice offer place
2022-05-08 01:32:29,883 : INFO : Train AUC: 0.5249
2022-05-08 01:32:29,887 : INFO : Test AUC: 0.5274
2022-05-08 01:32:29,887 : INFO : epoch 10/30:
2022-05-08 01:32:29,888 : INFO : Total loss: -613.9751
2022-05-08 01:32:29,888 : INFO : SGNS loss: 46.0144
2022-05-08 01:32:29,888 : INFO : Dirichlet loss: -693.1471
2022-05-08 01:32:29,888 : INFO : Prediction loss: 0.0000
2022-05-08 01:32:29,888 : INFO : Diversity loss: 33.1577
2022-05-08 01:32:29,892 : INFO : concept 1: min prove terrible cosy child minute idea weight food position
2022-05-08 01:32:29,893 : INFO : concept 2: immediately surprisingly away highly obviously wet windows notice offer place
2022-05-08 01:32:34,415 : INFO : Train AUC: 0.5247
2022-05-08 01:32:34,418 : INFO : Test AUC: 0.5272
2022-05-08 01:32:34,418 : INFO : epoch 11/30:
2022-05-08 01:32:34,418 : INFO : Total loss: -613.9743
2022-05-08 01:32:34,418 : INFO : SGNS loss: 46.0152
2022-05-08 01:32:34,418 : INFO : Dirichlet loss: -693.1472
2022-05-08 01:32:34,419 : INFO : Prediction loss: 0.0000
2022-05-08 01:32:34,419 : INFO : Diversity loss: 33.1577
2022-05-08 01:32:34,423 : INFO : concept 1: min prove terrible cosy child minute idea weight food position
2022-05-08 01:32:34,423 : INFO : concept 2: immediately surprisingly away highly obviously wet windows notice offer place
2022-05-08 01:32:38,944 : INFO : Train AUC: 0.5247
2022-05-08 01:32:38,947 : INFO : Test AUC: 0.5270
2022-05-08 01:32:38,948 : INFO : epoch 12/30:
2022-05-08 01:32:38,948 : INFO : Total loss: -613.9747
2022-05-08 01:32:38,948 : INFO : SGNS loss: 46.0148
2022-05-08 01:32:38,948 : INFO : Dirichlet loss: -693.1472
2022-05-08 01:32:38,948 : INFO : Prediction loss: 0.0000
2022-05-08 01:32:38,949 : INFO : Diversity loss: 33.1577
2022-05-08 01:32:38,952 : INFO : concept 1: min prove terrible cosy child minute idea weight food position
2022-05-08 01:32:38,953 : INFO : concept 2: immediately surprisingly away highly obviously wet windows notice offer place
2022-05-08 01:32:43,564 : INFO : Train AUC: 0.5243
2022-05-08 01:32:43,567 : INFO : Test AUC: 0.5269
2022-05-08 01:32:43,568 : INFO : epoch 13/30:
2022-05-08 01:32:43,568 : INFO : Total loss: -613.9701
2022-05-08 01:32:43,568 : INFO : SGNS loss: 46.0194
2022-05-08 01:32:43,568 : INFO : Dirichlet loss: -693.1472
2022-05-08 01:32:43,568 : INFO : Prediction loss: 0.0000
2022-05-08 01:32:43,568 : INFO : Diversity loss: 33.1577
2022-05-08 01:32:43,572 : INFO : concept 1: min prove terrible cosy child minute idea weight food position
2022-05-08 01:32:43,573 : INFO : concept 2: immediately surprisingly away highly obviously wet windows notice offer place
2022-05-08 01:32:48,130 : INFO : Train AUC: 0.5215
2022-05-08 01:32:48,134 : INFO : Test AUC: 0.5202
2022-05-08 01:32:48,134 : INFO : epoch 14/30:
2022-05-08 01:32:48,134 : INFO : Total loss: -613.9763
2022-05-08 01:32:48,135 : INFO : SGNS loss: 46.0132
2022-05-08 01:32:48,135 : INFO : Dirichlet loss: -693.1471
2022-05-08 01:32:48,135 : INFO : Prediction loss: 0.0000
2022-05-08 01:32:48,135 : INFO : Diversity loss: 33.1577
2022-05-08 01:32:48,139 : INFO : concept 1: min prove terrible cosy child minute idea weight food position
2022-05-08 01:32:48,139 : INFO : concept 2: immediately surprisingly away highly obviously wet windows notice offer place
2022-05-08 01:32:52,911 : INFO : Train AUC: 0.4996
2022-05-08 01:32:52,914 : INFO : Test AUC: 0.4981
2022-05-08 01:32:52,915 : INFO : epoch 15/30:
2022-05-08 01:32:52,915 : INFO : Total loss: -9420.7569
2022-05-08 01:32:52,915 : INFO : SGNS loss: 22.9673
2022-05-08 01:32:52,915 : INFO : Dirichlet loss: -9468.2980
2022-05-08 01:32:52,916 : INFO : Prediction loss: 0.0000
2022-05-08 01:32:52,916 : INFO : Diversity loss: 24.5737
2022-05-08 01:32:52,920 : INFO : concept 1: better bar dyson handle manage let away simple stylish large
2022-05-08 01:32:52,920 : INFO : concept 2: great easy use buy look price quality money recommend beautifully
2022-05-08 01:32:57,720 : INFO : Train AUC: 0.5000
2022-05-08 01:32:57,722 : INFO : Test AUC: 0.5000
2022-05-08 01:32:57,723 : INFO : epoch 16/30:
2022-05-08 01:32:57,723 : INFO : Total loss: -10348.1467
2022-05-08 01:32:57,723 : INFO : SGNS loss: 15.0002
2022-05-08 01:32:57,723 : INFO : Dirichlet loss: -10361.6328
2022-05-08 01:32:57,723 : INFO : Prediction loss: 0.0000
2022-05-08 01:32:57,723 : INFO : Diversity loss: -1.5141
2022-05-08 01:32:57,727 : INFO : concept 1: smell fabulous stainless protect believe superb grill slice recomend container
2022-05-08 01:32:57,727 : INFO : concept 2: great easy buy look use price quality recommend money design
2022-05-08 01:33:02,452 : INFO : Train AUC: 0.5000
2022-05-08 01:33:02,455 : INFO : Test AUC: 0.5000
2022-05-08 01:33:02,455 : INFO : epoch 17/30:
2022-05-08 01:33:02,455 : INFO : Total loss: -10357.1672
2022-05-08 01:33:02,455 : INFO : SGNS loss: 14.9095
2022-05-08 01:33:02,455 : INFO : Dirichlet loss: -10361.6329
2022-05-08 01:33:02,456 : INFO : Prediction loss: 0.0000
2022-05-08 01:33:02,456 : INFO : Diversity loss: -10.4439
2022-05-08 01:33:02,460 : INFO : concept 1: dial access fiddly test single provide careful main bar hdmi
2022-05-08 01:33:02,460 : INFO : concept 2: great money use quality buy look excellent purchase price easy
2022-05-08 01:33:07,476 : INFO : Train AUC: 0.5000
2022-05-08 01:33:07,478 : INFO : Test AUC: 0.5000
2022-05-08 01:33:07,479 : INFO : epoch 18/30:
2022-05-08 01:33:07,479 : INFO : Total loss: -10362.5047
2022-05-08 01:33:07,479 : INFO : SGNS loss: 14.9018
2022-05-08 01:33:07,479 : INFO : Dirichlet loss: -10361.6328
2022-05-08 01:33:07,479 : INFO : Prediction loss: 0.0000
2022-05-08 01:33:07,479 : INFO : Diversity loss: -15.7737
2022-05-08 01:33:07,483 : INFO : concept 1: pile pet definately hobbs young capacity gap arm understand rubber
2022-05-08 01:33:07,483 : INFO : concept 2: easy great buy excellent use price cheap quality need fit
2022-05-08 01:33:12,240 : INFO : Train AUC: 0.5000
2022-05-08 01:33:12,244 : INFO : Test AUC: 0.5000
2022-05-08 01:33:12,244 : INFO : epoch 19/30:
2022-05-08 01:33:12,245 : INFO : Total loss: -10364.6771
2022-05-08 01:33:12,245 : INFO : SGNS loss: 14.9051
2022-05-08 01:33:12,245 : INFO : Dirichlet loss: -10361.6328
2022-05-08 01:33:12,245 : INFO : Prediction loss: 0.0000
2022-05-08 01:33:12,245 : INFO : Diversity loss: -17.9494
2022-05-08 01:33:12,249 : INFO : concept 1: timer manufacturer upgrade absolute moment extension careful wow face maker
2022-05-08 01:33:12,249 : INFO : concept 2: great buy easy price money use small new excellent recommend
2022-05-08 01:33:17,227 : INFO : Train AUC: 0.5000
2022-05-08 01:33:17,230 : INFO : Test AUC: 0.5000
2022-05-08 01:33:17,230 : INFO : epoch 20/30:
2022-05-08 01:33:17,230 : INFO : Total loss: -10365.6359
2022-05-08 01:33:17,231 : INFO : SGNS loss: 14.9055
2022-05-08 01:33:17,231 : INFO : Dirichlet loss: -10361.6328
2022-05-08 01:33:17,231 : INFO : Prediction loss: 0.0000
2022-05-08 01:33:17,231 : INFO : Diversity loss: -18.9086
2022-05-08 01:33:17,234 : INFO : concept 1: film sorry near feed middle grey superb arrive mind eye
2022-05-08 01:33:17,235 : INFO : concept 2: money great ipad buy work look like easy price use
2022-05-08 01:33:22,021 : INFO : Train AUC: 0.5000
2022-05-08 01:33:22,024 : INFO : Test AUC: 0.5000
2022-05-08 01:33:22,024 : INFO : epoch 21/30:
2022-05-08 01:33:22,025 : INFO : Total loss: -10366.1329
2022-05-08 01:33:22,025 : INFO : SGNS loss: 14.9066
2022-05-08 01:33:22,025 : INFO : Dirichlet loss: -10361.6329
2022-05-08 01:33:22,025 : INFO : Prediction loss: 0.0000
2022-05-08 01:33:22,025 : INFO : Diversity loss: -19.4066
2022-05-08 01:33:22,029 : INFO : concept 1: container mum tile pile tiny grip hinge glue best finally
2022-05-08 01:33:22,029 : INFO : concept 2: great look use price easy buy lot obviously work love
2022-05-08 01:33:26,744 : INFO : Train AUC: 0.5000
2022-05-08 01:33:26,747 : INFO : Test AUC: 0.5000
2022-05-08 01:33:26,747 : INFO : epoch 22/30:
2022-05-08 01:33:26,747 : INFO : Total loss: -10366.4171
2022-05-08 01:33:26,748 : INFO : SGNS loss: 14.9081
2022-05-08 01:33:26,748 : INFO : Dirichlet loss: -10361.6328
2022-05-08 01:33:26,748 : INFO : Prediction loss: 0.0000
2022-05-08 01:33:26,748 : INFO : Diversity loss: -19.6924
2022-05-08 01:33:26,752 : INFO : concept 1: website huge paint unlike early arm effective relatively summer version
2022-05-08 01:33:26,753 : INFO : concept 2: use pour nice pan great money easy think excellent love
2022-05-08 01:33:31,428 : INFO : Train AUC: 0.5000
2022-05-08 01:33:31,431 : INFO : Test AUC: 0.5000
2022-05-08 01:33:31,432 : INFO : epoch 23/30:
2022-05-08 01:33:31,432 : INFO : Total loss: -10366.5918
2022-05-08 01:33:31,432 : INFO : SGNS loss: 14.9091
2022-05-08 01:33:31,432 : INFO : Dirichlet loss: -10361.6328
2022-05-08 01:33:31,432 : INFO : Prediction loss: 0.0000
2022-05-08 01:33:31,432 : INFO : Diversity loss: -19.8681
2022-05-08 01:33:31,436 : INFO : concept 1: chrome surprised test solution bracket similar section sorry smooth flat
2022-05-08 01:33:31,436 : INFO : concept 2: look buy nice great easy work price time replace like
2022-05-08 01:33:36,324 : INFO : Train AUC: 0.5000
2022-05-08 01:33:36,327 : INFO : Test AUC: 0.5000
2022-05-08 01:33:36,327 : INFO : epoch 24/30:
2022-05-08 01:33:36,328 : INFO : Total loss: -10366.7057
2022-05-08 01:33:36,328 : INFO : SGNS loss: 14.9090
2022-05-08 01:33:36,328 : INFO : Dirichlet loss: -10361.6329
2022-05-08 01:33:36,328 : INFO : Prediction loss: 0.0000
2022-05-08 01:33:36,328 : INFO : Diversity loss: -19.9818
2022-05-08 01:33:36,332 : INFO : concept 1: block upright min summer rubber heater tidy tap avoid crease
2022-05-08 01:33:36,332 : INFO : concept 2: buy great easy use price free little old quality excellent
2022-05-08 01:33:41,021 : INFO : Train AUC: 0.5000
2022-05-08 01:33:41,024 : INFO : Test AUC: 0.5000
2022-05-08 01:33:41,024 : INFO : epoch 25/30:
2022-05-08 01:33:41,024 : INFO : Total loss: -10366.7835
2022-05-08 01:33:41,024 : INFO : SGNS loss: 14.9074
2022-05-08 01:33:41,025 : INFO : Dirichlet loss: -10361.6328
2022-05-08 01:33:41,025 : INFO : Prediction loss: 0.0000
2022-05-08 01:33:41,025 : INFO : Diversity loss: -20.0582
2022-05-08 01:33:41,028 : INFO : concept 1: hook accessory mode mention practical travel mop brighten looking narrow
2022-05-08 01:33:41,028 : INFO : concept 2: great buy happy look use easy price ideal recommend quality
2022-05-08 01:33:45,896 : INFO : Train AUC: 0.5000
2022-05-08 01:33:45,899 : INFO : Test AUC: 0.5000
2022-05-08 01:33:45,899 : INFO : epoch 26/30:
2022-05-08 01:33:45,899 : INFO : Total loss: -10366.8366
2022-05-08 01:33:45,899 : INFO : SGNS loss: 14.9070
2022-05-08 01:33:45,899 : INFO : Dirichlet loss: -10361.6328
2022-05-08 01:33:45,899 : INFO : Prediction loss: 0.0000
2022-05-08 01:33:45,900 : INFO : Diversity loss: -20.1108
2022-05-08 01:33:45,904 : INFO : concept 1: pain sharp channel mode accessory suggest holiday grip exist film
2022-05-08 01:33:45,904 : INFO : concept 2: great buy look excellent use price easy job cover nice
2022-05-08 01:33:50,748 : INFO : Train AUC: 0.5000
2022-05-08 01:33:50,751 : INFO : Test AUC: 0.5000
2022-05-08 01:33:50,751 : INFO : epoch 27/30:
2022-05-08 01:33:50,752 : INFO : Total loss: -10366.8728
2022-05-08 01:33:50,752 : INFO : SGNS loss: 14.9078
2022-05-08 01:33:50,752 : INFO : Dirichlet loss: -10361.6328
2022-05-08 01:33:50,752 : INFO : Prediction loss: 0.0000
2022-05-08 01:33:50,752 : INFO : Diversity loss: -20.1477
2022-05-08 01:33:50,756 : INFO : concept 1: section fi hope protect term lack bend cartridge digital xmas
2022-05-08 01:33:50,756 : INFO : concept 2: buy money great easy nice use look bedroom excellent quality
2022-05-08 01:33:55,571 : INFO : Train AUC: 0.5000
2022-05-08 01:33:55,574 : INFO : Test AUC: 0.5000
2022-05-08 01:33:55,574 : INFO : epoch 28/30:
2022-05-08 01:33:55,574 : INFO : Total loss: -10366.9002
2022-05-08 01:33:55,575 : INFO : SGNS loss: 14.9065
2022-05-08 01:33:55,575 : INFO : Dirichlet loss: -10361.6328
2022-05-08 01:33:55,575 : INFO : Prediction loss: 0.0000
2022-05-08 01:33:55,575 : INFO : Diversity loss: -20.1739
2022-05-08 01:33:55,578 : INFO : concept 1: manufacturer today programme slide durable gadget word click definately update
2022-05-08 01:33:55,579 : INFO : concept 2: great buy use excellent easy recommend block price look item
2022-05-08 01:34:00,648 : INFO : Train AUC: 0.5000
2022-05-08 01:34:00,651 : INFO : Test AUC: 0.5000
2022-05-08 01:34:00,651 : INFO : epoch 29/30:
2022-05-08 01:34:00,651 : INFO : Total loss: -10366.9197
2022-05-08 01:34:00,651 : INFO : SGNS loss: 14.9059
2022-05-08 01:34:00,652 : INFO : Dirichlet loss: -10361.6328
2022-05-08 01:34:00,652 : INFO : Prediction loss: 0.0000
2022-05-08 01:34:00,652 : INFO : Diversity loss: -20.1928
2022-05-08 01:34:00,655 : INFO : concept 1: versatile previously section sleek bowl windows hobbs immediately tiny graphic
2022-05-08 01:34:00,655 : INFO : concept 2: great buy quality easy short use excellent level sturdy look
