2022-05-08 01:14:19,427 : INFO : Train AUC: 0.5042
2022-05-08 01:14:19,430 : INFO : Test AUC: 0.5036
2022-05-08 01:14:19,430 : INFO : epoch 0/30:
2022-05-08 01:14:19,430 : INFO : Total loss: 6335043.9461
2022-05-08 01:14:19,430 : INFO : SGNS loss: 46.3624
2022-05-08 01:14:19,431 : INFO : Dirichlet loss: -1009.2031
2022-05-08 01:14:19,431 : INFO : Prediction loss: 6336006.7868
2022-05-08 01:14:19,431 : INFO : Diversity loss: 0.0000
2022-05-08 01:14:19,434 : INFO : concept 1: alot plus fault cat smell looking steam pleased struggle burn
2022-05-08 01:14:19,434 : INFO : concept 2: fi plain cooking metal basic certainly definitely wifi tap extremely
2022-05-08 01:14:23,480 : INFO : Train AUC: 0.5120
2022-05-08 01:14:23,483 : INFO : Test AUC: 0.5094
2022-05-08 01:14:23,483 : INFO : epoch 1/30:
2022-05-08 01:14:23,483 : INFO : Total loss: 3952892.5242
2022-05-08 01:14:23,483 : INFO : SGNS loss: 46.3702
2022-05-08 01:14:23,484 : INFO : Dirichlet loss: -1035.2139
2022-05-08 01:14:23,484 : INFO : Prediction loss: 3953881.3679
2022-05-08 01:14:23,484 : INFO : Diversity loss: 0.0000
2022-05-08 01:14:23,487 : INFO : concept 1: alot plus fault cat smell looking steam pleased struggle burn
2022-05-08 01:14:23,487 : INFO : concept 2: fi plain cooking metal basic certainly definitely wifi tap extremely
2022-05-08 01:14:27,605 : INFO : Train AUC: 0.6185
2022-05-08 01:14:27,607 : INFO : Test AUC: 0.6108
2022-05-08 01:14:27,608 : INFO : epoch 2/30:
2022-05-08 01:14:27,608 : INFO : Total loss: 1576845.8269
2022-05-08 01:14:27,608 : INFO : SGNS loss: 46.3674
2022-05-08 01:14:27,608 : INFO : Dirichlet loss: -1034.9464
2022-05-08 01:14:27,608 : INFO : Prediction loss: 1577834.4059
2022-05-08 01:14:27,608 : INFO : Diversity loss: 0.0000
2022-05-08 01:14:27,611 : INFO : concept 1: alot plus fault cat smell looking steam pleased struggle burn
2022-05-08 01:14:27,612 : INFO : concept 2: fi plain cooking metal basic certainly definitely wifi tap extremely
2022-05-08 01:14:31,668 : INFO : Train AUC: 0.7880
2022-05-08 01:14:31,671 : INFO : Test AUC: 0.7831
2022-05-08 01:14:31,671 : INFO : epoch 3/30:
2022-05-08 01:14:31,672 : INFO : Total loss: 95958.2259
2022-05-08 01:14:31,672 : INFO : SGNS loss: 46.3616
2022-05-08 01:14:31,672 : INFO : Dirichlet loss: -1007.8911
2022-05-08 01:14:31,672 : INFO : Prediction loss: 96919.7555
2022-05-08 01:14:31,672 : INFO : Diversity loss: 0.0000
2022-05-08 01:14:31,675 : INFO : concept 1: alot plus fault cat smell looking steam pleased struggle burn
2022-05-08 01:14:31,675 : INFO : concept 2: fi plain cooking metal basic certainly definitely wifi tap extremely
2022-05-08 01:14:35,684 : INFO : Train AUC: 0.8385
2022-05-08 01:14:35,687 : INFO : Test AUC: 0.8355
2022-05-08 01:14:35,688 : INFO : epoch 4/30:
2022-05-08 01:14:35,688 : INFO : Total loss: 38049.2138
2022-05-08 01:14:35,688 : INFO : SGNS loss: 46.2259
2022-05-08 01:14:35,688 : INFO : Dirichlet loss: -903.1891
2022-05-08 01:14:35,688 : INFO : Prediction loss: 38906.1770
2022-05-08 01:14:35,688 : INFO : Diversity loss: 0.0000
2022-05-08 01:14:35,692 : INFO : concept 1: alot plus fault cat smell looking steam pleased struggle burn
2022-05-08 01:14:35,692 : INFO : concept 2: fi plain cooking metal basic certainly definitely wifi tap extremely
2022-05-08 01:14:39,652 : INFO : Train AUC: 0.8893
2022-05-08 01:14:39,655 : INFO : Test AUC: 0.8877
2022-05-08 01:14:39,655 : INFO : epoch 5/30:
2022-05-08 01:14:39,655 : INFO : Total loss: 22413.4904
2022-05-08 01:14:39,655 : INFO : SGNS loss: 46.2155
2022-05-08 01:14:39,655 : INFO : Dirichlet loss: -909.7031
2022-05-08 01:14:39,655 : INFO : Prediction loss: 23276.9781
2022-05-08 01:14:39,655 : INFO : Diversity loss: 0.0000
2022-05-08 01:14:39,659 : INFO : concept 1: alot plus fault cat smell looking steam pleased struggle burn
2022-05-08 01:14:39,659 : INFO : concept 2: fi plain cooking metal basic certainly definitely wifi tap extremely
2022-05-08 01:14:43,655 : INFO : Train AUC: 0.9384
2022-05-08 01:14:43,658 : INFO : Test AUC: 0.9362
2022-05-08 01:14:43,658 : INFO : epoch 6/30:
2022-05-08 01:14:43,658 : INFO : Total loss: 12030.8901
2022-05-08 01:14:43,659 : INFO : SGNS loss: 46.2204
2022-05-08 01:14:43,659 : INFO : Dirichlet loss: -903.5649
2022-05-08 01:14:43,659 : INFO : Prediction loss: 12888.2347
2022-05-08 01:14:43,659 : INFO : Diversity loss: 0.0000
2022-05-08 01:14:43,662 : INFO : concept 1: alot plus fault cat smell looking steam pleased struggle burn
2022-05-08 01:14:43,662 : INFO : concept 2: fi plain cooking metal basic certainly definitely wifi tap extremely
2022-05-08 01:14:47,657 : INFO : Train AUC: 0.9631
2022-05-08 01:14:47,660 : INFO : Test AUC: 0.9599
2022-05-08 01:14:47,660 : INFO : epoch 7/30:
2022-05-08 01:14:47,660 : INFO : Total loss: 4718.3803
2022-05-08 01:14:47,660 : INFO : SGNS loss: 46.2055
2022-05-08 01:14:47,660 : INFO : Dirichlet loss: -886.5916
2022-05-08 01:14:47,660 : INFO : Prediction loss: 5558.7664
2022-05-08 01:14:47,661 : INFO : Diversity loss: 0.0000
2022-05-08 01:14:47,664 : INFO : concept 1: alot plus fault cat smell looking steam pleased struggle burn
2022-05-08 01:14:47,664 : INFO : concept 2: fi plain cooking metal basic certainly definitely wifi tap extremely
2022-05-08 01:14:51,615 : INFO : Train AUC: 0.9819
2022-05-08 01:14:51,617 : INFO : Test AUC: 0.9792
2022-05-08 01:14:51,618 : INFO : epoch 8/30:
2022-05-08 01:14:51,618 : INFO : Total loss: 805.6665
2022-05-08 01:14:51,618 : INFO : SGNS loss: 46.1505
2022-05-08 01:14:51,618 : INFO : Dirichlet loss: -928.9306
2022-05-08 01:14:51,618 : INFO : Prediction loss: 1688.4466
2022-05-08 01:14:51,618 : INFO : Diversity loss: 0.0000
2022-05-08 01:14:51,622 : INFO : concept 1: alot plus fault cat smell looking steam pleased struggle burn
2022-05-08 01:14:51,622 : INFO : concept 2: fi plain cooking metal basic certainly definitely wifi tap extremely
2022-05-08 01:14:55,595 : INFO : Train AUC: 0.9849
2022-05-08 01:14:55,598 : INFO : Test AUC: 0.9823
2022-05-08 01:14:55,598 : INFO : epoch 9/30:
2022-05-08 01:14:55,598 : INFO : Total loss: 180.3691
2022-05-08 01:14:55,599 : INFO : SGNS loss: 46.1322
2022-05-08 01:14:55,599 : INFO : Dirichlet loss: -931.8965
2022-05-08 01:14:55,599 : INFO : Prediction loss: 1066.1333
2022-05-08 01:14:55,599 : INFO : Diversity loss: 0.0000
2022-05-08 01:14:55,602 : INFO : concept 1: alot plus fault cat smell looking steam pleased struggle burn
2022-05-08 01:14:55,603 : INFO : concept 2: fi plain cooking metal basic certainly definitely wifi tap extremely
2022-05-08 01:14:59,612 : INFO : Train AUC: 0.9852
2022-05-08 01:14:59,614 : INFO : Test AUC: 0.9830
2022-05-08 01:14:59,615 : INFO : epoch 10/30:
2022-05-08 01:14:59,615 : INFO : Total loss: 142.0018
2022-05-08 01:14:59,615 : INFO : SGNS loss: 46.1156
2022-05-08 01:14:59,615 : INFO : Dirichlet loss: -921.1698
2022-05-08 01:14:59,615 : INFO : Prediction loss: 1017.0560
2022-05-08 01:14:59,615 : INFO : Diversity loss: 0.0000
2022-05-08 01:14:59,619 : INFO : concept 1: alot plus fault cat smell looking steam pleased struggle burn
2022-05-08 01:14:59,619 : INFO : concept 2: fi plain cooking metal basic certainly definitely wifi tap extremely
2022-05-08 01:15:03,591 : INFO : Train AUC: 0.9864
2022-05-08 01:15:03,593 : INFO : Test AUC: 0.9832
2022-05-08 01:15:03,593 : INFO : epoch 11/30:
2022-05-08 01:15:03,594 : INFO : Total loss: 114.2216
2022-05-08 01:15:03,594 : INFO : SGNS loss: 46.1040
2022-05-08 01:15:03,594 : INFO : Dirichlet loss: -903.9911
2022-05-08 01:15:03,594 : INFO : Prediction loss: 972.1087
2022-05-08 01:15:03,594 : INFO : Diversity loss: 0.0000
2022-05-08 01:15:03,597 : INFO : concept 1: alot plus fault cat smell looking steam pleased struggle burn
2022-05-08 01:15:03,597 : INFO : concept 2: fi plain cooking metal basic certainly definitely wifi tap extremely
2022-05-08 01:15:07,619 : INFO : Train AUC: 0.9865
2022-05-08 01:15:07,621 : INFO : Test AUC: 0.9837
2022-05-08 01:15:07,622 : INFO : epoch 12/30:
2022-05-08 01:15:07,622 : INFO : Total loss: 80.8548
2022-05-08 01:15:07,622 : INFO : SGNS loss: 46.1138
2022-05-08 01:15:07,622 : INFO : Dirichlet loss: -897.9208
2022-05-08 01:15:07,622 : INFO : Prediction loss: 932.6618
2022-05-08 01:15:07,622 : INFO : Diversity loss: 0.0000
2022-05-08 01:15:07,625 : INFO : concept 1: alot plus fault cat smell looking steam pleased struggle burn
2022-05-08 01:15:07,626 : INFO : concept 2: fi plain cooking metal basic certainly definitely wifi tap extremely
2022-05-08 01:15:11,658 : INFO : Train AUC: 0.9870
2022-05-08 01:15:11,660 : INFO : Test AUC: 0.9839
2022-05-08 01:15:11,661 : INFO : epoch 13/30:
2022-05-08 01:15:11,661 : INFO : Total loss: 55.5680
2022-05-08 01:15:11,661 : INFO : SGNS loss: 46.1015
2022-05-08 01:15:11,661 : INFO : Dirichlet loss: -884.3760
2022-05-08 01:15:11,661 : INFO : Prediction loss: 893.8425
2022-05-08 01:15:11,661 : INFO : Diversity loss: 0.0000
2022-05-08 01:15:11,664 : INFO : concept 1: alot plus fault cat smell looking steam pleased struggle burn
2022-05-08 01:15:11,664 : INFO : concept 2: fi plain cooking metal basic certainly definitely wifi tap extremely
2022-05-08 01:15:15,702 : INFO : Train AUC: 0.9879
2022-05-08 01:15:15,704 : INFO : Test AUC: 0.9851
2022-05-08 01:15:15,705 : INFO : epoch 14/30:
2022-05-08 01:15:15,705 : INFO : Total loss: 36.2026
2022-05-08 01:15:15,705 : INFO : SGNS loss: 46.1062
2022-05-08 01:15:15,705 : INFO : Dirichlet loss: -872.1714
2022-05-08 01:15:15,705 : INFO : Prediction loss: 862.2677
2022-05-08 01:15:15,705 : INFO : Diversity loss: 0.0000
2022-05-08 01:15:15,709 : INFO : concept 1: alot plus fault cat smell looking steam pleased struggle burn
2022-05-08 01:15:15,709 : INFO : concept 2: fi plain cooking metal basic certainly definitely wifi tap extremely
2022-05-08 01:15:20,010 : INFO : Train AUC: 0.9873
2022-05-08 01:15:20,013 : INFO : Test AUC: 0.9853
2022-05-08 01:15:20,013 : INFO : epoch 15/30:
2022-05-08 01:15:20,013 : INFO : Total loss: -162.1357
2022-05-08 01:15:20,013 : INFO : SGNS loss: 24.0501
2022-05-08 01:15:20,013 : INFO : Dirichlet loss: -1024.7006
2022-05-08 01:15:20,014 : INFO : Prediction loss: 838.5148
2022-05-08 01:15:20,014 : INFO : Diversity loss: 0.0000
2022-05-08 01:15:20,017 : INFO : concept 1: easy great use price buy grip equipment granddaughter term opinion
2022-05-08 01:15:20,018 : INFO : concept 2: quality buy look grip price equipment pattern eventually lay granddaughter
2022-05-08 01:15:24,274 : INFO : Train AUC: 0.9877
2022-05-08 01:15:24,276 : INFO : Test AUC: 0.9854
2022-05-08 01:15:24,277 : INFO : epoch 16/30:
2022-05-08 01:15:24,277 : INFO : Total loss: -204.1070
2022-05-08 01:15:24,277 : INFO : SGNS loss: 15.1547
2022-05-08 01:15:24,277 : INFO : Dirichlet loss: -1033.7068
2022-05-08 01:15:24,277 : INFO : Prediction loss: 814.4451
2022-05-08 01:15:24,277 : INFO : Diversity loss: 0.0000
2022-05-08 01:15:24,281 : INFO : concept 1: easy great use buy price look excellent quality love program
2022-05-08 01:15:24,281 : INFO : concept 2: quality buy look price fit great lovely item like program
2022-05-08 01:15:28,618 : INFO : Train AUC: 0.9880
2022-05-08 01:15:28,621 : INFO : Test AUC: 0.9864
2022-05-08 01:15:28,621 : INFO : epoch 17/30:
2022-05-08 01:15:28,621 : INFO : Total loss: -229.5891
2022-05-08 01:15:28,621 : INFO : SGNS loss: 14.9946
2022-05-08 01:15:28,621 : INFO : Dirichlet loss: -1033.7713
2022-05-08 01:15:28,621 : INFO : Prediction loss: 789.1876
2022-05-08 01:15:28,622 : INFO : Diversity loss: 0.0000
2022-05-08 01:15:28,625 : INFO : concept 1: great easy use excellent buy money price look love purchase
2022-05-08 01:15:28,625 : INFO : concept 2: buy fit look price money quality great bin store nice
2022-05-08 01:15:32,855 : INFO : Train AUC: 0.9884
2022-05-08 01:15:32,858 : INFO : Test AUC: 0.9862
2022-05-08 01:15:32,858 : INFO : epoch 18/30:
2022-05-08 01:15:32,858 : INFO : Total loss: -248.7296
2022-05-08 01:15:32,858 : INFO : SGNS loss: 14.9409
2022-05-08 01:15:32,859 : INFO : Dirichlet loss: -1032.0761
2022-05-08 01:15:32,859 : INFO : Prediction loss: 768.4056
2022-05-08 01:15:32,859 : INFO : Diversity loss: 0.0000
2022-05-08 01:15:32,862 : INFO : concept 1: easy use great buy look excellent recommend price money quality
2022-05-08 01:15:32,862 : INFO : concept 2: buy look quality great money price fit bit like curtain
2022-05-08 01:15:37,175 : INFO : Train AUC: 0.9889
2022-05-08 01:15:37,178 : INFO : Test AUC: 0.9869
2022-05-08 01:15:37,178 : INFO : epoch 19/30:
2022-05-08 01:15:37,178 : INFO : Total loss: -268.4445
2022-05-08 01:15:37,178 : INFO : SGNS loss: 14.9201
2022-05-08 01:15:37,178 : INFO : Dirichlet loss: -1032.5637
2022-05-08 01:15:37,178 : INFO : Prediction loss: 749.1991
2022-05-08 01:15:37,179 : INFO : Diversity loss: 0.0000
2022-05-08 01:15:37,182 : INFO : concept 1: easy great use buy look recommend work sound price money
2022-05-08 01:15:37,182 : INFO : concept 2: buy quality look great price ok money nice job design
2022-05-08 01:15:41,466 : INFO : Train AUC: 0.9895
2022-05-08 01:15:41,468 : INFO : Test AUC: 0.9874
2022-05-08 01:15:41,469 : INFO : epoch 20/30:
2022-05-08 01:15:41,469 : INFO : Total loss: -292.1536
2022-05-08 01:15:41,469 : INFO : SGNS loss: 14.9061
2022-05-08 01:15:41,469 : INFO : Dirichlet loss: -1034.6073
2022-05-08 01:15:41,469 : INFO : Prediction loss: 727.5476
2022-05-08 01:15:41,469 : INFO : Diversity loss: 0.0000
2022-05-08 01:15:41,472 : INFO : concept 1: easy great use price buy look excellent love recommend need
2022-05-08 01:15:41,472 : INFO : concept 2: price buy fit cheap quality job look poor great cover
2022-05-08 01:15:45,770 : INFO : Train AUC: 0.9896
2022-05-08 01:15:45,773 : INFO : Test AUC: 0.9872
2022-05-08 01:15:45,773 : INFO : epoch 21/30:
2022-05-08 01:15:45,773 : INFO : Total loss: -312.6286
2022-05-08 01:15:45,773 : INFO : SGNS loss: 14.8975
2022-05-08 01:15:45,774 : INFO : Dirichlet loss: -1034.7367
2022-05-08 01:15:45,774 : INFO : Prediction loss: 707.2106
2022-05-08 01:15:45,774 : INFO : Diversity loss: 0.0000
2022-05-08 01:15:45,777 : INFO : concept 1: easy use great price assemble look work buy feature recommend
2022-05-08 01:15:45,777 : INFO : concept 2: price quality look iron buy job work fit want nice
2022-05-08 01:15:50,063 : INFO : Train AUC: 0.9896
2022-05-08 01:15:50,065 : INFO : Test AUC: 0.9864
2022-05-08 01:15:50,065 : INFO : epoch 22/30:
2022-05-08 01:15:50,066 : INFO : Total loss: -329.1576
2022-05-08 01:15:50,066 : INFO : SGNS loss: 14.8903
2022-05-08 01:15:50,066 : INFO : Dirichlet loss: -1033.9520
2022-05-08 01:15:50,066 : INFO : Prediction loss: 689.9041
2022-05-08 01:15:50,066 : INFO : Diversity loss: 0.0000
2022-05-08 01:15:50,072 : INFO : concept 1: easy use great excellent look buy money love clean price
2022-05-08 01:15:50,072 : INFO : concept 2: buy quality look money cover price job work wash item
2022-05-08 01:15:54,334 : INFO : Train AUC: 0.9904
2022-05-08 01:15:54,337 : INFO : Test AUC: 0.9873
2022-05-08 01:15:54,337 : INFO : epoch 23/30:
2022-05-08 01:15:54,337 : INFO : Total loss: -346.5255
2022-05-08 01:15:54,337 : INFO : SGNS loss: 14.8835
2022-05-08 01:15:54,337 : INFO : Dirichlet loss: -1033.6057
2022-05-08 01:15:54,338 : INFO : Prediction loss: 672.1967
2022-05-08 01:15:54,338 : INFO : Diversity loss: 0.0000
2022-05-08 01:15:54,341 : INFO : concept 1: use great easy excellent price buy look assemble recommend little
2022-05-08 01:15:54,341 : INFO : concept 2: quality buy price fit great expect look cheap nice item
2022-05-08 01:15:58,660 : INFO : Train AUC: 0.9908
2022-05-08 01:15:58,663 : INFO : Test AUC: 0.9877
2022-05-08 01:15:58,663 : INFO : epoch 24/30:
2022-05-08 01:15:58,663 : INFO : Total loss: -364.6378
2022-05-08 01:15:58,663 : INFO : SGNS loss: 14.8802
2022-05-08 01:15:58,663 : INFO : Dirichlet loss: -1034.1905
2022-05-08 01:15:58,663 : INFO : Prediction loss: 654.6725
2022-05-08 01:15:58,664 : INFO : Diversity loss: 0.0000
2022-05-08 01:15:58,667 : INFO : concept 1: easy excellent use great recommend look buy price quality nice
2022-05-08 01:15:58,667 : INFO : concept 2: quality buy look item price nice return money poor fit
2022-05-08 01:16:02,962 : INFO : Train AUC: 0.9908
2022-05-08 01:16:02,964 : INFO : Test AUC: 0.9881
2022-05-08 01:16:02,965 : INFO : epoch 25/30:
2022-05-08 01:16:02,965 : INFO : Total loss: -381.3191
2022-05-08 01:16:02,965 : INFO : SGNS loss: 14.8764
2022-05-08 01:16:02,965 : INFO : Dirichlet loss: -1035.4896
2022-05-08 01:16:02,965 : INFO : Prediction loss: 639.2941
2022-05-08 01:16:02,965 : INFO : Diversity loss: 0.0000
2022-05-08 01:16:02,969 : INFO : concept 1: use great easy look buy need excellent little price assemble
2022-05-08 01:16:02,969 : INFO : concept 2: buy quality great look lovely item need price nice return
2022-05-08 01:16:07,269 : INFO : Train AUC: 0.9907
2022-05-08 01:16:07,272 : INFO : Test AUC: 0.9873
2022-05-08 01:16:07,272 : INFO : epoch 26/30:
2022-05-08 01:16:07,272 : INFO : Total loss: -395.9055
2022-05-08 01:16:07,272 : INFO : SGNS loss: 14.8724
2022-05-08 01:16:07,272 : INFO : Dirichlet loss: -1035.3185
2022-05-08 01:16:07,273 : INFO : Prediction loss: 624.5406
2022-05-08 01:16:07,273 : INFO : Diversity loss: 0.0000
2022-05-08 01:16:07,276 : INFO : concept 1: easy use great look excellent recommend buy price need little
2022-05-08 01:16:07,276 : INFO : concept 2: buy quality lovely look great price item money expect cheap
2022-05-08 01:16:11,673 : INFO : Train AUC: 0.9911
2022-05-08 01:16:11,676 : INFO : Test AUC: 0.9881
2022-05-08 01:16:11,676 : INFO : epoch 27/30:
2022-05-08 01:16:11,676 : INFO : Total loss: -410.0195
2022-05-08 01:16:11,676 : INFO : SGNS loss: 14.8708
2022-05-08 01:16:11,677 : INFO : Dirichlet loss: -1035.1698
2022-05-08 01:16:11,677 : INFO : Prediction loss: 610.2795
2022-05-08 01:16:11,677 : INFO : Diversity loss: 0.0000
2022-05-08 01:16:11,680 : INFO : concept 1: great easy use excellent price look buy recommend comfy nice
2022-05-08 01:16:11,680 : INFO : concept 2: price buy fit look money nice great quality item lovely
2022-05-08 01:16:15,979 : INFO : Train AUC: 0.9910
2022-05-08 01:16:15,982 : INFO : Test AUC: 0.9878
2022-05-08 01:16:15,982 : INFO : epoch 28/30:
2022-05-08 01:16:15,982 : INFO : Total loss: -422.0557
2022-05-08 01:16:15,982 : INFO : SGNS loss: 14.8705
2022-05-08 01:16:15,983 : INFO : Dirichlet loss: -1034.7974
2022-05-08 01:16:15,983 : INFO : Prediction loss: 597.8712
2022-05-08 01:16:15,983 : INFO : Diversity loss: 0.0000
2022-05-08 01:16:15,987 : INFO : concept 1: easy use great price buy look sound recommend picture like
2022-05-08 01:16:15,987 : INFO : concept 2: job quality buy thin price poor fit lovely look great
2022-05-08 01:16:20,253 : INFO : Train AUC: 0.9913
2022-05-08 01:16:20,256 : INFO : Test AUC: 0.9886
2022-05-08 01:16:20,256 : INFO : epoch 29/30:
2022-05-08 01:16:20,256 : INFO : Total loss: -436.6426
2022-05-08 01:16:20,256 : INFO : SGNS loss: 14.8686
2022-05-08 01:16:20,256 : INFO : Dirichlet loss: -1035.5666
2022-05-08 01:16:20,257 : INFO : Prediction loss: 584.0554
2022-05-08 01:16:20,257 : INFO : Diversity loss: 0.0000
2022-05-08 01:16:20,260 : INFO : concept 1: easy use great look buy price little excellent nice money
2022-05-08 01:16:20,260 : INFO : concept 2: buy look quality item design price money curtain lovely nice
