2022-05-09 03:23:06,261 : INFO : Train AUC: 0.1544
2022-05-09 03:23:06,265 : INFO : Test AUC: 0.1664
2022-05-09 03:23:06,265 : INFO : epoch 0/30:
2022-05-09 03:23:06,265 : INFO : Total loss: 312568.7626
2022-05-09 03:23:06,265 : INFO : SGNS loss: 46.5083
2022-05-09 03:23:06,265 : INFO : Dirichlet loss: -958.4835
2022-05-09 03:23:06,265 : INFO : Prediction loss: 313149.1639
2022-05-09 03:23:06,266 : INFO : Diversity loss: 331.5739
2022-05-09 03:23:06,269 : INFO : concept 1: miss store time control disappoint door tidy paint steam answer
2022-05-09 03:23:06,269 : INFO : concept 2: impressed downside recomend reserve scratch dog temperature slip fine stay
2022-05-09 03:23:10,267 : INFO : Train AUC: 0.1361
2022-05-09 03:23:10,270 : INFO : Test AUC: 0.1446
2022-05-09 03:23:10,270 : INFO : epoch 1/30:
2022-05-09 03:23:10,270 : INFO : Total loss: 8388.0444
2022-05-09 03:23:10,270 : INFO : SGNS loss: 46.4212
2022-05-09 03:23:10,270 : INFO : Dirichlet loss: -1000.0363
2022-05-09 03:23:10,270 : INFO : Prediction loss: 9010.0856
2022-05-09 03:23:10,271 : INFO : Diversity loss: 331.5739
2022-05-09 03:23:10,274 : INFO : concept 1: miss store time control disappoint door tidy paint steam answer
2022-05-09 03:23:10,274 : INFO : concept 2: impressed downside recomend reserve scratch dog temperature slip fine stay
2022-05-09 03:23:14,290 : INFO : Train AUC: 0.1355
2022-05-09 03:23:14,293 : INFO : Test AUC: 0.1276
2022-05-09 03:23:14,293 : INFO : epoch 2/30:
2022-05-09 03:23:14,293 : INFO : Total loss: 2451.9766
2022-05-09 03:23:14,294 : INFO : SGNS loss: 46.4131
2022-05-09 03:23:14,294 : INFO : Dirichlet loss: -1036.0547
2022-05-09 03:23:14,294 : INFO : Prediction loss: 3110.0444
2022-05-09 03:23:14,294 : INFO : Diversity loss: 331.5739
2022-05-09 03:23:14,297 : INFO : concept 1: miss store time control disappoint door tidy paint steam answer
2022-05-09 03:23:14,297 : INFO : concept 2: impressed downside recomend reserve scratch dog temperature slip fine stay
2022-05-09 03:23:18,342 : INFO : Train AUC: 0.8045
2022-05-09 03:23:18,345 : INFO : Test AUC: 0.7943
2022-05-09 03:23:18,346 : INFO : epoch 3/30:
2022-05-09 03:23:18,346 : INFO : Total loss: 345.1997
2022-05-09 03:23:18,346 : INFO : SGNS loss: 46.4137
2022-05-09 03:23:18,346 : INFO : Dirichlet loss: -1035.7267
2022-05-09 03:23:18,346 : INFO : Prediction loss: 1002.9388
2022-05-09 03:23:18,346 : INFO : Diversity loss: 331.5739
2022-05-09 03:23:18,349 : INFO : concept 1: miss store time control disappoint door tidy paint steam answer
2022-05-09 03:23:18,350 : INFO : concept 2: impressed downside recomend reserve scratch dog temperature slip fine stay
2022-05-09 03:23:22,373 : INFO : Train AUC: 0.7697
2022-05-09 03:23:22,376 : INFO : Test AUC: 0.7556
2022-05-09 03:23:22,376 : INFO : epoch 4/30:
2022-05-09 03:23:22,376 : INFO : Total loss: 83.9588
2022-05-09 03:23:22,377 : INFO : SGNS loss: 46.4102
2022-05-09 03:23:22,377 : INFO : Dirichlet loss: -1027.6810
2022-05-09 03:23:22,377 : INFO : Prediction loss: 733.6558
2022-05-09 03:23:22,377 : INFO : Diversity loss: 331.5739
2022-05-09 03:23:22,380 : INFO : concept 1: miss store time control disappoint door tidy paint steam answer
2022-05-09 03:23:22,380 : INFO : concept 2: impressed downside recomend reserve scratch dog temperature slip fine stay
2022-05-09 03:23:26,361 : INFO : Train AUC: 0.0545
2022-05-09 03:23:26,364 : INFO : Test AUC: 0.0492
2022-05-09 03:23:26,364 : INFO : epoch 5/30:
2022-05-09 03:23:26,364 : INFO : Total loss: 83.2607
2022-05-09 03:23:26,365 : INFO : SGNS loss: 46.4129
2022-05-09 03:23:26,365 : INFO : Dirichlet loss: -1018.2740
2022-05-09 03:23:26,365 : INFO : Prediction loss: 723.5478
2022-05-09 03:23:26,365 : INFO : Diversity loss: 331.5739
2022-05-09 03:23:26,368 : INFO : concept 1: miss store time control disappoint door tidy paint steam answer
2022-05-09 03:23:26,368 : INFO : concept 2: impressed downside recomend reserve scratch dog temperature slip fine stay
2022-05-09 03:23:30,352 : INFO : Train AUC: 0.8333
2022-05-09 03:23:30,355 : INFO : Test AUC: 0.8254
2022-05-09 03:23:30,356 : INFO : epoch 6/30:
2022-05-09 03:23:30,356 : INFO : Total loss: 67.1119
2022-05-09 03:23:30,356 : INFO : SGNS loss: 46.4137
2022-05-09 03:23:30,356 : INFO : Dirichlet loss: -1034.8670
2022-05-09 03:23:30,356 : INFO : Prediction loss: 723.9914
2022-05-09 03:23:30,356 : INFO : Diversity loss: 331.5739
2022-05-09 03:23:30,359 : INFO : concept 1: miss store time control disappoint door tidy paint steam answer
2022-05-09 03:23:30,360 : INFO : concept 2: impressed downside recomend reserve scratch dog temperature slip fine stay
2022-05-09 03:23:34,348 : INFO : Train AUC: 0.7835
2022-05-09 03:23:34,351 : INFO : Test AUC: 0.7708
2022-05-09 03:23:34,351 : INFO : epoch 7/30:
2022-05-09 03:23:34,351 : INFO : Total loss: 102.0776
2022-05-09 03:23:34,352 : INFO : SGNS loss: 46.4131
2022-05-09 03:23:34,352 : INFO : Dirichlet loss: -984.5986
2022-05-09 03:23:34,352 : INFO : Prediction loss: 708.6893
2022-05-09 03:23:34,352 : INFO : Diversity loss: 331.5739
2022-05-09 03:23:34,356 : INFO : concept 1: miss store time control disappoint door tidy paint steam answer
2022-05-09 03:23:34,356 : INFO : concept 2: impressed downside recomend reserve scratch dog temperature slip fine stay
2022-05-09 03:23:38,341 : INFO : Train AUC: 0.0502
2022-05-09 03:23:38,344 : INFO : Test AUC: 0.0467
2022-05-09 03:23:38,344 : INFO : epoch 8/30:
2022-05-09 03:23:38,344 : INFO : Total loss: 260.5640
2022-05-09 03:23:38,344 : INFO : SGNS loss: 46.4126
2022-05-09 03:23:38,344 : INFO : Dirichlet loss: -821.7411
2022-05-09 03:23:38,344 : INFO : Prediction loss: 704.3186
2022-05-09 03:23:38,345 : INFO : Diversity loss: 331.5739
2022-05-09 03:23:38,348 : INFO : concept 1: miss store time control disappoint door tidy paint steam answer
2022-05-09 03:23:38,348 : INFO : concept 2: impressed downside recomend reserve scratch dog temperature slip fine stay
2022-05-09 03:23:42,336 : INFO : Train AUC: 0.8409
2022-05-09 03:23:42,339 : INFO : Test AUC: 0.8339
2022-05-09 03:23:42,340 : INFO : epoch 9/30:
2022-05-09 03:23:42,340 : INFO : Total loss: 130.1718
2022-05-09 03:23:42,340 : INFO : SGNS loss: 46.4986
2022-05-09 03:23:42,340 : INFO : Dirichlet loss: -984.8092
2022-05-09 03:23:42,340 : INFO : Prediction loss: 736.9085
2022-05-09 03:23:42,340 : INFO : Diversity loss: 331.5739
2022-05-09 03:23:42,343 : INFO : concept 1: miss store time control disappoint door tidy paint steam answer
2022-05-09 03:23:42,344 : INFO : concept 2: impressed downside recomend reserve scratch dog temperature slip fine stay
2022-05-09 03:23:46,400 : INFO : Train AUC: 0.7865
2022-05-09 03:23:46,403 : INFO : Test AUC: 0.7744
2022-05-09 03:23:46,403 : INFO : epoch 10/30:
2022-05-09 03:23:46,403 : INFO : Total loss: 60.9368
2022-05-09 03:23:46,403 : INFO : SGNS loss: 46.5152
2022-05-09 03:23:46,403 : INFO : Dirichlet loss: -1036.1633
2022-05-09 03:23:46,403 : INFO : Prediction loss: 719.0110
2022-05-09 03:23:46,403 : INFO : Diversity loss: 331.5739
2022-05-09 03:23:46,407 : INFO : concept 1: miss store time control disappoint door tidy paint steam answer
2022-05-09 03:23:46,407 : INFO : concept 2: impressed downside recomend reserve scratch dog temperature slip fine stay
2022-05-09 03:23:50,468 : INFO : Train AUC: 0.0497
2022-05-09 03:23:50,471 : INFO : Test AUC: 0.0460
2022-05-09 03:23:50,472 : INFO : epoch 11/30:
2022-05-09 03:23:50,472 : INFO : Total loss: 54.0448
2022-05-09 03:23:50,472 : INFO : SGNS loss: 46.5177
2022-05-09 03:23:50,472 : INFO : Dirichlet loss: -1036.1542
2022-05-09 03:23:50,472 : INFO : Prediction loss: 712.1074
2022-05-09 03:23:50,472 : INFO : Diversity loss: 331.5739
2022-05-09 03:23:50,476 : INFO : concept 1: miss store time control disappoint door tidy paint steam answer
2022-05-09 03:23:50,476 : INFO : concept 2: impressed downside recomend reserve scratch dog temperature slip fine stay
2022-05-09 03:23:54,445 : INFO : Train AUC: 0.8387
2022-05-09 03:23:54,448 : INFO : Test AUC: 0.8317
2022-05-09 03:23:54,448 : INFO : epoch 12/30:
2022-05-09 03:23:54,448 : INFO : Total loss: 58.8616
2022-05-09 03:23:54,448 : INFO : SGNS loss: 46.5180
2022-05-09 03:23:54,449 : INFO : Dirichlet loss: -1035.3773
2022-05-09 03:23:54,449 : INFO : Prediction loss: 716.1470
2022-05-09 03:23:54,449 : INFO : Diversity loss: 331.5739
2022-05-09 03:23:54,452 : INFO : concept 1: miss store time control disappoint door tidy paint steam answer
2022-05-09 03:23:54,452 : INFO : concept 2: impressed downside recomend reserve scratch dog temperature slip fine stay
2022-05-09 03:23:58,463 : INFO : Train AUC: 0.7862
2022-05-09 03:23:58,465 : INFO : Test AUC: 0.7744
2022-05-09 03:23:58,466 : INFO : epoch 13/30:
2022-05-09 03:23:58,466 : INFO : Total loss: 117.6447
2022-05-09 03:23:58,466 : INFO : SGNS loss: 46.5127
2022-05-09 03:23:58,466 : INFO : Dirichlet loss: -966.2608
2022-05-09 03:23:58,466 : INFO : Prediction loss: 705.8190
2022-05-09 03:23:58,466 : INFO : Diversity loss: 331.5739
2022-05-09 03:23:58,480 : INFO : concept 1: miss store time control disappoint door tidy paint steam answer
2022-05-09 03:23:58,481 : INFO : concept 2: impressed downside recomend reserve scratch dog temperature slip fine stay
2022-05-09 03:24:02,469 : INFO : Train AUC: 0.0501
2022-05-09 03:24:02,472 : INFO : Test AUC: 0.0466
2022-05-09 03:24:02,472 : INFO : epoch 14/30:
2022-05-09 03:24:02,472 : INFO : Total loss: 318.5251
2022-05-09 03:24:02,473 : INFO : SGNS loss: 46.5143
2022-05-09 03:24:02,473 : INFO : Dirichlet loss: -762.4908
2022-05-09 03:24:02,473 : INFO : Prediction loss: 702.9278
2022-05-09 03:24:02,473 : INFO : Diversity loss: 331.5739
2022-05-09 03:24:02,476 : INFO : concept 1: miss store time control disappoint door tidy paint steam answer
2022-05-09 03:24:02,476 : INFO : concept 2: impressed downside recomend reserve scratch dog temperature slip fine stay
2022-05-09 03:24:06,747 : INFO : Train AUC: 0.8431
2022-05-09 03:24:06,749 : INFO : Test AUC: 0.8365
2022-05-09 03:24:06,749 : INFO : epoch 15/30:
2022-05-09 03:24:06,750 : INFO : Total loss: -116.4555
2022-05-09 03:24:06,750 : INFO : SGNS loss: 22.4635
2022-05-09 03:24:06,750 : INFO : Dirichlet loss: -1030.5121
2022-05-09 03:24:06,750 : INFO : Prediction loss: 709.8426
2022-05-09 03:24:06,750 : INFO : Diversity loss: 181.7504
2022-05-09 03:24:06,753 : INFO : concept 1: great easy use buy look money price quality excellent recommend
2022-05-09 03:24:06,753 : INFO : concept 2: run cook spare bookcase press refund tell standard difficult heater
2022-05-09 03:24:11,014 : INFO : Train AUC: 0.7920
2022-05-09 03:24:11,016 : INFO : Test AUC: 0.7807
2022-05-09 03:24:11,016 : INFO : epoch 16/30:
2022-05-09 03:24:11,017 : INFO : Total loss: -379.9217
2022-05-09 03:24:11,017 : INFO : SGNS loss: 14.9454
2022-05-09 03:24:11,017 : INFO : Dirichlet loss: -1036.1633
2022-05-09 03:24:11,017 : INFO : Prediction loss: 698.4222
2022-05-09 03:24:11,017 : INFO : Diversity loss: -57.1259
2022-05-09 03:24:11,020 : INFO : concept 1: great use buy money easy look recommend price work excellent
2022-05-09 03:24:11,020 : INFO : concept 2: burn device finally hook channel appliance simply setup program rail
2022-05-09 03:24:15,308 : INFO : Train AUC: 0.0479
2022-05-09 03:24:15,311 : INFO : Test AUC: 0.0460
2022-05-09 03:24:15,311 : INFO : epoch 17/30:
2022-05-09 03:24:15,311 : INFO : Total loss: -468.2001
2022-05-09 03:24:15,311 : INFO : SGNS loss: 14.8984
2022-05-09 03:24:15,311 : INFO : Dirichlet loss: -1036.1633
2022-05-09 03:24:15,312 : INFO : Prediction loss: 695.4711
2022-05-09 03:24:15,312 : INFO : Diversity loss: -142.4062
2022-05-09 03:24:15,315 : INFO : concept 1: great buy easy use price big key nice compact like
2022-05-09 03:24:15,315 : INFO : concept 2: smooth position pour birthday beautifully previously lift hope ipad appliance
2022-05-09 03:24:19,632 : INFO : Train AUC: 0.8490
2022-05-09 03:24:19,635 : INFO : Test AUC: 0.8429
2022-05-09 03:24:19,635 : INFO : epoch 18/30:
2022-05-09 03:24:19,635 : INFO : Total loss: -496.4704
2022-05-09 03:24:19,635 : INFO : SGNS loss: 14.9024
2022-05-09 03:24:19,635 : INFO : Dirichlet loss: -1036.1633
2022-05-09 03:24:19,635 : INFO : Prediction loss: 703.4256
2022-05-09 03:24:19,635 : INFO : Diversity loss: -178.6350
2022-05-09 03:24:19,638 : INFO : concept 1: buy great quality use money easy excellent battery need look
2022-05-09 03:24:19,639 : INFO : concept 2: happen windows operate finger burn shame total criticism winter brilliantly
2022-05-09 03:24:23,900 : INFO : Train AUC: 0.7980
2022-05-09 03:24:23,903 : INFO : Test AUC: 0.7872
2022-05-09 03:24:23,903 : INFO : epoch 19/30:
2022-05-09 03:24:23,904 : INFO : Total loss: -521.8712
2022-05-09 03:24:23,904 : INFO : SGNS loss: 14.9056
2022-05-09 03:24:23,904 : INFO : Dirichlet loss: -1036.1633
2022-05-09 03:24:23,904 : INFO : Prediction loss: 691.3377
2022-05-09 03:24:23,904 : INFO : Diversity loss: -191.9511
2022-05-09 03:24:23,907 : INFO : concept 1: use quality easy excellent money great buy quick paper small
2022-05-09 03:24:23,907 : INFO : concept 2: exist rating alternative manufacturer thoroughly snap difference wheel idea pain
2022-05-09 03:24:28,152 : INFO : Train AUC: 0.0470
2022-05-09 03:24:28,154 : INFO : Test AUC: 0.0452
2022-05-09 03:24:28,155 : INFO : epoch 20/30:
2022-05-09 03:24:28,155 : INFO : Total loss: -531.2128
2022-05-09 03:24:28,155 : INFO : SGNS loss: 14.9094
2022-05-09 03:24:28,155 : INFO : Dirichlet loss: -1036.1633
2022-05-09 03:24:28,155 : INFO : Prediction loss: 687.7822
2022-05-09 03:24:28,155 : INFO : Diversity loss: -197.7410
2022-05-09 03:24:28,159 : INFO : concept 1: great money price use excellent buy look easy quality search
2022-05-09 03:24:28,159 : INFO : concept 2: hook soon law convenient spin course body recomend grip penny
2022-05-09 03:24:32,402 : INFO : Train AUC: 0.8545
2022-05-09 03:24:32,404 : INFO : Test AUC: 0.8486
2022-05-09 03:24:32,405 : INFO : epoch 21/30:
2022-05-09 03:24:32,405 : INFO : Total loss: -523.0060
2022-05-09 03:24:32,405 : INFO : SGNS loss: 14.9125
2022-05-09 03:24:32,405 : INFO : Dirichlet loss: -1036.1633
2022-05-09 03:24:32,405 : INFO : Prediction loss: 698.9662
2022-05-09 03:24:32,405 : INFO : Diversity loss: -200.7214
2022-05-09 03:24:32,409 : INFO : concept 1: price easy great use job look think purchase recommend long
2022-05-09 03:24:32,409 : INFO : concept 2: eventually limit okay neatly baby travel appliance beautifully manual spin
2022-05-09 03:24:36,706 : INFO : Train AUC: 0.8040
2022-05-09 03:24:36,708 : INFO : Test AUC: 0.7938
2022-05-09 03:24:36,709 : INFO : epoch 22/30:
2022-05-09 03:24:36,709 : INFO : Total loss: -537.4329
2022-05-09 03:24:36,709 : INFO : SGNS loss: 14.9119
2022-05-09 03:24:36,709 : INFO : Dirichlet loss: -1036.1633
2022-05-09 03:24:36,709 : INFO : Prediction loss: 686.2703
2022-05-09 03:24:36,709 : INFO : Diversity loss: -202.4518
2022-05-09 03:24:36,712 : INFO : concept 1: easy great cheap need use look fit brilliant buy match
2022-05-09 03:24:36,713 : INFO : concept 2: pain brill hassle comfort brilliantly holiday previously foot guide toy
2022-05-09 03:24:41,013 : INFO : Train AUC: 0.0452
2022-05-09 03:24:41,016 : INFO : Test AUC: 0.0433
2022-05-09 03:24:41,016 : INFO : epoch 23/30:
2022-05-09 03:24:41,016 : INFO : Total loss: -541.4489
2022-05-09 03:24:41,016 : INFO : SGNS loss: 14.9119
2022-05-09 03:24:41,016 : INFO : Dirichlet loss: -1036.1633
2022-05-09 03:24:41,016 : INFO : Prediction loss: 683.3485
2022-05-09 03:24:41,017 : INFO : Diversity loss: -203.5460
2022-05-09 03:24:41,020 : INFO : concept 1: great big look use buy price small need money quality
2022-05-09 03:24:41,020 : INFO : concept 2: tile mode cooking criticism portable today brighten rating opinion experience
2022-05-09 03:24:45,343 : INFO : Train AUC: 0.8592
2022-05-09 03:24:45,346 : INFO : Test AUC: 0.8536
2022-05-09 03:24:45,347 : INFO : epoch 24/30:
2022-05-09 03:24:45,347 : INFO : Total loss: -532.5698
2022-05-09 03:24:45,347 : INFO : SGNS loss: 14.9147
2022-05-09 03:24:45,347 : INFO : Dirichlet loss: -1036.1632
2022-05-09 03:24:45,347 : INFO : Prediction loss: 692.9613
2022-05-09 03:24:45,347 : INFO : Diversity loss: -204.2825
2022-05-09 03:24:45,351 : INFO : concept 1: use buy great pleased price excellent sturdy quality money easy
2022-05-09 03:24:45,351 : INFO : concept 2: write prove dirt stable future narrow moment requirement rating expectation
2022-05-09 03:24:49,602 : INFO : Train AUC: 0.8089
2022-05-09 03:24:49,605 : INFO : Test AUC: 0.7990
2022-05-09 03:24:49,606 : INFO : epoch 25/30:
2022-05-09 03:24:49,606 : INFO : Total loss: -545.6834
2022-05-09 03:24:49,606 : INFO : SGNS loss: 14.9119
2022-05-09 03:24:49,606 : INFO : Dirichlet loss: -1036.1632
2022-05-09 03:24:49,606 : INFO : Prediction loss: 680.3702
2022-05-09 03:24:49,606 : INFO : Diversity loss: -204.8023
2022-05-09 03:24:49,610 : INFO : concept 1: look buy easy great comfy use need money quality limit
2022-05-09 03:24:49,610 : INFO : concept 2: slip telephone wow supply baby total huge criticism addition today
2022-05-09 03:24:53,872 : INFO : Train AUC: 0.0448
2022-05-09 03:24:53,875 : INFO : Test AUC: 0.0433
2022-05-09 03:24:53,875 : INFO : epoch 26/30:
2022-05-09 03:24:53,875 : INFO : Total loss: -546.0126
2022-05-09 03:24:53,875 : INFO : SGNS loss: 14.9174
2022-05-09 03:24:53,875 : INFO : Dirichlet loss: -1036.1631
2022-05-09 03:24:53,876 : INFO : Prediction loss: 680.4161
2022-05-09 03:24:53,876 : INFO : Diversity loss: -205.1831
2022-05-09 03:24:53,879 : INFO : concept 1: buy easy great fit excellent look use work space hot
2022-05-09 03:24:53,880 : INFO : concept 2: program meet tank rubber dust dinner click secure best usual
2022-05-09 03:24:58,178 : INFO : Train AUC: 0.8631
2022-05-09 03:24:58,181 : INFO : Test AUC: 0.8576
2022-05-09 03:24:58,181 : INFO : epoch 27/30:
2022-05-09 03:24:58,181 : INFO : Total loss: -536.6745
2022-05-09 03:24:58,181 : INFO : SGNS loss: 14.9157
2022-05-09 03:24:58,181 : INFO : Dirichlet loss: -1036.1632
2022-05-09 03:24:58,181 : INFO : Prediction loss: 690.0432
2022-05-09 03:24:58,182 : INFO : Diversity loss: -205.4702
2022-05-09 03:24:58,185 : INFO : concept 1: great easy look time price use perfect quality nice test
2022-05-09 03:24:58,185 : INFO : concept 2: prefer tend straightforward produce versatile manual dirt blow word taste
2022-05-09 03:25:02,482 : INFO : Train AUC: 0.8123
2022-05-09 03:25:02,486 : INFO : Test AUC: 0.8027
2022-05-09 03:25:02,486 : INFO : epoch 28/30:
2022-05-09 03:25:02,486 : INFO : Total loss: -549.5420
2022-05-09 03:25:02,486 : INFO : SGNS loss: 14.9167
2022-05-09 03:25:02,486 : INFO : Dirichlet loss: -1036.1628
2022-05-09 03:25:02,486 : INFO : Prediction loss: 677.3963
2022-05-09 03:25:02,487 : INFO : Diversity loss: -205.6922
2022-05-09 03:25:02,490 : INFO : concept 1: excellent heavy quality son great white easy look purchase use
2022-05-09 03:25:02,490 : INFO : concept 2: worry gorgeous wheel versatile travel shame hop fixing brown pain
2022-05-09 03:25:06,734 : INFO : Train AUC: 0.0438
2022-05-09 03:25:06,737 : INFO : Test AUC: 0.0422
2022-05-09 03:25:06,737 : INFO : epoch 29/30:
2022-05-09 03:25:06,737 : INFO : Total loss: -550.3100
2022-05-09 03:25:06,737 : INFO : SGNS loss: 14.9172
2022-05-09 03:25:06,737 : INFO : Dirichlet loss: -1036.1628
2022-05-09 03:25:06,738 : INFO : Prediction loss: 676.8027
2022-05-09 03:25:06,738 : INFO : Diversity loss: -205.8671
2022-05-09 03:25:06,741 : INFO : concept 1: buy easy great pleased worth look use quality need happy
2022-05-09 03:25:06,741 : INFO : concept 2: correct durable gorgeous figure prove gift baby guide chrome windows
