2022-05-08 02:11:35,924 : INFO : Train AUC: 0.5016
2022-05-08 02:11:35,927 : INFO : Test AUC: 0.5008
2022-05-08 02:11:35,927 : INFO : epoch 0/30:
2022-05-08 02:11:35,928 : INFO : Total loss: -4.7584
2022-05-08 02:11:35,928 : INFO : SGNS loss: 46.1428
2022-05-08 02:11:35,928 : INFO : Dirichlet loss: -50.9013
2022-05-08 02:11:35,928 : INFO : Prediction loss: 0.0000
2022-05-08 02:11:35,928 : INFO : Diversity loss: 0.0000
2022-05-08 02:11:35,931 : INFO : concept 1: plastic comfy corner real mind white robust decent equipment rest
2022-05-08 02:11:35,931 : INFO : concept 2: wrong printer difference note separate frame television summer live twice
2022-05-08 02:11:39,947 : INFO : Train AUC: 0.5028
2022-05-08 02:11:39,949 : INFO : Test AUC: 0.5023
2022-05-08 02:11:39,950 : INFO : epoch 1/30:
2022-05-08 02:11:39,950 : INFO : Total loss: 15.2422
2022-05-08 02:11:39,950 : INFO : SGNS loss: 46.1241
2022-05-08 02:11:39,950 : INFO : Dirichlet loss: -30.8819
2022-05-08 02:11:39,950 : INFO : Prediction loss: 0.0000
2022-05-08 02:11:39,950 : INFO : Diversity loss: 0.0000
2022-05-08 02:11:39,953 : INFO : concept 1: plastic comfy corner real mind white robust decent equipment rest
2022-05-08 02:11:39,954 : INFO : concept 2: wrong printer difference note separate frame television summer live twice
2022-05-08 02:11:44,026 : INFO : Train AUC: 0.5045
2022-05-08 02:11:44,028 : INFO : Test AUC: 0.5025
2022-05-08 02:11:44,028 : INFO : epoch 2/30:
2022-05-08 02:11:44,029 : INFO : Total loss: 29.6732
2022-05-08 02:11:44,029 : INFO : SGNS loss: 46.0769
2022-05-08 02:11:44,029 : INFO : Dirichlet loss: -16.4037
2022-05-08 02:11:44,029 : INFO : Prediction loss: 0.0000
2022-05-08 02:11:44,029 : INFO : Diversity loss: 0.0000
2022-05-08 02:11:44,032 : INFO : concept 1: plastic comfy corner real mind white robust decent equipment rest
2022-05-08 02:11:44,032 : INFO : concept 2: wrong printer difference note separate frame television summer live twice
2022-05-08 02:11:48,044 : INFO : Train AUC: 0.5073
2022-05-08 02:11:48,047 : INFO : Test AUC: 0.5046
2022-05-08 02:11:48,047 : INFO : epoch 3/30:
2022-05-08 02:11:48,047 : INFO : Total loss: 36.1901
2022-05-08 02:11:48,047 : INFO : SGNS loss: 46.0186
2022-05-08 02:11:48,047 : INFO : Dirichlet loss: -9.8285
2022-05-08 02:11:48,047 : INFO : Prediction loss: 0.0000
2022-05-08 02:11:48,047 : INFO : Diversity loss: 0.0000
2022-05-08 02:11:48,051 : INFO : concept 1: plastic comfy corner real mind white robust decent equipment rest
2022-05-08 02:11:48,051 : INFO : concept 2: wrong printer difference note separate frame television summer live twice
2022-05-08 02:11:52,144 : INFO : Train AUC: 0.5123
2022-05-08 02:11:52,147 : INFO : Test AUC: 0.5112
2022-05-08 02:11:52,147 : INFO : epoch 4/30:
2022-05-08 02:11:52,147 : INFO : Total loss: 38.4501
2022-05-08 02:11:52,147 : INFO : SGNS loss: 45.9658
2022-05-08 02:11:52,147 : INFO : Dirichlet loss: -7.5157
2022-05-08 02:11:52,147 : INFO : Prediction loss: 0.0000
2022-05-08 02:11:52,147 : INFO : Diversity loss: 0.0000
2022-05-08 02:11:52,151 : INFO : concept 1: plastic comfy corner real mind white robust decent equipment rest
2022-05-08 02:11:52,151 : INFO : concept 2: wrong printer difference note separate frame television summer live twice
2022-05-08 02:11:56,210 : INFO : Train AUC: 0.5230
2022-05-08 02:11:56,212 : INFO : Test AUC: 0.5229
2022-05-08 02:11:56,213 : INFO : epoch 5/30:
2022-05-08 02:11:56,213 : INFO : Total loss: 38.9645
2022-05-08 02:11:56,213 : INFO : SGNS loss: 45.9493
2022-05-08 02:11:56,213 : INFO : Dirichlet loss: -6.9848
2022-05-08 02:11:56,213 : INFO : Prediction loss: 0.0000
2022-05-08 02:11:56,213 : INFO : Diversity loss: 0.0000
2022-05-08 02:11:56,216 : INFO : concept 1: plastic comfy corner real mind white robust decent equipment rest
2022-05-08 02:11:56,217 : INFO : concept 2: wrong printer difference note separate frame television summer live twice
2022-05-08 02:12:00,216 : INFO : Train AUC: 0.5473
2022-05-08 02:12:00,219 : INFO : Test AUC: 0.5450
2022-05-08 02:12:00,219 : INFO : epoch 6/30:
2022-05-08 02:12:00,219 : INFO : Total loss: 39.0103
2022-05-08 02:12:00,219 : INFO : SGNS loss: 45.9443
2022-05-08 02:12:00,220 : INFO : Dirichlet loss: -6.9340
2022-05-08 02:12:00,220 : INFO : Prediction loss: 0.0000
2022-05-08 02:12:00,220 : INFO : Diversity loss: 0.0000
2022-05-08 02:12:00,223 : INFO : concept 1: plastic comfy corner real mind white robust decent equipment rest
2022-05-08 02:12:00,223 : INFO : concept 2: wrong printer difference note separate frame television summer live twice
2022-05-08 02:12:04,221 : INFO : Train AUC: 0.6038
2022-05-08 02:12:04,224 : INFO : Test AUC: 0.5992
2022-05-08 02:12:04,224 : INFO : epoch 7/30:
2022-05-08 02:12:04,224 : INFO : Total loss: 39.0152
2022-05-08 02:12:04,224 : INFO : SGNS loss: 45.9468
2022-05-08 02:12:04,224 : INFO : Dirichlet loss: -6.9316
2022-05-08 02:12:04,225 : INFO : Prediction loss: 0.0000
2022-05-08 02:12:04,225 : INFO : Diversity loss: 0.0000
2022-05-08 02:12:04,228 : INFO : concept 1: plastic comfy corner real mind white robust decent equipment rest
2022-05-08 02:12:04,229 : INFO : concept 2: wrong printer difference note separate frame television summer live twice
2022-05-08 02:12:08,260 : INFO : Train AUC: 0.7442
2022-05-08 02:12:08,263 : INFO : Test AUC: 0.7426
2022-05-08 02:12:08,263 : INFO : epoch 8/30:
2022-05-08 02:12:08,264 : INFO : Total loss: 39.0148
2022-05-08 02:12:08,264 : INFO : SGNS loss: 45.9463
2022-05-08 02:12:08,264 : INFO : Dirichlet loss: -6.9315
2022-05-08 02:12:08,264 : INFO : Prediction loss: 0.0000
2022-05-08 02:12:08,264 : INFO : Diversity loss: 0.0000
2022-05-08 02:12:08,268 : INFO : concept 1: plastic comfy corner real mind white robust decent equipment rest
2022-05-08 02:12:08,268 : INFO : concept 2: wrong printer difference note separate frame television summer live twice
2022-05-08 02:12:12,323 : INFO : Train AUC: 1.0000
2022-05-08 02:12:12,326 : INFO : Test AUC: 1.0000
2022-05-08 02:12:12,326 : INFO : epoch 9/30:
2022-05-08 02:12:12,326 : INFO : Total loss: 39.0169
2022-05-08 02:12:12,326 : INFO : SGNS loss: 45.9484
2022-05-08 02:12:12,327 : INFO : Dirichlet loss: -6.9315
2022-05-08 02:12:12,327 : INFO : Prediction loss: 0.0000
2022-05-08 02:12:12,327 : INFO : Diversity loss: 0.0000
2022-05-08 02:12:12,330 : INFO : concept 1: plastic comfy corner real mind white robust decent equipment rest
2022-05-08 02:12:12,330 : INFO : concept 2: wrong printer difference note separate frame television summer live twice
2022-05-08 02:12:16,421 : INFO : Train AUC: 1.0000
2022-05-08 02:12:16,424 : INFO : Test AUC: 1.0000
2022-05-08 02:12:16,424 : INFO : epoch 10/30:
2022-05-08 02:12:16,424 : INFO : Total loss: 39.0126
2022-05-08 02:12:16,424 : INFO : SGNS loss: 45.9441
2022-05-08 02:12:16,424 : INFO : Dirichlet loss: -6.9315
2022-05-08 02:12:16,424 : INFO : Prediction loss: 0.0000
2022-05-08 02:12:16,425 : INFO : Diversity loss: 0.0000
2022-05-08 02:12:16,428 : INFO : concept 1: plastic comfy corner real mind white robust decent equipment rest
2022-05-08 02:12:16,428 : INFO : concept 2: wrong printer difference note separate frame television summer live twice
2022-05-08 02:12:20,480 : INFO : Train AUC: 1.0000
2022-05-08 02:12:20,483 : INFO : Test AUC: 1.0000
2022-05-08 02:12:20,484 : INFO : epoch 11/30:
2022-05-08 02:12:20,484 : INFO : Total loss: 39.0134
2022-05-08 02:12:20,484 : INFO : SGNS loss: 45.9448
2022-05-08 02:12:20,484 : INFO : Dirichlet loss: -6.9315
2022-05-08 02:12:20,484 : INFO : Prediction loss: 0.0000
2022-05-08 02:12:20,484 : INFO : Diversity loss: 0.0000
2022-05-08 02:12:20,488 : INFO : concept 1: plastic comfy corner real mind white robust decent equipment rest
2022-05-08 02:12:20,488 : INFO : concept 2: wrong printer difference note separate frame television summer live twice
2022-05-08 02:12:24,563 : INFO : Train AUC: 1.0000
2022-05-08 02:12:24,565 : INFO : Test AUC: 1.0000
2022-05-08 02:12:24,566 : INFO : epoch 12/30:
2022-05-08 02:12:24,566 : INFO : Total loss: 39.0188
2022-05-08 02:12:24,566 : INFO : SGNS loss: 45.9503
2022-05-08 02:12:24,566 : INFO : Dirichlet loss: -6.9315
2022-05-08 02:12:24,566 : INFO : Prediction loss: 0.0000
2022-05-08 02:12:24,566 : INFO : Diversity loss: 0.0000
2022-05-08 02:12:24,570 : INFO : concept 1: plastic comfy corner real mind white robust decent equipment rest
2022-05-08 02:12:24,570 : INFO : concept 2: wrong printer difference note separate frame television summer live twice
2022-05-08 02:12:28,600 : INFO : Train AUC: 1.0000
2022-05-08 02:12:28,603 : INFO : Test AUC: 1.0000
2022-05-08 02:12:28,603 : INFO : epoch 13/30:
2022-05-08 02:12:28,603 : INFO : Total loss: 39.0135
2022-05-08 02:12:28,603 : INFO : SGNS loss: 45.9450
2022-05-08 02:12:28,603 : INFO : Dirichlet loss: -6.9315
2022-05-08 02:12:28,603 : INFO : Prediction loss: 0.0000
2022-05-08 02:12:28,604 : INFO : Diversity loss: 0.0000
2022-05-08 02:12:28,607 : INFO : concept 1: plastic comfy corner real mind white robust decent equipment rest
2022-05-08 02:12:28,607 : INFO : concept 2: wrong printer difference note separate frame television summer live twice
2022-05-08 02:12:32,601 : INFO : Train AUC: 1.0000
2022-05-08 02:12:32,603 : INFO : Test AUC: 1.0000
2022-05-08 02:12:32,604 : INFO : epoch 14/30:
2022-05-08 02:12:32,604 : INFO : Total loss: 39.0142
2022-05-08 02:12:32,604 : INFO : SGNS loss: 45.9457
2022-05-08 02:12:32,604 : INFO : Dirichlet loss: -6.9315
2022-05-08 02:12:32,604 : INFO : Prediction loss: 0.0000
2022-05-08 02:12:32,604 : INFO : Diversity loss: 0.0000
2022-05-08 02:12:32,608 : INFO : concept 1: plastic comfy corner real mind white robust decent equipment rest
2022-05-08 02:12:32,608 : INFO : concept 2: wrong printer difference note separate frame television summer live twice
2022-05-08 02:12:36,981 : INFO : Train AUC: 1.0000
2022-05-08 02:12:36,984 : INFO : Test AUC: 1.0000
2022-05-08 02:12:36,984 : INFO : epoch 15/30:
2022-05-08 02:12:36,984 : INFO : Total loss: -63.2759
2022-05-08 02:12:36,985 : INFO : SGNS loss: 23.6698
2022-05-08 02:12:36,985 : INFO : Dirichlet loss: -86.9456
2022-05-08 02:12:36,985 : INFO : Prediction loss: 0.0000
2022-05-08 02:12:36,985 : INFO : Diversity loss: 0.0000
2022-05-08 02:12:36,988 : INFO : concept 1: easy use look great excellent term guide narrow pattern obviously
2022-05-08 02:12:36,988 : INFO : concept 2: great easy buy use guide hopefully look wipe rubber beautifully
2022-05-08 02:12:41,266 : INFO : Train AUC: 1.0000
2022-05-08 02:12:41,269 : INFO : Test AUC: 1.0000
2022-05-08 02:12:41,269 : INFO : epoch 16/30:
2022-05-08 02:12:41,270 : INFO : Total loss: -88.4354
2022-05-08 02:12:41,270 : INFO : SGNS loss: 15.1809
2022-05-08 02:12:41,270 : INFO : Dirichlet loss: -103.6162
2022-05-08 02:12:41,270 : INFO : Prediction loss: 0.0000
2022-05-08 02:12:41,270 : INFO : Diversity loss: 0.0000
2022-05-08 02:12:41,273 : INFO : concept 1: easy use look great granddaughter durable gorgeous holiday future windows
2022-05-08 02:12:41,273 : INFO : concept 2: great easy use buy price look quality money excellent granddaughter
2022-05-08 02:12:45,568 : INFO : Train AUC: 1.0000
2022-05-08 02:12:45,571 : INFO : Test AUC: 1.0000
2022-05-08 02:12:45,572 : INFO : epoch 17/30:
2022-05-08 02:12:45,572 : INFO : Total loss: -88.5925
2022-05-08 02:12:45,572 : INFO : SGNS loss: 15.0236
2022-05-08 02:12:45,572 : INFO : Dirichlet loss: -103.6160
2022-05-08 02:12:45,572 : INFO : Prediction loss: 0.0000
2022-05-08 02:12:45,572 : INFO : Diversity loss: 0.0000
2022-05-08 02:12:45,576 : INFO : concept 1: use easy accessory content mention work buy key immediately trouble
2022-05-08 02:12:45,576 : INFO : concept 2: great easy look use quality buy price excellent nice money
2022-05-08 02:12:49,858 : INFO : Train AUC: 1.0000
2022-05-08 02:12:49,861 : INFO : Test AUC: 1.0000
2022-05-08 02:12:49,862 : INFO : epoch 18/30:
2022-05-08 02:12:49,864 : INFO : Total loss: -88.6425
2022-05-08 02:12:49,864 : INFO : SGNS loss: 14.9734
2022-05-08 02:12:49,864 : INFO : Dirichlet loss: -103.6159
2022-05-08 02:12:49,864 : INFO : Prediction loss: 0.0000
2022-05-08 02:12:49,864 : INFO : Diversity loss: 0.0000
2022-05-08 02:12:49,868 : INFO : concept 1: gadget small use ready fi kettle effort wall find bit
2022-05-08 02:12:49,868 : INFO : concept 2: price easy great use quality buy look money recommend find
2022-05-08 02:12:54,208 : INFO : Train AUC: 1.0000
2022-05-08 02:12:54,211 : INFO : Test AUC: 1.0000
2022-05-08 02:12:54,211 : INFO : epoch 19/30:
2022-05-08 02:12:54,211 : INFO : Total loss: -88.6652
2022-05-08 02:12:54,211 : INFO : SGNS loss: 14.9508
2022-05-08 02:12:54,211 : INFO : Dirichlet loss: -103.6159
2022-05-08 02:12:54,211 : INFO : Prediction loss: 0.0000
2022-05-08 02:12:54,211 : INFO : Diversity loss: 0.0000
2022-05-08 02:12:54,215 : INFO : concept 1: limited unable water baby mode buy like suitable dark follow
2022-05-08 02:12:54,215 : INFO : concept 2: great buy easy purchase look use limited price quality excellent
2022-05-08 02:12:58,544 : INFO : Train AUC: 0.9998
2022-05-08 02:12:58,547 : INFO : Test AUC: 0.9997
2022-05-08 02:12:58,547 : INFO : epoch 20/30:
2022-05-08 02:12:58,547 : INFO : Total loss: -88.6777
2022-05-08 02:12:58,547 : INFO : SGNS loss: 14.9382
2022-05-08 02:12:58,547 : INFO : Dirichlet loss: -103.6159
2022-05-08 02:12:58,547 : INFO : Prediction loss: 0.0000
2022-05-08 02:12:58,548 : INFO : Diversity loss: 0.0000
2022-05-08 02:12:58,551 : INFO : concept 1: time enjoy experience unable minor girl buy fit long advise
2022-05-08 02:12:58,551 : INFO : concept 2: look great buy easy price use time quality money excellent
2022-05-08 02:13:02,863 : INFO : Train AUC: 0.8516
2022-05-08 02:13:02,866 : INFO : Test AUC: 0.8484
2022-05-08 02:13:02,866 : INFO : epoch 21/30:
2022-05-08 02:13:02,866 : INFO : Total loss: -88.6847
2022-05-08 02:13:02,866 : INFO : SGNS loss: 14.9311
2022-05-08 02:13:02,866 : INFO : Dirichlet loss: -103.6159
2022-05-08 02:13:02,866 : INFO : Prediction loss: 0.0000
2022-05-08 02:13:02,866 : INFO : Diversity loss: 0.0000
2022-05-08 02:13:02,870 : INFO : concept 1: lounge reserve looking write push replacement lead baby fabric time
2022-05-08 02:13:02,870 : INFO : concept 2: buy look great easy use price work time quality looking
2022-05-08 02:13:07,135 : INFO : Train AUC: 0.5000
2022-05-08 02:13:07,137 : INFO : Test AUC: 0.5000
2022-05-08 02:13:07,137 : INFO : epoch 22/30:
2022-05-08 02:13:07,137 : INFO : Total loss: -88.6890
2022-05-08 02:13:07,138 : INFO : SGNS loss: 14.9268
2022-05-08 02:13:07,138 : INFO : Dirichlet loss: -103.6158
2022-05-08 02:13:07,138 : INFO : Prediction loss: 0.0000
2022-05-08 02:13:07,138 : INFO : Diversity loss: 0.0000
2022-05-08 02:13:07,141 : INFO : concept 1: grandson hobbs pattern measure television mind simply arrive rubber market
2022-05-08 02:13:07,141 : INFO : concept 2: great price look easy money buy use grandson cheap excellent
2022-05-08 02:13:11,411 : INFO : Train AUC: 0.5000
2022-05-08 02:13:11,413 : INFO : Test AUC: 0.5000
2022-05-08 02:13:11,413 : INFO : epoch 23/30:
2022-05-08 02:13:11,414 : INFO : Total loss: -88.6929
2022-05-08 02:13:11,414 : INFO : SGNS loss: 14.9230
2022-05-08 02:13:11,414 : INFO : Dirichlet loss: -103.6159
2022-05-08 02:13:11,414 : INFO : Prediction loss: 0.0000
2022-05-08 02:13:11,414 : INFO : Diversity loss: 0.0000
2022-05-08 02:13:11,417 : INFO : concept 1: telephone chrome send cut extension buy foot looking serve initially
2022-05-08 02:13:11,418 : INFO : concept 2: buy easy great use price look quality excellent cheap fit
2022-05-08 02:13:15,713 : INFO : Train AUC: 0.5000
2022-05-08 02:13:15,716 : INFO : Test AUC: 0.5000
2022-05-08 02:13:15,716 : INFO : epoch 24/30:
2022-05-08 02:13:15,716 : INFO : Total loss: -88.6957
2022-05-08 02:13:15,716 : INFO : SGNS loss: 14.9201
2022-05-08 02:13:15,716 : INFO : Dirichlet loss: -103.6158
2022-05-08 02:13:15,716 : INFO : Prediction loss: 0.0000
2022-05-08 02:13:15,716 : INFO : Diversity loss: 0.0000
2022-05-08 02:13:15,720 : INFO : concept 1: argos lg argo thing update hop functional mat fill figure
2022-05-08 02:13:15,720 : INFO : concept 2: price great easy use look quality buy excellent argos money
2022-05-08 02:13:20,007 : INFO : Train AUC: 0.5000
2022-05-08 02:13:20,009 : INFO : Test AUC: 0.5000
2022-05-08 02:13:20,009 : INFO : epoch 25/30:
2022-05-08 02:13:20,009 : INFO : Total loss: -88.6991
2022-05-08 02:13:20,009 : INFO : SGNS loss: 14.9167
2022-05-08 02:13:20,010 : INFO : Dirichlet loss: -103.6158
2022-05-08 02:13:20,010 : INFO : Prediction loss: 0.0000
2022-05-08 02:13:20,010 : INFO : Diversity loss: 0.0000
2022-05-08 02:13:20,013 : INFO : concept 1: collection struggle present hide summer fix towel wish bulky chrome
2022-05-08 02:13:20,013 : INFO : concept 2: great easy look buy price use purchase quality recommend need
2022-05-08 02:13:24,319 : INFO : Train AUC: 0.5000
2022-05-08 02:13:24,322 : INFO : Test AUC: 0.5000
2022-05-08 02:13:24,322 : INFO : epoch 26/30:
2022-05-08 02:13:24,323 : INFO : Total loss: -88.6998
2022-05-08 02:13:24,323 : INFO : SGNS loss: 14.9160
2022-05-08 02:13:24,323 : INFO : Dirichlet loss: -103.6158
2022-05-08 02:13:24,323 : INFO : Prediction loss: 0.0000
2022-05-08 02:13:24,323 : INFO : Diversity loss: 0.0000
2022-05-08 02:13:24,327 : INFO : concept 1: upgrade write volume water pop hide weather collect material load
2022-05-08 02:13:24,327 : INFO : concept 2: easy look buy use bit great recommend nice excellent money
2022-05-08 02:13:28,632 : INFO : Train AUC: 0.5000
2022-05-08 02:13:28,635 : INFO : Test AUC: 0.5000
2022-05-08 02:13:28,635 : INFO : epoch 27/30:
2022-05-08 02:13:28,635 : INFO : Total loss: -88.6997
2022-05-08 02:13:28,635 : INFO : SGNS loss: 14.9161
2022-05-08 02:13:28,635 : INFO : Dirichlet loss: -103.6158
2022-05-08 02:13:28,635 : INFO : Prediction loss: 0.0000
2022-05-08 02:13:28,636 : INFO : Diversity loss: 0.0000
2022-05-08 02:13:28,639 : INFO : concept 1: quickly beautiful complain follow terrible detail mirror badly outside click
2022-05-08 02:13:28,639 : INFO : concept 2: easy use great quality price nice excellent buy quickly money
2022-05-08 02:13:32,946 : INFO : Train AUC: 0.5000
2022-05-08 02:13:32,948 : INFO : Test AUC: 0.5000
2022-05-08 02:13:32,948 : INFO : epoch 28/30:
2022-05-08 02:13:32,949 : INFO : Total loss: -88.7024
2022-05-08 02:13:32,949 : INFO : SGNS loss: 14.9132
2022-05-08 02:13:32,949 : INFO : Dirichlet loss: -103.6156
2022-05-08 02:13:32,949 : INFO : Prediction loss: 0.0000
2022-05-08 02:13:32,949 : INFO : Diversity loss: 0.0000
2022-05-08 02:13:32,952 : INFO : concept 1: glue carry able tap quilt practical computer feature limit okay
2022-05-08 02:13:32,953 : INFO : concept 2: great buy use easy price nice look quality excellent money
2022-05-08 02:13:37,289 : INFO : Train AUC: 0.5000
2022-05-08 02:13:37,291 : INFO : Test AUC: 0.5000
2022-05-08 02:13:37,291 : INFO : epoch 29/30:
2022-05-08 02:13:37,292 : INFO : Total loss: -88.7033
2022-05-08 02:13:37,292 : INFO : SGNS loss: 14.9123
2022-05-08 02:13:37,292 : INFO : Dirichlet loss: -103.6157
2022-05-08 02:13:37,292 : INFO : Prediction loss: 0.0000
2022-05-08 02:13:37,292 : INFO : Diversity loss: 0.0000
2022-05-08 02:13:37,295 : INFO : concept 1: mother actual heater phone wash wet sized bathroom water feed
2022-05-08 02:13:37,296 : INFO : concept 2: great easy buy price use look nice excellent need phone
