2022-05-09 05:35:29,152 : INFO : Train AUC: 0.5030
2022-05-09 05:35:29,156 : INFO : Test AUC: 0.5023
2022-05-09 05:35:29,156 : INFO : epoch 0/30:
2022-05-09 05:35:29,156 : INFO : Total loss: 71646.1543
2022-05-09 05:35:29,157 : INFO : SGNS loss: 46.1338
2022-05-09 05:35:29,157 : INFO : Dirichlet loss: -9.4703
2022-05-09 05:35:29,157 : INFO : Prediction loss: 71576.3328
2022-05-09 05:35:29,157 : INFO : Diversity loss: 33.1579
2022-05-09 05:35:29,160 : INFO : concept 1: plastic comfy corner real mind white robust decent equipment rest
2022-05-09 05:35:29,161 : INFO : concept 2: wrong printer difference note separate frame television summer live twice
2022-05-09 05:35:33,439 : INFO : Train AUC: 0.5088
2022-05-09 05:35:33,442 : INFO : Test AUC: 0.5061
2022-05-09 05:35:33,442 : INFO : epoch 1/30:
2022-05-09 05:35:33,442 : INFO : Total loss: 47824.9950
2022-05-09 05:35:33,442 : INFO : SGNS loss: 46.1364
2022-05-09 05:35:33,443 : INFO : Dirichlet loss: -9.1165
2022-05-09 05:35:33,443 : INFO : Prediction loss: 47754.8173
2022-05-09 05:35:33,443 : INFO : Diversity loss: 33.1579
2022-05-09 05:35:33,446 : INFO : concept 1: plastic comfy corner real mind white robust decent equipment rest
2022-05-09 05:35:33,446 : INFO : concept 2: wrong printer difference note separate frame television summer live twice
2022-05-09 05:35:37,644 : INFO : Train AUC: 0.5366
2022-05-09 05:35:37,646 : INFO : Test AUC: 0.5341
2022-05-09 05:35:37,647 : INFO : epoch 2/30:
2022-05-09 05:35:37,647 : INFO : Total loss: 24015.9432
2022-05-09 05:35:37,647 : INFO : SGNS loss: 46.1328
2022-05-09 05:35:37,647 : INFO : Dirichlet loss: -7.9471
2022-05-09 05:35:37,647 : INFO : Prediction loss: 23944.5996
2022-05-09 05:35:37,647 : INFO : Diversity loss: 33.1579
2022-05-09 05:35:37,651 : INFO : concept 1: plastic comfy corner real mind white robust decent equipment rest
2022-05-09 05:35:37,651 : INFO : concept 2: wrong printer difference note separate frame television summer live twice
2022-05-09 05:35:41,815 : INFO : Train AUC: 0.8545
2022-05-09 05:35:41,818 : INFO : Test AUC: 0.8472
2022-05-09 05:35:41,818 : INFO : epoch 3/30:
2022-05-09 05:35:41,818 : INFO : Total loss: 3518.6492
2022-05-09 05:35:41,818 : INFO : SGNS loss: 46.1492
2022-05-09 05:35:41,818 : INFO : Dirichlet loss: -7.8347
2022-05-09 05:35:41,819 : INFO : Prediction loss: 3447.1769
2022-05-09 05:35:41,819 : INFO : Diversity loss: 33.1579
2022-05-09 05:35:41,822 : INFO : concept 1: plastic comfy corner real mind white robust decent equipment rest
2022-05-09 05:35:41,822 : INFO : concept 2: wrong printer difference note separate frame television summer live twice
2022-05-09 05:35:46,027 : INFO : Train AUC: 0.8874
2022-05-09 05:35:46,030 : INFO : Test AUC: 0.8810
2022-05-09 05:35:46,030 : INFO : epoch 4/30:
2022-05-09 05:35:46,030 : INFO : Total loss: 284.6648
2022-05-09 05:35:46,031 : INFO : SGNS loss: 46.1585
2022-05-09 05:35:46,031 : INFO : Dirichlet loss: -8.8915
2022-05-09 05:35:46,031 : INFO : Prediction loss: 214.2399
2022-05-09 05:35:46,031 : INFO : Diversity loss: 33.1579
2022-05-09 05:35:46,034 : INFO : concept 1: plastic comfy corner real mind white robust decent equipment rest
2022-05-09 05:35:46,035 : INFO : concept 2: wrong printer difference note separate frame television summer live twice
2022-05-09 05:35:50,215 : INFO : Train AUC: 0.9153
2022-05-09 05:35:50,218 : INFO : Test AUC: 0.9125
2022-05-09 05:35:50,218 : INFO : epoch 5/30:
2022-05-09 05:35:50,218 : INFO : Total loss: 211.7867
2022-05-09 05:35:50,218 : INFO : SGNS loss: 46.1395
2022-05-09 05:35:50,218 : INFO : Dirichlet loss: -5.7300
2022-05-09 05:35:50,219 : INFO : Prediction loss: 138.2194
2022-05-09 05:35:50,219 : INFO : Diversity loss: 33.1579
2022-05-09 05:35:50,222 : INFO : concept 1: plastic comfy corner real mind white robust decent equipment rest
2022-05-09 05:35:50,222 : INFO : concept 2: wrong printer difference note separate frame television summer live twice
2022-05-09 05:35:54,443 : INFO : Train AUC: 0.9505
2022-05-09 05:35:54,446 : INFO : Test AUC: 0.9478
2022-05-09 05:35:54,446 : INFO : epoch 6/30:
2022-05-09 05:35:54,447 : INFO : Total loss: 149.4054
2022-05-09 05:35:54,447 : INFO : SGNS loss: 46.1383
2022-05-09 05:35:54,447 : INFO : Dirichlet loss: -5.2108
2022-05-09 05:35:54,447 : INFO : Prediction loss: 75.3201
2022-05-09 05:35:54,447 : INFO : Diversity loss: 33.1579
2022-05-09 05:35:54,451 : INFO : concept 1: plastic comfy corner real mind white robust decent equipment rest
2022-05-09 05:35:54,451 : INFO : concept 2: wrong printer difference note separate frame television summer live twice
2022-05-09 05:35:58,692 : INFO : Train AUC: 0.9670
2022-05-09 05:35:58,696 : INFO : Test AUC: 0.9644
2022-05-09 05:35:58,696 : INFO : epoch 7/30:
2022-05-09 05:35:58,696 : INFO : Total loss: 109.3652
2022-05-09 05:35:58,696 : INFO : SGNS loss: 46.1358
2022-05-09 05:35:58,697 : INFO : Dirichlet loss: -4.2978
2022-05-09 05:35:58,697 : INFO : Prediction loss: 34.3693
2022-05-09 05:35:58,697 : INFO : Diversity loss: 33.1579
2022-05-09 05:35:58,701 : INFO : concept 1: plastic comfy corner real mind white robust decent equipment rest
2022-05-09 05:35:58,703 : INFO : concept 2: wrong printer difference note separate frame television summer live twice
2022-05-09 05:36:02,981 : INFO : Train AUC: 0.9674
2022-05-09 05:36:02,985 : INFO : Test AUC: 0.9640
2022-05-09 05:36:02,990 : INFO : epoch 8/30:
2022-05-09 05:36:02,991 : INFO : Total loss: 91.8457
2022-05-09 05:36:02,992 : INFO : SGNS loss: 46.1377
2022-05-09 05:36:02,992 : INFO : Dirichlet loss: -4.4649
2022-05-09 05:36:02,992 : INFO : Prediction loss: 17.0151
2022-05-09 05:36:02,992 : INFO : Diversity loss: 33.1579
2022-05-09 05:36:02,997 : INFO : concept 1: plastic comfy corner real mind white robust decent equipment rest
2022-05-09 05:36:02,997 : INFO : concept 2: wrong printer difference note separate frame television summer live twice
2022-05-09 05:36:07,143 : INFO : Train AUC: 0.9910
2022-05-09 05:36:07,146 : INFO : Test AUC: 0.9893
2022-05-09 05:36:07,147 : INFO : epoch 9/30:
2022-05-09 05:36:07,147 : INFO : Total loss: 87.4378
2022-05-09 05:36:07,147 : INFO : SGNS loss: 46.1408
2022-05-09 05:36:07,147 : INFO : Dirichlet loss: -3.6370
2022-05-09 05:36:07,147 : INFO : Prediction loss: 11.7761
2022-05-09 05:36:07,147 : INFO : Diversity loss: 33.1579
2022-05-09 05:36:07,151 : INFO : concept 1: plastic comfy corner real mind white robust decent equipment rest
2022-05-09 05:36:07,151 : INFO : concept 2: wrong printer difference note separate frame television summer live twice
2022-05-09 05:36:11,336 : INFO : Train AUC: 0.9934
2022-05-09 05:36:11,339 : INFO : Test AUC: 0.9913
2022-05-09 05:36:11,343 : INFO : epoch 10/30:
2022-05-09 05:36:11,343 : INFO : Total loss: 85.2241
2022-05-09 05:36:11,343 : INFO : SGNS loss: 46.1334
2022-05-09 05:36:11,343 : INFO : Dirichlet loss: -3.2967
2022-05-09 05:36:11,344 : INFO : Prediction loss: 9.2296
2022-05-09 05:36:11,344 : INFO : Diversity loss: 33.1579
2022-05-09 05:36:11,347 : INFO : concept 1: plastic comfy corner real mind white robust decent equipment rest
2022-05-09 05:36:11,347 : INFO : concept 2: wrong printer difference note separate frame television summer live twice
2022-05-09 05:36:15,550 : INFO : Train AUC: 0.9814
2022-05-09 05:36:15,553 : INFO : Test AUC: 0.9766
2022-05-09 05:36:15,553 : INFO : epoch 11/30:
2022-05-09 05:36:15,553 : INFO : Total loss: 84.4020
2022-05-09 05:36:15,553 : INFO : SGNS loss: 46.1320
2022-05-09 05:36:15,553 : INFO : Dirichlet loss: -3.1954
2022-05-09 05:36:15,553 : INFO : Prediction loss: 8.3075
2022-05-09 05:36:15,553 : INFO : Diversity loss: 33.1579
2022-05-09 05:36:15,557 : INFO : concept 1: plastic comfy corner real mind white robust decent equipment rest
2022-05-09 05:36:15,557 : INFO : concept 2: wrong printer difference note separate frame television summer live twice
2022-05-09 05:36:19,731 : INFO : Train AUC: 0.9944
2022-05-09 05:36:19,734 : INFO : Test AUC: 0.9926
2022-05-09 05:36:19,734 : INFO : epoch 12/30:
2022-05-09 05:36:19,734 : INFO : Total loss: 83.8133
2022-05-09 05:36:19,734 : INFO : SGNS loss: 46.1380
2022-05-09 05:36:19,735 : INFO : Dirichlet loss: -3.3369
2022-05-09 05:36:19,735 : INFO : Prediction loss: 7.8544
2022-05-09 05:36:19,735 : INFO : Diversity loss: 33.1579
2022-05-09 05:36:19,738 : INFO : concept 1: plastic comfy corner real mind white robust decent equipment rest
2022-05-09 05:36:19,738 : INFO : concept 2: wrong printer difference note separate frame television summer live twice
2022-05-09 05:36:23,877 : INFO : Train AUC: 0.9945
2022-05-09 05:36:23,880 : INFO : Test AUC: 0.9926
2022-05-09 05:36:23,880 : INFO : epoch 13/30:
2022-05-09 05:36:23,881 : INFO : Total loss: 83.6466
2022-05-09 05:36:23,881 : INFO : SGNS loss: 46.1312
2022-05-09 05:36:23,881 : INFO : Dirichlet loss: -3.1233
2022-05-09 05:36:23,881 : INFO : Prediction loss: 7.4808
2022-05-09 05:36:23,881 : INFO : Diversity loss: 33.1579
2022-05-09 05:36:23,885 : INFO : concept 1: plastic comfy corner real mind white robust decent equipment rest
2022-05-09 05:36:23,885 : INFO : concept 2: wrong printer difference note separate frame television summer live twice
2022-05-09 05:36:28,079 : INFO : Train AUC: 0.9839
2022-05-09 05:36:28,082 : INFO : Test AUC: 0.9788
2022-05-09 05:36:28,082 : INFO : epoch 14/30:
2022-05-09 05:36:28,082 : INFO : Total loss: 83.1672
2022-05-09 05:36:28,082 : INFO : SGNS loss: 46.1336
2022-05-09 05:36:28,083 : INFO : Dirichlet loss: -3.2793
2022-05-09 05:36:28,083 : INFO : Prediction loss: 7.1550
2022-05-09 05:36:28,083 : INFO : Diversity loss: 33.1579
2022-05-09 05:36:28,086 : INFO : concept 1: plastic comfy corner real mind white robust decent equipment rest
2022-05-09 05:36:28,086 : INFO : concept 2: wrong printer difference note separate frame television summer live twice
2022-05-09 05:36:32,648 : INFO : Train AUC: 0.9909
2022-05-09 05:36:32,651 : INFO : Test AUC: 0.9882
2022-05-09 05:36:32,651 : INFO : epoch 15/30:
2022-05-09 05:36:32,651 : INFO : Total loss: 51.7384
2022-05-09 05:36:32,652 : INFO : SGNS loss: 23.1985
2022-05-09 05:36:32,652 : INFO : Dirichlet loss: -9.7684
2022-05-09 05:36:32,652 : INFO : Prediction loss: 8.2933
2022-05-09 05:36:32,652 : INFO : Diversity loss: 30.0149
2022-05-09 05:36:32,658 : INFO : concept 1: great buy easy use look excellent quality price money guide
2022-05-09 05:36:32,658 : INFO : concept 2: wipe rug paper daily durable search local curtain manufacturer leak
2022-05-09 05:36:37,156 : INFO : Train AUC: 0.9911
2022-05-09 05:36:37,159 : INFO : Test AUC: 0.9881
2022-05-09 05:36:37,159 : INFO : epoch 16/30:
2022-05-09 05:36:37,160 : INFO : Total loss: 26.1142
2022-05-09 05:36:37,160 : INFO : SGNS loss: 15.0238
2022-05-09 05:36:37,160 : INFO : Dirichlet loss: -10.3448
2022-05-09 05:36:37,160 : INFO : Prediction loss: 5.7012
2022-05-09 05:36:37,160 : INFO : Diversity loss: 15.7339
2022-05-09 05:36:37,163 : INFO : concept 1: easy price great use money look like buy excellent quality
2022-05-09 05:36:37,164 : INFO : concept 2: thin curtain rug poor paper material bag return cheap photo
2022-05-09 05:36:41,631 : INFO : Train AUC: 0.9946
2022-05-09 05:36:41,634 : INFO : Test AUC: 0.9927
2022-05-09 05:36:41,635 : INFO : epoch 17/30:
2022-05-09 05:36:41,635 : INFO : Total loss: 17.5929
2022-05-09 05:36:41,635 : INFO : SGNS loss: 14.9160
2022-05-09 05:36:41,635 : INFO : Dirichlet loss: -10.3351
2022-05-09 05:36:41,635 : INFO : Prediction loss: 6.3301
2022-05-09 05:36:41,635 : INFO : Diversity loss: 6.6820
2022-05-09 05:36:41,639 : INFO : concept 1: great use quality easy son buy recommend price look item
2022-05-09 05:36:41,639 : INFO : concept 2: curtain thin material bag paper poor hang rug return rubbish
2022-05-09 05:36:46,053 : INFO : Train AUC: 0.9794
2022-05-09 05:36:46,056 : INFO : Test AUC: 0.9759
2022-05-09 05:36:46,056 : INFO : epoch 18/30:
2022-05-09 05:36:46,056 : INFO : Total loss: 15.4321
2022-05-09 05:36:46,056 : INFO : SGNS loss: 14.9106
2022-05-09 05:36:46,056 : INFO : Dirichlet loss: -10.3330
2022-05-09 05:36:46,056 : INFO : Prediction loss: 7.4975
2022-05-09 05:36:46,057 : INFO : Diversity loss: 3.3570
2022-05-09 05:36:46,060 : INFO : concept 1: use great buy easy iron quality price pleased look simple
2022-05-09 05:36:46,060 : INFO : concept 2: thin curtain paper rug material poor hang let rubbish terrible
2022-05-09 05:36:50,548 : INFO : Train AUC: 0.9948
2022-05-09 05:36:50,551 : INFO : Test AUC: 0.9929
2022-05-09 05:36:50,551 : INFO : epoch 19/30:
2022-05-09 05:36:50,551 : INFO : Total loss: 13.8447
2022-05-09 05:36:50,551 : INFO : SGNS loss: 14.9163
2022-05-09 05:36:50,552 : INFO : Dirichlet loss: -10.3353
2022-05-09 05:36:50,552 : INFO : Prediction loss: 7.3041
2022-05-09 05:36:50,552 : INFO : Diversity loss: 1.9595
2022-05-09 05:36:50,555 : INFO : concept 1: great cream buy easy look recommend use price fit purchase
2022-05-09 05:36:50,555 : INFO : concept 2: rug thin curtain paper idea poor absolute hang photo beautiful
2022-05-09 05:36:55,033 : INFO : Train AUC: 0.9947
2022-05-09 05:36:55,037 : INFO : Test AUC: 0.9928
2022-05-09 05:36:55,038 : INFO : epoch 20/30:
2022-05-09 05:36:55,038 : INFO : Total loss: 13.0163
2022-05-09 05:36:55,038 : INFO : SGNS loss: 14.9206
2022-05-09 05:36:55,038 : INFO : Dirichlet loss: -10.3314
2022-05-09 05:36:55,038 : INFO : Prediction loss: 7.1089
2022-05-09 05:36:55,038 : INFO : Diversity loss: 1.3182
2022-05-09 05:36:55,042 : INFO : concept 1: price great buy look use recommend excellent time quality easy
2022-05-09 05:36:55,042 : INFO : concept 2: curtain thin material paper block hang blind draw straight open
2022-05-09 05:36:59,510 : INFO : Train AUC: 0.9797
2022-05-09 05:36:59,513 : INFO : Test AUC: 0.9761
2022-05-09 05:36:59,514 : INFO : epoch 21/30:
2022-05-09 05:36:59,514 : INFO : Total loss: 12.4388
2022-05-09 05:36:59,514 : INFO : SGNS loss: 14.9202
2022-05-09 05:36:59,514 : INFO : Dirichlet loss: -10.3379
2022-05-09 05:36:59,514 : INFO : Prediction loss: 6.8657
2022-05-09 05:36:59,514 : INFO : Diversity loss: 0.9908
2022-05-09 05:36:59,518 : INFO : concept 1: great quality know look buy money use little easy price
2022-05-09 05:36:59,518 : INFO : concept 2: curtain thin material fabric cheap total know poor paper bedroom
2022-05-09 05:37:04,093 : INFO : Train AUC: 0.9951
2022-05-09 05:37:04,096 : INFO : Test AUC: 0.9935
2022-05-09 05:37:04,096 : INFO : epoch 22/30:
2022-05-09 05:37:04,097 : INFO : Total loss: 12.1473
2022-05-09 05:37:04,097 : INFO : SGNS loss: 14.9222
2022-05-09 05:37:04,097 : INFO : Dirichlet loss: -10.3391
2022-05-09 05:37:04,097 : INFO : Prediction loss: 6.7562
2022-05-09 05:37:04,097 : INFO : Diversity loss: 0.8080
2022-05-09 05:37:04,101 : INFO : concept 1: great easy look money price nice use cheap buy pleased
2022-05-09 05:37:04,101 : INFO : concept 2: curtain thin material paper block cheap hang blind absolute measure
2022-05-09 05:37:08,646 : INFO : Train AUC: 0.9950
2022-05-09 05:37:08,649 : INFO : Test AUC: 0.9934
2022-05-09 05:37:08,649 : INFO : epoch 23/30:
2022-05-09 05:37:08,649 : INFO : Total loss: 11.9060
2022-05-09 05:37:08,649 : INFO : SGNS loss: 14.9217
2022-05-09 05:37:08,650 : INFO : Dirichlet loss: -10.3412
2022-05-09 05:37:08,650 : INFO : Prediction loss: 6.6268
2022-05-09 05:37:08,650 : INFO : Diversity loss: 0.6986
2022-05-09 05:37:08,653 : INFO : concept 1: buy find great price quality use design size money boil
2022-05-09 05:37:08,653 : INFO : concept 2: curtain thin material block total cheap hang shame cheerful blind
2022-05-09 05:37:13,126 : INFO : Train AUC: 0.9810
2022-05-09 05:37:13,129 : INFO : Test AUC: 0.9768
2022-05-09 05:37:13,129 : INFO : epoch 24/30:
2022-05-09 05:37:13,129 : INFO : Total loss: 11.7320
2022-05-09 05:37:13,129 : INFO : SGNS loss: 14.9250
2022-05-09 05:37:13,129 : INFO : Dirichlet loss: -10.3426
2022-05-09 05:37:13,130 : INFO : Prediction loss: 6.5198
2022-05-09 05:37:13,130 : INFO : Diversity loss: 0.6298
2022-05-09 05:37:13,133 : INFO : concept 1: buy look great price thank think fit sound need excellent
2022-05-09 05:37:13,134 : INFO : concept 2: curtain thin material length total hang straight fabric bedroom grey
2022-05-09 05:37:17,607 : INFO : Train AUC: 0.9954
2022-05-09 05:37:17,610 : INFO : Test AUC: 0.9942
2022-05-09 05:37:17,610 : INFO : epoch 25/30:
2022-05-09 05:37:17,610 : INFO : Total loss: 11.6064
2022-05-09 05:37:17,610 : INFO : SGNS loss: 14.9203
2022-05-09 05:37:17,610 : INFO : Dirichlet loss: -10.3423
2022-05-09 05:37:17,611 : INFO : Prediction loss: 6.4438
2022-05-09 05:37:17,611 : INFO : Diversity loss: 0.5845
2022-05-09 05:37:17,630 : INFO : concept 1: easy great price present use fast recommend quality look happy
2022-05-09 05:37:17,630 : INFO : concept 2: curtain thin material fabric block hang blind sorry nicely draw
2022-05-09 05:37:22,116 : INFO : Train AUC: 0.9952
2022-05-09 05:37:22,121 : INFO : Test AUC: 0.9941
2022-05-09 05:37:22,125 : INFO : epoch 26/30:
2022-05-09 05:37:22,125 : INFO : Total loss: 11.4846
2022-05-09 05:37:22,125 : INFO : SGNS loss: 14.9236
2022-05-09 05:37:22,125 : INFO : Dirichlet loss: -10.3415
2022-05-09 05:37:22,126 : INFO : Prediction loss: 6.3487
2022-05-09 05:37:22,126 : INFO : Diversity loss: 0.5538
2022-05-09 05:37:22,129 : INFO : concept 1: easy use recommend look buy great fit dinner purchase item
2022-05-09 05:37:22,129 : INFO : concept 2: curtain thin material fabric hang poor blind straight cheap state
2022-05-09 05:37:26,541 : INFO : Train AUC: 0.9815
2022-05-09 05:37:26,544 : INFO : Test AUC: 0.9775
2022-05-09 05:37:26,544 : INFO : epoch 27/30:
2022-05-09 05:37:26,544 : INFO : Total loss: 11.3657
2022-05-09 05:37:26,544 : INFO : SGNS loss: 14.9227
2022-05-09 05:37:26,545 : INFO : Dirichlet loss: -10.3403
2022-05-09 05:37:26,545 : INFO : Prediction loss: 6.2507
2022-05-09 05:37:26,545 : INFO : Diversity loss: 0.5326
2022-05-09 05:37:26,549 : INFO : concept 1: use buy excellent easy great room price quality fit sturdy
2022-05-09 05:37:26,549 : INFO : concept 2: curtain thin material block fabric room hang cheap blind solution
2022-05-09 05:37:30,988 : INFO : Train AUC: 0.9955
2022-05-09 05:37:30,991 : INFO : Test AUC: 0.9944
2022-05-09 05:37:30,991 : INFO : epoch 28/30:
2022-05-09 05:37:30,992 : INFO : Total loss: 11.2642
2022-05-09 05:37:30,992 : INFO : SGNS loss: 14.9225
2022-05-09 05:37:30,992 : INFO : Dirichlet loss: -10.3419
2022-05-09 05:37:30,992 : INFO : Prediction loss: 6.1661
2022-05-09 05:37:30,992 : INFO : Diversity loss: 0.5176
2022-05-09 05:37:30,996 : INFO : concept 1: great easy buy money price use look excellent work quality
2022-05-09 05:37:30,996 : INFO : concept 2: curtain thin material blind bill grey room shame hang let
2022-05-09 05:37:35,486 : INFO : Train AUC: 0.9954
2022-05-09 05:37:35,489 : INFO : Test AUC: 0.9943
2022-05-09 05:37:35,489 : INFO : epoch 29/30:
2022-05-09 05:37:35,489 : INFO : Total loss: 11.2254
2022-05-09 05:37:35,490 : INFO : SGNS loss: 14.9211
2022-05-09 05:37:35,490 : INFO : Dirichlet loss: -10.3419
2022-05-09 05:37:35,490 : INFO : Prediction loss: 6.1394
2022-05-09 05:37:35,490 : INFO : Diversity loss: 0.5068
2022-05-09 05:37:35,493 : INFO : concept 1: buy great look money easy recommend price blue phone nice
2022-05-09 05:37:35,494 : INFO : concept 2: curtain thin material block hang straight poor state packaging bedroom
