2022-05-09 02:43:00,688 : INFO : Train AUC: 0.9480
2022-05-09 02:43:00,692 : INFO : Test AUC: 0.9446
2022-05-09 02:43:00,692 : INFO : epoch 0/30:
2022-05-09 02:43:00,692 : INFO : Total loss: -21.7908
2022-05-09 02:43:00,693 : INFO : SGNS loss: 46.1347
2022-05-09 02:43:00,693 : INFO : Dirichlet loss: -410.6141
2022-05-09 02:43:00,693 : INFO : Prediction loss: 11.1019
2022-05-09 02:43:00,693 : INFO : Diversity loss: 331.5867
2022-05-09 02:43:00,704 : INFO : concept 1: dinner switch cupboard pleasantly highly want unable answer holiday wear
2022-05-09 02:43:00,704 : INFO : concept 2: finally despite elderly fabric mop blade tall intend channel help
2022-05-09 02:43:04,750 : INFO : Train AUC: 0.9859
2022-05-09 02:43:04,753 : INFO : Test AUC: 0.9844
2022-05-09 02:43:04,753 : INFO : epoch 1/30:
2022-05-09 02:43:04,754 : INFO : Total loss: 127.1398
2022-05-09 02:43:04,754 : INFO : SGNS loss: 46.1248
2022-05-09 02:43:04,754 : INFO : Dirichlet loss: -251.2684
2022-05-09 02:43:04,754 : INFO : Prediction loss: 0.6968
2022-05-09 02:43:04,754 : INFO : Diversity loss: 331.5866
2022-05-09 02:43:04,758 : INFO : concept 1: dinner switch cupboard pleasantly highly want unable answer holiday wear
2022-05-09 02:43:04,758 : INFO : concept 2: finally despite elderly fabric mop blade tall intend channel help
2022-05-09 02:43:08,858 : INFO : Train AUC: 0.9875
2022-05-09 02:43:08,860 : INFO : Test AUC: 0.9858
2022-05-09 02:43:08,861 : INFO : epoch 2/30:
2022-05-09 02:43:08,861 : INFO : Total loss: 233.6481
2022-05-09 02:43:08,861 : INFO : SGNS loss: 46.0883
2022-05-09 02:43:08,861 : INFO : Dirichlet loss: -144.4136
2022-05-09 02:43:08,861 : INFO : Prediction loss: 0.3867
2022-05-09 02:43:08,861 : INFO : Diversity loss: 331.5867
2022-05-09 02:43:08,865 : INFO : concept 1: dinner switch cupboard pleasantly highly want unable answer holiday wear
2022-05-09 02:43:08,865 : INFO : concept 2: finally despite elderly fabric mop blade tall intend channel help
2022-05-09 02:43:12,883 : INFO : Train AUC: 0.9913
2022-05-09 02:43:12,886 : INFO : Test AUC: 0.9899
2022-05-09 02:43:12,886 : INFO : epoch 3/30:
2022-05-09 02:43:12,888 : INFO : Total loss: 282.2227
2022-05-09 02:43:12,888 : INFO : SGNS loss: 46.0375
2022-05-09 02:43:12,888 : INFO : Dirichlet loss: -95.7318
2022-05-09 02:43:12,889 : INFO : Prediction loss: 0.3302
2022-05-09 02:43:12,889 : INFO : Diversity loss: 331.5867
2022-05-09 02:43:12,892 : INFO : concept 1: dinner switch cupboard pleasantly highly want unable answer holiday wear
2022-05-09 02:43:12,893 : INFO : concept 2: finally despite elderly fabric mop blade tall intend channel help
2022-05-09 02:43:16,976 : INFO : Train AUC: 0.9932
2022-05-09 02:43:16,979 : INFO : Test AUC: 0.9920
2022-05-09 02:43:16,979 : INFO : epoch 4/30:
2022-05-09 02:43:16,979 : INFO : Total loss: 301.2478
2022-05-09 02:43:16,980 : INFO : SGNS loss: 45.9860
2022-05-09 02:43:16,980 : INFO : Dirichlet loss: -76.5905
2022-05-09 02:43:16,980 : INFO : Prediction loss: 0.2656
2022-05-09 02:43:16,980 : INFO : Diversity loss: 331.5867
2022-05-09 02:43:16,983 : INFO : concept 1: dinner switch cupboard pleasantly highly want unable answer holiday wear
2022-05-09 02:43:16,984 : INFO : concept 2: finally despite elderly fabric mop blade tall intend channel help
2022-05-09 02:43:21,055 : INFO : Train AUC: 0.9934
2022-05-09 02:43:21,058 : INFO : Test AUC: 0.9920
2022-05-09 02:43:21,058 : INFO : epoch 5/30:
2022-05-09 02:43:21,058 : INFO : Total loss: 307.3479
2022-05-09 02:43:21,059 : INFO : SGNS loss: 45.9560
2022-05-09 02:43:21,059 : INFO : Dirichlet loss: -70.4574
2022-05-09 02:43:21,059 : INFO : Prediction loss: 0.2627
2022-05-09 02:43:21,059 : INFO : Diversity loss: 331.5867
2022-05-09 02:43:21,062 : INFO : concept 1: dinner switch cupboard pleasantly highly want unable answer holiday wear
2022-05-09 02:43:21,062 : INFO : concept 2: finally despite elderly fabric mop blade tall intend channel help
2022-05-09 02:43:25,130 : INFO : Train AUC: 0.9949
2022-05-09 02:43:25,133 : INFO : Test AUC: 0.9938
2022-05-09 02:43:25,133 : INFO : epoch 6/30:
2022-05-09 02:43:25,133 : INFO : Total loss: 308.2772
2022-05-09 02:43:25,133 : INFO : SGNS loss: 45.9502
2022-05-09 02:43:25,134 : INFO : Dirichlet loss: -69.4977
2022-05-09 02:43:25,134 : INFO : Prediction loss: 0.2381
2022-05-09 02:43:25,134 : INFO : Diversity loss: 331.5866
2022-05-09 02:43:25,137 : INFO : concept 1: dinner switch cupboard pleasantly highly want unable answer holiday wear
2022-05-09 02:43:25,138 : INFO : concept 2: finally despite elderly fabric mop blade tall intend channel help
2022-05-09 02:43:29,224 : INFO : Train AUC: 0.7280
2022-05-09 02:43:29,226 : INFO : Test AUC: 0.7364
2022-05-09 02:43:29,227 : INFO : epoch 7/30:
2022-05-09 02:43:29,227 : INFO : Total loss: 308.8795
2022-05-09 02:43:29,227 : INFO : SGNS loss: 45.9470
2022-05-09 02:43:29,227 : INFO : Dirichlet loss: -69.4430
2022-05-09 02:43:29,227 : INFO : Prediction loss: 0.7888
2022-05-09 02:43:29,227 : INFO : Diversity loss: 331.5867
2022-05-09 02:43:29,231 : INFO : concept 1: dinner switch cupboard pleasantly highly want unable answer holiday wear
2022-05-09 02:43:29,231 : INFO : concept 2: finally despite elderly fabric mop blade tall intend channel help
2022-05-09 02:43:33,357 : INFO : Train AUC: 0.9869
2022-05-09 02:43:33,360 : INFO : Test AUC: 0.9850
2022-05-09 02:43:33,360 : INFO : epoch 8/30:
2022-05-09 02:43:33,360 : INFO : Total loss: 308.9416
2022-05-09 02:43:33,360 : INFO : SGNS loss: 45.9362
2022-05-09 02:43:33,360 : INFO : Dirichlet loss: -70.0763
2022-05-09 02:43:33,360 : INFO : Prediction loss: 1.4950
2022-05-09 02:43:33,360 : INFO : Diversity loss: 331.5866
2022-05-09 02:43:33,364 : INFO : concept 1: dinner switch cupboard pleasantly highly want unable answer holiday wear
2022-05-09 02:43:33,364 : INFO : concept 2: finally despite elderly fabric mop blade tall intend channel help
2022-05-09 02:43:37,470 : INFO : Train AUC: 0.9882
2022-05-09 02:43:37,473 : INFO : Test AUC: 0.9864
2022-05-09 02:43:37,473 : INFO : epoch 9/30:
2022-05-09 02:43:37,473 : INFO : Total loss: 309.0985
2022-05-09 02:43:37,474 : INFO : SGNS loss: 45.9442
2022-05-09 02:43:37,474 : INFO : Dirichlet loss: -69.3324
2022-05-09 02:43:37,474 : INFO : Prediction loss: 0.9000
2022-05-09 02:43:37,474 : INFO : Diversity loss: 331.5866
2022-05-09 02:43:37,477 : INFO : concept 1: dinner switch cupboard pleasantly highly want unable answer holiday wear
2022-05-09 02:43:37,477 : INFO : concept 2: finally despite elderly fabric mop blade tall intend channel help
2022-05-09 02:43:41,545 : INFO : Train AUC: 0.9889
2022-05-09 02:43:41,548 : INFO : Test AUC: 0.9871
2022-05-09 02:43:41,548 : INFO : epoch 10/30:
2022-05-09 02:43:41,549 : INFO : Total loss: 308.9027
2022-05-09 02:43:41,549 : INFO : SGNS loss: 45.9414
2022-05-09 02:43:41,549 : INFO : Dirichlet loss: -69.3819
2022-05-09 02:43:41,549 : INFO : Prediction loss: 0.7566
2022-05-09 02:43:41,549 : INFO : Diversity loss: 331.5866
2022-05-09 02:43:41,552 : INFO : concept 1: dinner switch cupboard pleasantly highly want unable answer holiday wear
2022-05-09 02:43:41,552 : INFO : concept 2: finally despite elderly fabric mop blade tall intend channel help
2022-05-09 02:43:45,574 : INFO : Train AUC: 0.9893
2022-05-09 02:43:45,577 : INFO : Test AUC: 0.9876
2022-05-09 02:43:45,577 : INFO : epoch 11/30:
2022-05-09 02:43:45,578 : INFO : Total loss: 308.8172
2022-05-09 02:43:45,578 : INFO : SGNS loss: 45.9493
2022-05-09 02:43:45,578 : INFO : Dirichlet loss: -69.3935
2022-05-09 02:43:45,578 : INFO : Prediction loss: 0.6747
2022-05-09 02:43:45,578 : INFO : Diversity loss: 331.5867
2022-05-09 02:43:45,581 : INFO : concept 1: dinner switch cupboard pleasantly highly want unable answer holiday wear
2022-05-09 02:43:45,581 : INFO : concept 2: finally despite elderly fabric mop blade tall intend channel help
2022-05-09 02:43:49,620 : INFO : Train AUC: 0.9896
2022-05-09 02:43:49,623 : INFO : Test AUC: 0.9879
2022-05-09 02:43:49,623 : INFO : epoch 12/30:
2022-05-09 02:43:49,623 : INFO : Total loss: 308.7661
2022-05-09 02:43:49,623 : INFO : SGNS loss: 45.9475
2022-05-09 02:43:49,623 : INFO : Dirichlet loss: -69.3872
2022-05-09 02:43:49,623 : INFO : Prediction loss: 0.6193
2022-05-09 02:43:49,624 : INFO : Diversity loss: 331.5866
2022-05-09 02:43:49,627 : INFO : concept 1: dinner switch cupboard pleasantly highly want unable answer holiday wear
2022-05-09 02:43:49,627 : INFO : concept 2: finally despite elderly fabric mop blade tall intend channel help
2022-05-09 02:43:53,673 : INFO : Train AUC: 0.9899
2022-05-09 02:43:53,675 : INFO : Test AUC: 0.9883
2022-05-09 02:43:53,676 : INFO : epoch 13/30:
2022-05-09 02:43:53,676 : INFO : Total loss: 308.7426
2022-05-09 02:43:53,676 : INFO : SGNS loss: 45.9496
2022-05-09 02:43:53,676 : INFO : Dirichlet loss: -69.3750
2022-05-09 02:43:53,676 : INFO : Prediction loss: 0.5813
2022-05-09 02:43:53,676 : INFO : Diversity loss: 331.5867
2022-05-09 02:43:53,680 : INFO : concept 1: dinner switch cupboard pleasantly highly want unable answer holiday wear
2022-05-09 02:43:53,680 : INFO : concept 2: finally despite elderly fabric mop blade tall intend channel help
2022-05-09 02:43:57,748 : INFO : Train AUC: 0.9900
2022-05-09 02:43:57,751 : INFO : Test AUC: 0.9884
2022-05-09 02:43:57,751 : INFO : epoch 14/30:
2022-05-09 02:43:57,751 : INFO : Total loss: 308.7237
2022-05-09 02:43:57,751 : INFO : SGNS loss: 45.9463
2022-05-09 02:43:57,751 : INFO : Dirichlet loss: -69.3630
2022-05-09 02:43:57,752 : INFO : Prediction loss: 0.5538
2022-05-09 02:43:57,752 : INFO : Diversity loss: 331.5867
2022-05-09 02:43:57,755 : INFO : concept 1: dinner switch cupboard pleasantly highly want unable answer holiday wear
2022-05-09 02:43:57,755 : INFO : concept 2: finally despite elderly fabric mop blade tall intend channel help
2022-05-09 02:44:02,141 : INFO : Train AUC: 0.9902
2022-05-09 02:44:02,144 : INFO : Test AUC: 0.9886
2022-05-09 02:44:02,144 : INFO : epoch 15/30:
2022-05-09 02:44:02,144 : INFO : Total loss: -718.2535
2022-05-09 02:44:02,144 : INFO : SGNS loss: 22.9845
2022-05-09 02:44:02,144 : INFO : Dirichlet loss: -923.3750
2022-05-09 02:44:02,144 : INFO : Prediction loss: 0.5271
2022-05-09 02:44:02,145 : INFO : Diversity loss: 181.6100
2022-05-09 02:44:02,148 : INFO : concept 1: highly choice spare tablet delighted dyson switch main disappointed fairly
2022-05-09 02:44:02,148 : INFO : concept 2: buy great easy look use quality money price fit nice
2022-05-09 02:44:06,448 : INFO : Train AUC: 0.9904
2022-05-09 02:44:06,451 : INFO : Test AUC: 0.9887
2022-05-09 02:44:06,451 : INFO : epoch 16/30:
2022-05-09 02:44:06,452 : INFO : Total loss: -1078.2138
2022-05-09 02:44:06,452 : INFO : SGNS loss: 14.9415
2022-05-09 02:44:06,452 : INFO : Dirichlet loss: -1036.1633
2022-05-09 02:44:06,452 : INFO : Prediction loss: 0.5134
2022-05-09 02:44:06,452 : INFO : Diversity loss: -57.5054
2022-05-09 02:44:06,455 : INFO : concept 1: mount recently disappointing bother feed upgrade avoid market fair birthday
2022-05-09 02:44:06,456 : INFO : concept 2: great easy buy use look excellent money price nice work
2022-05-09 02:44:10,753 : INFO : Train AUC: 0.9905
2022-05-09 02:44:10,755 : INFO : Test AUC: 0.9889
2022-05-09 02:44:10,756 : INFO : epoch 17/30:
2022-05-09 02:44:10,756 : INFO : Total loss: -1163.3676
2022-05-09 02:44:10,756 : INFO : SGNS loss: 14.8933
2022-05-09 02:44:10,756 : INFO : Dirichlet loss: -1036.1633
2022-05-09 02:44:10,756 : INFO : Prediction loss: 0.4977
2022-05-09 02:44:10,756 : INFO : Diversity loss: -142.5952
2022-05-09 02:44:10,759 : INFO : concept 1: surprise scratch affordable mini exist tray hobbs alternative mark totally
2022-05-09 02:44:10,759 : INFO : concept 2: easy great buy excellent price look use recommend money need
2022-05-09 02:44:15,057 : INFO : Train AUC: 0.9905
2022-05-09 02:44:15,060 : INFO : Test AUC: 0.9889
2022-05-09 02:44:15,060 : INFO : epoch 18/30:
2022-05-09 02:44:15,061 : INFO : Total loss: -1199.5566
2022-05-09 02:44:15,061 : INFO : SGNS loss: 14.8980
2022-05-09 02:44:15,061 : INFO : Dirichlet loss: -1036.1633
2022-05-09 02:44:15,061 : INFO : Prediction loss: 0.4871
2022-05-09 02:44:15,061 : INFO : Diversity loss: -178.7784
2022-05-09 02:44:15,066 : INFO : concept 1: pattern mode stainless notice sleek drop initially improve damage exist
2022-05-09 02:44:15,066 : INFO : concept 2: easy great use want feature look price buy work quality
2022-05-09 02:44:19,415 : INFO : Train AUC: 0.9906
2022-05-09 02:44:19,418 : INFO : Test AUC: 0.9891
2022-05-09 02:44:19,418 : INFO : epoch 19/30:
2022-05-09 02:44:19,418 : INFO : Total loss: -1212.8229
2022-05-09 02:44:19,418 : INFO : SGNS loss: 14.9068
2022-05-09 02:44:19,419 : INFO : Dirichlet loss: -1036.1633
2022-05-09 02:44:19,419 : INFO : Prediction loss: 0.4755
2022-05-09 02:44:19,419 : INFO : Diversity loss: -192.0419
2022-05-09 02:44:19,422 : INFO : concept 1: detail view winter brighten face grey content morning scratch opinion
2022-05-09 02:44:19,422 : INFO : concept 2: buy great use easy granddaughter quality look price money find
2022-05-09 02:44:23,783 : INFO : Train AUC: 0.9907
2022-05-09 02:44:23,786 : INFO : Test AUC: 0.9892
2022-05-09 02:44:23,786 : INFO : epoch 20/30:
2022-05-09 02:44:23,786 : INFO : Total loss: -1218.5845
2022-05-09 02:44:23,787 : INFO : SGNS loss: 14.9093
2022-05-09 02:44:23,787 : INFO : Dirichlet loss: -1036.1633
2022-05-09 02:44:23,787 : INFO : Prediction loss: 0.4684
2022-05-09 02:44:23,787 : INFO : Diversity loss: -197.7988
2022-05-09 02:44:23,791 : INFO : concept 1: note file surprise brush detail leak telephone rack patio lay
2022-05-09 02:44:23,791 : INFO : concept 2: use easy small great look buy money like job price
2022-05-09 02:44:28,142 : INFO : Train AUC: 0.9909
2022-05-09 02:44:28,145 : INFO : Test AUC: 0.9893
2022-05-09 02:44:28,145 : INFO : epoch 21/30:
2022-05-09 02:44:28,145 : INFO : Total loss: -1221.5507
2022-05-09 02:44:28,145 : INFO : SGNS loss: 14.9136
2022-05-09 02:44:28,145 : INFO : Dirichlet loss: -1036.1633
2022-05-09 02:44:28,145 : INFO : Prediction loss: 0.4594
2022-05-09 02:44:28,146 : INFO : Diversity loss: -200.7603
2022-05-09 02:44:28,149 : INFO : concept 1: eventually worried neatly lay beautifully past section matter near mini
2022-05-09 02:44:28,149 : INFO : concept 2: use great access work price buy setup look issue excellent
2022-05-09 02:44:32,425 : INFO : Train AUC: 0.9909
2022-05-09 02:44:32,428 : INFO : Test AUC: 0.9893
2022-05-09 02:44:32,428 : INFO : epoch 22/30:
2022-05-09 02:44:32,428 : INFO : Total loss: -1223.2773
2022-05-09 02:44:32,428 : INFO : SGNS loss: 14.9123
2022-05-09 02:44:32,428 : INFO : Dirichlet loss: -1036.1633
2022-05-09 02:44:32,428 : INFO : Prediction loss: 0.4532
2022-05-09 02:44:32,428 : INFO : Diversity loss: -202.4795
2022-05-09 02:44:32,432 : INFO : concept 1: limit facility finally forget mention slot pleasantly tap option friendly
2022-05-09 02:44:32,432 : INFO : concept 2: look buy great money heavy like need use happy quality
2022-05-09 02:44:36,729 : INFO : Train AUC: 0.9909
2022-05-09 02:44:36,731 : INFO : Test AUC: 0.9894
2022-05-09 02:44:36,732 : INFO : epoch 23/30:
2022-05-09 02:44:36,732 : INFO : Total loss: -1224.3686
2022-05-09 02:44:36,732 : INFO : SGNS loss: 14.9125
2022-05-09 02:44:36,732 : INFO : Dirichlet loss: -1036.1632
2022-05-09 02:44:36,732 : INFO : Prediction loss: 0.4488
2022-05-09 02:44:36,732 : INFO : Diversity loss: -203.5667
2022-05-09 02:44:36,736 : INFO : concept 1: bath hinge dirt samsung sorry programme advise obviously unlike guide
2022-05-09 02:44:36,736 : INFO : concept 2: great price recommend buy small easy use money fit worried
2022-05-09 02:44:41,010 : INFO : Train AUC: 0.9910
2022-05-09 02:44:41,013 : INFO : Test AUC: 0.9895
2022-05-09 02:44:41,013 : INFO : epoch 24/30:
2022-05-09 02:44:41,013 : INFO : Total loss: -1225.1039
2022-05-09 02:44:41,013 : INFO : SGNS loss: 14.9130
2022-05-09 02:44:41,013 : INFO : Dirichlet loss: -1036.1632
2022-05-09 02:44:41,013 : INFO : Prediction loss: 0.4448
2022-05-09 02:44:41,014 : INFO : Diversity loss: -204.2985
2022-05-09 02:44:41,016 : INFO : concept 1: beautifully sorry snap today search mum course initially manual minor
2022-05-09 02:44:41,017 : INFO : concept 2: buy great money price size easy daughter use recommend look
2022-05-09 02:44:45,337 : INFO : Train AUC: 0.9910
2022-05-09 02:44:45,339 : INFO : Test AUC: 0.9895
2022-05-09 02:44:45,339 : INFO : epoch 25/30:
2022-05-09 02:44:45,340 : INFO : Total loss: -1225.6221
2022-05-09 02:44:45,340 : INFO : SGNS loss: 14.9164
2022-05-09 02:44:45,340 : INFO : Dirichlet loss: -1036.1632
2022-05-09 02:44:45,340 : INFO : Prediction loss: 0.4396
2022-05-09 02:44:45,340 : INFO : Diversity loss: -204.8150
2022-05-09 02:44:45,344 : INFO : concept 1: suggest pattern wow matter cold deliver avoid versatile mode early
2022-05-09 02:44:45,344 : INFO : concept 2: use easy perfect great sound look fit sturdy excellent money
2022-05-09 02:44:49,655 : INFO : Train AUC: 0.9910
2022-05-09 02:44:49,658 : INFO : Test AUC: 0.9895
2022-05-09 02:44:49,658 : INFO : epoch 26/30:
2022-05-09 02:44:49,658 : INFO : Total loss: -1226.0052
2022-05-09 02:44:49,658 : INFO : SGNS loss: 14.9158
2022-05-09 02:44:49,658 : INFO : Dirichlet loss: -1036.1629
2022-05-09 02:44:49,659 : INFO : Prediction loss: 0.4351
2022-05-09 02:44:49,659 : INFO : Diversity loss: -205.1932
2022-05-09 02:44:49,662 : INFO : concept 1: scratch daily angle effort content cooking telephone fi arrive manufacturer
2022-05-09 02:44:49,662 : INFO : concept 2: great buy easy nice lovely use design quality excellent need
2022-05-09 02:44:53,993 : INFO : Train AUC: 0.9909
2022-05-09 02:44:53,995 : INFO : Test AUC: 0.9894
2022-05-09 02:44:53,996 : INFO : epoch 27/30:
2022-05-09 02:44:53,996 : INFO : Total loss: -1226.2915
2022-05-09 02:44:53,996 : INFO : SGNS loss: 14.9160
2022-05-09 02:44:53,996 : INFO : Dirichlet loss: -1036.1632
2022-05-09 02:44:53,996 : INFO : Prediction loss: 0.4343
2022-05-09 02:44:53,996 : INFO : Diversity loss: -205.4787
2022-05-09 02:44:54,000 : INFO : concept 1: produce program annoying class bend awesome neatly leak additional improvement
2022-05-09 02:44:54,000 : INFO : concept 2: price recommend easy buy ink great use happy money look
2022-05-09 02:44:58,345 : INFO : Train AUC: 0.9910
2022-05-09 02:44:58,348 : INFO : Test AUC: 0.9895
2022-05-09 02:44:58,348 : INFO : epoch 28/30:
2022-05-09 02:44:58,348 : INFO : Total loss: -1226.5103
2022-05-09 02:44:58,348 : INFO : SGNS loss: 14.9151
2022-05-09 02:44:58,348 : INFO : Dirichlet loss: -1036.1630
2022-05-09 02:44:58,349 : INFO : Prediction loss: 0.4368
2022-05-09 02:44:58,349 : INFO : Diversity loss: -205.6993
2022-05-09 02:44:58,352 : INFO : concept 1: upright television wow beautifully dial refund tank careful bedside tiny
2022-05-09 02:44:58,353 : INFO : concept 2: easy use great quality buy collect money nice price away
2022-05-09 02:45:02,646 : INFO : Train AUC: 0.9912
2022-05-09 02:45:02,649 : INFO : Test AUC: 0.9897
2022-05-09 02:45:02,649 : INFO : epoch 29/30:
2022-05-09 02:45:02,649 : INFO : Total loss: -1226.6882
2022-05-09 02:45:02,649 : INFO : SGNS loss: 14.9151
2022-05-09 02:45:02,649 : INFO : Dirichlet loss: -1036.1631
2022-05-09 02:45:02,650 : INFO : Prediction loss: 0.4330
2022-05-09 02:45:02,650 : INFO : Diversity loss: -205.8732
2022-05-09 02:45:02,653 : INFO : concept 1: hardly understand supply tank suggest friendly annoying middle nearly fun
2022-05-09 02:45:02,653 : INFO : concept 2: use price easy look time great expect work ideal chip
