2022-05-09 05:39:53,657 : INFO : Train AUC: 0.6025
2022-05-09 05:39:53,661 : INFO : Test AUC: 0.5967
2022-05-09 05:39:53,661 : INFO : epoch 0/30:
2022-05-09 05:39:53,661 : INFO : Total loss: -4030.6691
2022-05-09 05:39:53,661 : INFO : SGNS loss: 46.4705
2022-05-09 05:39:53,662 : INFO : Dirichlet loss: -7824.4917
2022-05-09 05:39:53,662 : INFO : Prediction loss: 3714.1926
2022-05-09 05:39:53,662 : INFO : Diversity loss: 33.1596
2022-05-09 05:39:53,665 : INFO : concept 1: signal boy bad forward click area stock quilt tablet dial
2022-05-09 05:39:53,665 : INFO : concept 2: bottle smart iron read thing basket replace bad xbox present
2022-05-09 05:39:57,874 : INFO : Train AUC: 0.5600
2022-05-09 05:39:57,877 : INFO : Test AUC: 0.5549
2022-05-09 05:39:57,877 : INFO : epoch 1/30:
2022-05-09 05:39:57,877 : INFO : Total loss: -6500.5672
2022-05-09 05:39:57,878 : INFO : SGNS loss: 46.4796
2022-05-09 05:39:57,878 : INFO : Dirichlet loss: -7004.8684
2022-05-09 05:39:57,878 : INFO : Prediction loss: 424.6620
2022-05-09 05:39:57,878 : INFO : Diversity loss: 33.1596
2022-05-09 05:39:57,881 : INFO : concept 1: signal boy bad forward click area stock quilt tablet dial
2022-05-09 05:39:57,881 : INFO : concept 2: bottle smart iron read thing basket replace bad xbox present
2022-05-09 05:40:02,112 : INFO : Train AUC: 0.2318
2022-05-09 05:40:02,115 : INFO : Test AUC: 0.2279
2022-05-09 05:40:02,115 : INFO : epoch 2/30:
2022-05-09 05:40:02,115 : INFO : Total loss: -5987.9321
2022-05-09 05:40:02,116 : INFO : SGNS loss: 46.4612
2022-05-09 05:40:02,116 : INFO : Dirichlet loss: -6337.3665
2022-05-09 05:40:02,116 : INFO : Prediction loss: 269.8136
2022-05-09 05:40:02,116 : INFO : Diversity loss: 33.1596
2022-05-09 05:40:02,120 : INFO : concept 1: signal boy bad forward click area stock quilt tablet dial
2022-05-09 05:40:02,120 : INFO : concept 2: bottle smart iron read thing basket replace bad xbox present
2022-05-09 05:40:06,337 : INFO : Train AUC: 0.9755
2022-05-09 05:40:06,340 : INFO : Test AUC: 0.9755
2022-05-09 05:40:06,340 : INFO : epoch 3/30:
2022-05-09 05:40:06,340 : INFO : Total loss: -7963.9310
2022-05-09 05:40:06,340 : INFO : SGNS loss: 46.4684
2022-05-09 05:40:06,340 : INFO : Dirichlet loss: -8200.6300
2022-05-09 05:40:06,340 : INFO : Prediction loss: 157.0711
2022-05-09 05:40:06,341 : INFO : Diversity loss: 33.1596
2022-05-09 05:40:06,344 : INFO : concept 1: signal boy bad forward click area stock quilt tablet dial
2022-05-09 05:40:06,344 : INFO : concept 2: bottle smart iron read thing basket replace bad xbox present
2022-05-09 05:40:10,488 : INFO : Train AUC: 0.0188
2022-05-09 05:40:10,491 : INFO : Test AUC: 0.0184
2022-05-09 05:40:10,491 : INFO : epoch 4/30:
2022-05-09 05:40:10,492 : INFO : Total loss: -8973.9472
2022-05-09 05:40:10,492 : INFO : SGNS loss: 46.4758
2022-05-09 05:40:10,492 : INFO : Dirichlet loss: -9101.8281
2022-05-09 05:40:10,492 : INFO : Prediction loss: 48.2456
2022-05-09 05:40:10,492 : INFO : Diversity loss: 33.1596
2022-05-09 05:40:10,496 : INFO : concept 1: signal boy bad forward click area stock quilt tablet dial
2022-05-09 05:40:10,496 : INFO : concept 2: bottle smart iron read thing basket replace bad xbox present
2022-05-09 05:40:14,722 : INFO : Train AUC: 0.9315
2022-05-09 05:40:14,726 : INFO : Test AUC: 0.9148
2022-05-09 05:40:14,726 : INFO : epoch 5/30:
2022-05-09 05:40:14,726 : INFO : Total loss: -8033.8475
2022-05-09 05:40:14,726 : INFO : SGNS loss: 46.4789
2022-05-09 05:40:14,726 : INFO : Dirichlet loss: -8155.0449
2022-05-09 05:40:14,727 : INFO : Prediction loss: 41.5589
2022-05-09 05:40:14,727 : INFO : Diversity loss: 33.1596
2022-05-09 05:40:14,731 : INFO : concept 1: signal boy bad forward click area stock quilt tablet dial
2022-05-09 05:40:14,731 : INFO : concept 2: bottle smart iron read thing basket replace bad xbox present
2022-05-09 05:40:18,972 : INFO : Train AUC: 0.9943
2022-05-09 05:40:18,975 : INFO : Test AUC: 0.9945
2022-05-09 05:40:18,975 : INFO : epoch 6/30:
2022-05-09 05:40:18,975 : INFO : Total loss: -7060.8429
2022-05-09 05:40:18,975 : INFO : SGNS loss: 46.4654
2022-05-09 05:40:18,976 : INFO : Dirichlet loss: -7182.9373
2022-05-09 05:40:18,976 : INFO : Prediction loss: 42.4694
2022-05-09 05:40:18,976 : INFO : Diversity loss: 33.1596
2022-05-09 05:40:18,979 : INFO : concept 1: signal boy bad forward click area stock quilt tablet dial
2022-05-09 05:40:18,980 : INFO : concept 2: bottle smart iron read thing basket replace bad xbox present
2022-05-09 05:40:23,131 : INFO : Train AUC: 0.0324
2022-05-09 05:40:23,134 : INFO : Test AUC: 0.0286
2022-05-09 05:40:23,135 : INFO : epoch 7/30:
2022-05-09 05:40:23,135 : INFO : Total loss: -6991.2869
2022-05-09 05:40:23,135 : INFO : SGNS loss: 46.4691
2022-05-09 05:40:23,135 : INFO : Dirichlet loss: -7108.7230
2022-05-09 05:40:23,135 : INFO : Prediction loss: 37.8074
2022-05-09 05:40:23,135 : INFO : Diversity loss: 33.1596
2022-05-09 05:40:23,139 : INFO : concept 1: signal boy bad forward click area stock quilt tablet dial
2022-05-09 05:40:23,139 : INFO : concept 2: bottle smart iron read thing basket replace bad xbox present
2022-05-09 05:40:27,324 : INFO : Train AUC: 0.9156
2022-05-09 05:40:27,327 : INFO : Test AUC: 0.8998
2022-05-09 05:40:27,327 : INFO : epoch 8/30:
2022-05-09 05:40:27,328 : INFO : Total loss: -5658.7804
2022-05-09 05:40:27,328 : INFO : SGNS loss: 46.4629
2022-05-09 05:40:27,328 : INFO : Dirichlet loss: -5779.8682
2022-05-09 05:40:27,328 : INFO : Prediction loss: 41.4653
2022-05-09 05:40:27,328 : INFO : Diversity loss: 33.1596
2022-05-09 05:40:27,331 : INFO : concept 1: signal boy bad forward click area stock quilt tablet dial
2022-05-09 05:40:27,332 : INFO : concept 2: bottle smart iron read thing basket replace bad xbox present
2022-05-09 05:40:31,506 : INFO : Train AUC: 0.9956
2022-05-09 05:40:31,509 : INFO : Test AUC: 0.9936
2022-05-09 05:40:31,509 : INFO : epoch 9/30:
2022-05-09 05:40:31,509 : INFO : Total loss: -5328.1020
2022-05-09 05:40:31,509 : INFO : SGNS loss: 46.4673
2022-05-09 05:40:31,509 : INFO : Dirichlet loss: -5449.2452
2022-05-09 05:40:31,509 : INFO : Prediction loss: 41.5163
2022-05-09 05:40:31,510 : INFO : Diversity loss: 33.1596
2022-05-09 05:40:31,513 : INFO : concept 1: signal boy bad forward click area stock quilt tablet dial
2022-05-09 05:40:31,514 : INFO : concept 2: bottle smart iron read thing basket replace bad xbox present
2022-05-09 05:40:35,717 : INFO : Train AUC: 0.0150
2022-05-09 05:40:35,720 : INFO : Test AUC: 0.0156
2022-05-09 05:40:35,720 : INFO : epoch 10/30:
2022-05-09 05:40:35,721 : INFO : Total loss: -4420.1425
2022-05-09 05:40:35,721 : INFO : SGNS loss: 46.4570
2022-05-09 05:40:35,721 : INFO : Dirichlet loss: -4537.1105
2022-05-09 05:40:35,721 : INFO : Prediction loss: 37.3514
2022-05-09 05:40:35,721 : INFO : Diversity loss: 33.1596
2022-05-09 05:40:35,724 : INFO : concept 1: signal boy bad forward click area stock quilt tablet dial
2022-05-09 05:40:35,724 : INFO : concept 2: bottle smart iron read thing basket replace bad xbox present
2022-05-09 05:40:39,870 : INFO : Train AUC: 0.9454
2022-05-09 05:40:39,873 : INFO : Test AUC: 0.9272
2022-05-09 05:40:39,873 : INFO : epoch 11/30:
2022-05-09 05:40:39,874 : INFO : Total loss: -5867.5223
2022-05-09 05:40:39,874 : INFO : SGNS loss: 46.4640
2022-05-09 05:40:39,874 : INFO : Dirichlet loss: -5988.2844
2022-05-09 05:40:39,874 : INFO : Prediction loss: 41.1386
2022-05-09 05:40:39,874 : INFO : Diversity loss: 33.1596
2022-05-09 05:40:39,878 : INFO : concept 1: signal boy bad forward click area stock quilt tablet dial
2022-05-09 05:40:39,878 : INFO : concept 2: bottle smart iron read thing basket replace bad xbox present
2022-05-09 05:40:44,050 : INFO : Train AUC: 0.9945
2022-05-09 05:40:44,054 : INFO : Test AUC: 0.9918
2022-05-09 05:40:44,054 : INFO : epoch 12/30:
2022-05-09 05:40:44,054 : INFO : Total loss: -6651.4990
2022-05-09 05:40:44,054 : INFO : SGNS loss: 46.4668
2022-05-09 05:40:44,054 : INFO : Dirichlet loss: -6772.3940
2022-05-09 05:40:44,054 : INFO : Prediction loss: 41.2686
2022-05-09 05:40:44,055 : INFO : Diversity loss: 33.1596
2022-05-09 05:40:44,058 : INFO : concept 1: signal boy bad forward click area stock quilt tablet dial
2022-05-09 05:40:44,058 : INFO : concept 2: bottle smart iron read thing basket replace bad xbox present
2022-05-09 05:40:48,252 : INFO : Train AUC: 0.0210
2022-05-09 05:40:48,256 : INFO : Test AUC: 0.0188
2022-05-09 05:40:48,256 : INFO : epoch 13/30:
2022-05-09 05:40:48,256 : INFO : Total loss: -5925.9328
2022-05-09 05:40:48,256 : INFO : SGNS loss: 46.4603
2022-05-09 05:40:48,256 : INFO : Dirichlet loss: -6041.8817
2022-05-09 05:40:48,257 : INFO : Prediction loss: 36.3291
2022-05-09 05:40:48,257 : INFO : Diversity loss: 33.1596
2022-05-09 05:40:48,260 : INFO : concept 1: signal boy bad forward click area stock quilt tablet dial
2022-05-09 05:40:48,260 : INFO : concept 2: bottle smart iron read thing basket replace bad xbox present
2022-05-09 05:40:52,409 : INFO : Train AUC: 0.9488
2022-05-09 05:40:52,412 : INFO : Test AUC: 0.9244
2022-05-09 05:40:52,413 : INFO : epoch 14/30:
2022-05-09 05:40:52,413 : INFO : Total loss: -4938.0106
2022-05-09 05:40:52,413 : INFO : SGNS loss: 46.4609
2022-05-09 05:40:52,413 : INFO : Dirichlet loss: -5057.9901
2022-05-09 05:40:52,413 : INFO : Prediction loss: 40.3591
2022-05-09 05:40:52,413 : INFO : Diversity loss: 33.1596
2022-05-09 05:40:52,417 : INFO : concept 1: signal boy bad forward click area stock quilt tablet dial
2022-05-09 05:40:52,417 : INFO : concept 2: bottle smart iron read thing basket replace bad xbox present
2022-05-09 05:40:56,861 : INFO : Train AUC: 0.9961
2022-05-09 05:40:56,864 : INFO : Test AUC: 0.9974
2022-05-09 05:40:56,864 : INFO : epoch 15/30:
2022-05-09 05:40:56,864 : INFO : Total loss: -10121.8661
2022-05-09 05:40:56,865 : INFO : SGNS loss: 23.1409
2022-05-09 05:40:56,865 : INFO : Dirichlet loss: -10209.9654
2022-05-09 05:40:56,865 : INFO : Prediction loss: 43.1206
2022-05-09 05:40:56,865 : INFO : Diversity loss: 21.8378
2022-05-09 05:40:56,868 : INFO : concept 1: neat idea plug heavy model pick function certainly wish garden
2022-05-09 05:40:56,869 : INFO : concept 2: use great easy price look buy money excellent quality figure
2022-05-09 05:41:01,308 : INFO : Train AUC: 0.0087
2022-05-09 05:41:01,311 : INFO : Test AUC: 0.0107
2022-05-09 05:41:01,311 : INFO : epoch 16/30:
2022-05-09 05:41:01,311 : INFO : Total loss: -10310.0819
2022-05-09 05:41:01,311 : INFO : SGNS loss: 14.9992
2022-05-09 05:41:01,311 : INFO : Dirichlet loss: -10361.6328
2022-05-09 05:41:01,311 : INFO : Prediction loss: 39.0269
2022-05-09 05:41:01,312 : INFO : Diversity loss: -2.4752
2022-05-09 05:41:01,315 : INFO : concept 1: worktop superb pad mini rack certainly spin face attachment washer
2022-05-09 05:41:01,315 : INFO : concept 2: great easy use buy look price quality money purchase work
2022-05-09 05:41:05,729 : INFO : Train AUC: 0.9502
2022-05-09 05:41:05,732 : INFO : Test AUC: 0.9574
2022-05-09 05:41:05,732 : INFO : epoch 17/30:
2022-05-09 05:41:05,733 : INFO : Total loss: -10315.5595
2022-05-09 05:41:05,733 : INFO : SGNS loss: 14.9133
2022-05-09 05:41:05,733 : INFO : Dirichlet loss: -10361.6328
2022-05-09 05:41:05,733 : INFO : Prediction loss: 42.1405
2022-05-09 05:41:05,733 : INFO : Diversity loss: -10.9805
2022-05-09 05:41:05,737 : INFO : concept 1: note winter edge thoroughly file leak packaging lg despite wear
2022-05-09 05:41:05,737 : INFO : concept 2: great easy use look money price excellent lot love fit
2022-05-09 05:41:10,186 : INFO : Train AUC: 0.9959
2022-05-09 05:41:10,189 : INFO : Test AUC: 0.9972
2022-05-09 05:41:10,189 : INFO : epoch 18/30:
2022-05-09 05:41:10,189 : INFO : Total loss: -10319.5512
2022-05-09 05:41:10,189 : INFO : SGNS loss: 14.9039
2022-05-09 05:41:10,189 : INFO : Dirichlet loss: -10361.6328
2022-05-09 05:41:10,189 : INFO : Prediction loss: 42.9442
2022-05-09 05:41:10,189 : INFO : Diversity loss: -15.7664
2022-05-09 05:41:10,192 : INFO : concept 1: self opinion accessory foot pad clip adjustable finally area lg
2022-05-09 05:41:10,193 : INFO : concept 2: great easy look price use buy recommend service money cheap
2022-05-09 05:41:14,661 : INFO : Train AUC: 0.0077
2022-05-09 05:41:14,663 : INFO : Test AUC: 0.0096
2022-05-09 05:41:14,664 : INFO : epoch 19/30:
2022-05-09 05:41:14,664 : INFO : Total loss: -10325.6121
2022-05-09 05:41:14,664 : INFO : SGNS loss: 14.9040
2022-05-09 05:41:14,664 : INFO : Dirichlet loss: -10361.6328
2022-05-09 05:41:14,664 : INFO : Prediction loss: 38.9491
2022-05-09 05:41:14,664 : INFO : Diversity loss: -17.8323
2022-05-09 05:41:14,668 : INFO : concept 1: programme saver special forget treat finger height hobbs cupboard minor
2022-05-09 05:41:14,668 : INFO : concept 2: look quality use buy nice easy excellent great size price
2022-05-09 05:41:19,198 : INFO : Train AUC: 0.9526
2022-05-09 05:41:19,201 : INFO : Test AUC: 0.9597
2022-05-09 05:41:19,201 : INFO : epoch 20/30:
2022-05-09 05:41:19,201 : INFO : Total loss: -10323.3981
2022-05-09 05:41:19,201 : INFO : SGNS loss: 14.9052
2022-05-09 05:41:19,202 : INFO : Dirichlet loss: -10361.6328
2022-05-09 05:41:19,202 : INFO : Prediction loss: 42.1535
2022-05-09 05:41:19,202 : INFO : Diversity loss: -18.8239
2022-05-09 05:41:19,205 : INFO : concept 1: dust tiny word chrome wipe hardly improvement sony huge obviously
2022-05-09 05:41:19,206 : INFO : concept 2: great use little easy look quality excellent buy bathroom recommend
2022-05-09 05:41:23,651 : INFO : Train AUC: 0.9959
2022-05-09 05:41:23,654 : INFO : Test AUC: 0.9972
2022-05-09 05:41:23,654 : INFO : epoch 21/30:
2022-05-09 05:41:23,654 : INFO : Total loss: -10323.0858
2022-05-09 05:41:23,655 : INFO : SGNS loss: 14.9086
2022-05-09 05:41:23,655 : INFO : Dirichlet loss: -10361.6328
2022-05-09 05:41:23,655 : INFO : Prediction loss: 42.9891
2022-05-09 05:41:23,655 : INFO : Diversity loss: -19.3507
2022-05-09 05:41:23,659 : INFO : concept 1: today website receive limit arrive sort hop brilliantly pour accurate
2022-05-09 05:41:23,659 : INFO : concept 2: price great easy use bit buy thing excellent quality money
2022-05-09 05:41:28,067 : INFO : Train AUC: 0.0075
2022-05-09 05:41:28,070 : INFO : Test AUC: 0.0094
2022-05-09 05:41:28,070 : INFO : epoch 22/30:
2022-05-09 05:41:28,071 : INFO : Total loss: -10327.4360
2022-05-09 05:41:28,071 : INFO : SGNS loss: 14.9063
2022-05-09 05:41:28,071 : INFO : Dirichlet loss: -10361.6328
2022-05-09 05:41:28,071 : INFO : Prediction loss: 38.9451
2022-05-09 05:41:28,071 : INFO : Diversity loss: -19.6545
2022-05-09 05:41:28,075 : INFO : concept 1: future travel smooth patio brill worried content advertise nearly original
2022-05-09 05:41:28,075 : INFO : concept 2: use easy price nice quality buy great work iron look
2022-05-09 05:41:32,503 : INFO : Train AUC: 0.9511
2022-05-09 05:41:32,506 : INFO : Test AUC: 0.9582
2022-05-09 05:41:32,506 : INFO : epoch 23/30:
2022-05-09 05:41:32,506 : INFO : Total loss: -10324.3995
2022-05-09 05:41:32,506 : INFO : SGNS loss: 14.9078
2022-05-09 05:41:32,506 : INFO : Dirichlet loss: -10361.6328
2022-05-09 05:41:32,506 : INFO : Prediction loss: 42.1672
2022-05-09 05:41:32,507 : INFO : Diversity loss: -19.8418
2022-05-09 05:41:32,510 : INFO : concept 1: leak type search bother wow slim dirt guess lock penny
2022-05-09 05:41:32,510 : INFO : concept 2: easy buy quality furniture time phone look excellent purchase great
2022-05-09 05:41:36,930 : INFO : Train AUC: 0.9955
2022-05-09 05:41:36,933 : INFO : Test AUC: 0.9970
2022-05-09 05:41:36,933 : INFO : epoch 24/30:
2022-05-09 05:41:36,933 : INFO : Total loss: -10323.5543
2022-05-09 05:41:36,933 : INFO : SGNS loss: 14.9094
2022-05-09 05:41:36,933 : INFO : Dirichlet loss: -10361.6328
2022-05-09 05:41:36,934 : INFO : Prediction loss: 43.1317
2022-05-09 05:41:36,934 : INFO : Diversity loss: -19.9627
2022-05-09 05:41:36,937 : INFO : concept 1: mainly eat tank sleek search local market packaging iphone birthday
2022-05-09 05:41:36,937 : INFO : concept 2: great use quality look easy like need work feature buy
2022-05-09 05:41:41,324 : INFO : Train AUC: 0.0080
2022-05-09 05:41:41,327 : INFO : Test AUC: 0.0099
2022-05-09 05:41:41,327 : INFO : epoch 25/30:
2022-05-09 05:41:41,328 : INFO : Total loss: -10327.8284
2022-05-09 05:41:41,328 : INFO : SGNS loss: 14.9060
2022-05-09 05:41:41,328 : INFO : Dirichlet loss: -10361.6328
2022-05-09 05:41:41,328 : INFO : Prediction loss: 38.9421
2022-05-09 05:41:41,328 : INFO : Diversity loss: -20.0437
2022-05-09 05:41:41,332 : INFO : concept 1: stable date robust durable hardly future self construction bookcase unable
2022-05-09 05:41:41,332 : INFO : concept 2: great price buy easy recommend use excellent look old simple
2022-05-09 05:41:45,757 : INFO : Train AUC: 0.9513
2022-05-09 05:41:45,760 : INFO : Test AUC: 0.9584
2022-05-09 05:41:45,760 : INFO : epoch 26/30:
2022-05-09 05:41:45,761 : INFO : Total loss: -10324.6787
2022-05-09 05:41:45,761 : INFO : SGNS loss: 14.9078
2022-05-09 05:41:45,761 : INFO : Dirichlet loss: -10361.6328
2022-05-09 05:41:45,761 : INFO : Prediction loss: 42.1460
2022-05-09 05:41:45,761 : INFO : Diversity loss: -20.0997
2022-05-09 05:41:45,765 : INFO : concept 1: perform advise penny early write lay dial eventually unable negative
2022-05-09 05:41:45,765 : INFO : concept 2: use easy great look buy price recommend bedroom tray little
2022-05-09 05:41:50,273 : INFO : Train AUC: 0.9959
2022-05-09 05:41:50,276 : INFO : Test AUC: 0.9972
2022-05-09 05:41:50,276 : INFO : epoch 27/30:
2022-05-09 05:41:50,277 : INFO : Total loss: -10323.8015
2022-05-09 05:41:50,277 : INFO : SGNS loss: 14.9066
2022-05-09 05:41:50,277 : INFO : Dirichlet loss: -10361.6328
2022-05-09 05:41:50,277 : INFO : Prediction loss: 43.0637
2022-05-09 05:41:50,277 : INFO : Diversity loss: -20.1390
2022-05-09 05:41:50,283 : INFO : concept 1: body special alarm brilliantly advertise hope write heating straightforward gadget
2022-05-09 05:41:50,283 : INFO : concept 2: quality use easy look purchase great buy come want job
2022-05-09 05:41:54,705 : INFO : Train AUC: 0.0076
2022-05-09 05:41:54,708 : INFO : Test AUC: 0.0095
2022-05-09 05:41:54,708 : INFO : epoch 28/30:
2022-05-09 05:41:54,708 : INFO : Total loss: -10327.9624
2022-05-09 05:41:54,708 : INFO : SGNS loss: 14.9096
2022-05-09 05:41:54,709 : INFO : Dirichlet loss: -10361.6328
2022-05-09 05:41:54,709 : INFO : Prediction loss: 38.9277
2022-05-09 05:41:54,709 : INFO : Diversity loss: -20.1669
2022-05-09 05:41:54,713 : INFO : concept 1: wet terrible bottle sony rest constantly saver poorly grip pet
2022-05-09 05:41:54,714 : INFO : concept 2: use easy great price minute look purchase excellent buy recommend
2022-05-09 05:41:59,207 : INFO : Train AUC: 0.9504
2022-05-09 05:41:59,210 : INFO : Test AUC: 0.9576
2022-05-09 05:41:59,210 : INFO : epoch 29/30:
2022-05-09 05:41:59,211 : INFO : Total loss: -10324.7767
2022-05-09 05:41:59,211 : INFO : SGNS loss: 14.9051
2022-05-09 05:41:59,211 : INFO : Dirichlet loss: -10361.6327
2022-05-09 05:41:59,211 : INFO : Prediction loss: 42.1380
2022-05-09 05:41:59,211 : INFO : Diversity loss: -20.1871
2022-05-09 05:41:59,215 : INFO : concept 1: facility worktop arrive friendly lock complain hide adjustable poorly hassle
2022-05-09 05:41:59,215 : INFO : concept 2: quality easy use job price look buy great little love
