2022-05-08 01:28:57,157 : INFO : Train AUC: 0.2097
2022-05-08 01:28:57,160 : INFO : Test AUC: 0.2129
2022-05-08 01:28:57,160 : INFO : epoch 0/30:
2022-05-08 01:28:57,160 : INFO : Total loss: 167038.7881
2022-05-08 01:28:57,160 : INFO : SGNS loss: 46.2187
2022-05-08 01:28:57,161 : INFO : Dirichlet loss: -10099.9720
2022-05-08 01:28:57,161 : INFO : Prediction loss: 177092.5414
2022-05-08 01:28:57,161 : INFO : Diversity loss: 0.0000
2022-05-08 01:28:57,164 : INFO : concept 1: completely quick hide absolute beautifully rating suit slot sized wipe
2022-05-08 01:28:57,164 : INFO : concept 2: video wardrobe flimsy practical push high press fine pile reliable
2022-05-08 01:29:01,154 : INFO : Train AUC: 0.1726
2022-05-08 01:29:01,157 : INFO : Test AUC: 0.1670
2022-05-08 01:29:01,157 : INFO : epoch 1/30:
2022-05-08 01:29:01,157 : INFO : Total loss: 23326.2803
2022-05-08 01:29:01,157 : INFO : SGNS loss: 46.2198
2022-05-08 01:29:01,157 : INFO : Dirichlet loss: -10351.2367
2022-05-08 01:29:01,158 : INFO : Prediction loss: 33631.2972
2022-05-08 01:29:01,158 : INFO : Diversity loss: 0.0000
2022-05-08 01:29:01,161 : INFO : concept 1: completely quick hide absolute beautifully rating suit slot sized wipe
2022-05-08 01:29:01,161 : INFO : concept 2: video wardrobe flimsy practical push high press fine pile reliable
2022-05-08 01:29:05,190 : INFO : Train AUC: 0.7373
2022-05-08 01:29:05,193 : INFO : Test AUC: 0.7241
2022-05-08 01:29:05,193 : INFO : epoch 2/30:
2022-05-08 01:29:05,193 : INFO : Total loss: 6335.2590
2022-05-08 01:29:05,193 : INFO : SGNS loss: 46.2165
2022-05-08 01:29:05,193 : INFO : Dirichlet loss: -10346.7342
2022-05-08 01:29:05,194 : INFO : Prediction loss: 16635.7766
2022-05-08 01:29:05,194 : INFO : Diversity loss: 0.0000
2022-05-08 01:29:05,197 : INFO : concept 1: completely quick hide absolute beautifully rating suit slot sized wipe
2022-05-08 01:29:05,197 : INFO : concept 2: video wardrobe flimsy practical push high press fine pile reliable
2022-05-08 01:29:09,219 : INFO : Train AUC: 0.6196
2022-05-08 01:29:09,222 : INFO : Test AUC: 0.6139
2022-05-08 01:29:09,222 : INFO : epoch 3/30:
2022-05-08 01:29:09,222 : INFO : Total loss: -3473.1608
2022-05-08 01:29:09,222 : INFO : SGNS loss: 46.2140
2022-05-08 01:29:09,222 : INFO : Dirichlet loss: -10334.8245
2022-05-08 01:29:09,223 : INFO : Prediction loss: 6815.4497
2022-05-08 01:29:09,223 : INFO : Diversity loss: 0.0000
2022-05-08 01:29:09,226 : INFO : concept 1: completely quick hide absolute beautifully rating suit slot sized wipe
2022-05-08 01:29:09,226 : INFO : concept 2: video wardrobe flimsy practical push high press fine pile reliable
2022-05-08 01:29:13,222 : INFO : Train AUC: 0.1171
2022-05-08 01:29:13,224 : INFO : Test AUC: 0.1170
2022-05-08 01:29:13,225 : INFO : epoch 4/30:
2022-05-08 01:29:13,225 : INFO : Total loss: -4102.6658
2022-05-08 01:29:13,225 : INFO : SGNS loss: 46.2103
2022-05-08 01:29:13,225 : INFO : Dirichlet loss: -10189.6732
2022-05-08 01:29:13,225 : INFO : Prediction loss: 6040.7972
2022-05-08 01:29:13,225 : INFO : Diversity loss: 0.0000
2022-05-08 01:29:13,229 : INFO : concept 1: completely quick hide absolute beautifully rating suit slot sized wipe
2022-05-08 01:29:13,229 : INFO : concept 2: video wardrobe flimsy practical push high press fine pile reliable
2022-05-08 01:29:17,283 : INFO : Train AUC: 0.9342
2022-05-08 01:29:17,286 : INFO : Test AUC: 0.9296
2022-05-08 01:29:17,286 : INFO : epoch 5/30:
2022-05-08 01:29:17,286 : INFO : Total loss: -4065.6330
2022-05-08 01:29:17,286 : INFO : SGNS loss: 46.2008
2022-05-08 01:29:17,286 : INFO : Dirichlet loss: -9927.1753
2022-05-08 01:29:17,286 : INFO : Prediction loss: 5815.3415
2022-05-08 01:29:17,287 : INFO : Diversity loss: 0.0000
2022-05-08 01:29:17,289 : INFO : concept 1: completely quick hide absolute beautifully rating suit slot sized wipe
2022-05-08 01:29:17,289 : INFO : concept 2: video wardrobe flimsy practical push high press fine pile reliable
2022-05-08 01:29:21,246 : INFO : Train AUC: 0.6879
2022-05-08 01:29:21,250 : INFO : Test AUC: 0.6545
2022-05-08 01:29:21,251 : INFO : epoch 6/30:
2022-05-08 01:29:21,251 : INFO : Total loss: -4083.8681
2022-05-08 01:29:21,251 : INFO : SGNS loss: 46.1828
2022-05-08 01:29:21,251 : INFO : Dirichlet loss: -9656.7461
2022-05-08 01:29:21,251 : INFO : Prediction loss: 5526.6952
2022-05-08 01:29:21,251 : INFO : Diversity loss: 0.0000
2022-05-08 01:29:21,255 : INFO : concept 1: completely quick hide absolute beautifully rating suit slot sized wipe
2022-05-08 01:29:21,255 : INFO : concept 2: video wardrobe flimsy practical push high press fine pile reliable
2022-05-08 01:29:25,270 : INFO : Train AUC: 0.2349
2022-05-08 01:29:25,273 : INFO : Test AUC: 0.1983
2022-05-08 01:29:25,273 : INFO : epoch 7/30:
2022-05-08 01:29:25,273 : INFO : Total loss: -3811.1979
2022-05-08 01:29:25,273 : INFO : SGNS loss: 46.1577
2022-05-08 01:29:25,273 : INFO : Dirichlet loss: -9371.0027
2022-05-08 01:29:25,273 : INFO : Prediction loss: 5513.6472
2022-05-08 01:29:25,273 : INFO : Diversity loss: 0.0000
2022-05-08 01:29:25,277 : INFO : concept 1: completely quick hide absolute beautifully rating suit slot sized wipe
2022-05-08 01:29:25,277 : INFO : concept 2: video wardrobe flimsy practical push high press fine pile reliable
2022-05-08 01:29:29,320 : INFO : Train AUC: 0.9489
2022-05-08 01:29:29,323 : INFO : Test AUC: 0.9310
2022-05-08 01:29:29,323 : INFO : epoch 8/30:
2022-05-08 01:29:29,323 : INFO : Total loss: -4166.1545
2022-05-08 01:29:29,324 : INFO : SGNS loss: 46.1290
2022-05-08 01:29:29,324 : INFO : Dirichlet loss: -9237.7857
2022-05-08 01:29:29,324 : INFO : Prediction loss: 5025.5022
2022-05-08 01:29:29,324 : INFO : Diversity loss: 0.0000
2022-05-08 01:29:29,327 : INFO : concept 1: completely quick hide absolute beautifully rating suit slot sized wipe
2022-05-08 01:29:29,327 : INFO : concept 2: video wardrobe flimsy practical push high press fine pile reliable
2022-05-08 01:29:33,327 : INFO : Train AUC: 0.8158
2022-05-08 01:29:33,330 : INFO : Test AUC: 0.7285
2022-05-08 01:29:33,330 : INFO : epoch 9/30:
2022-05-08 01:29:33,330 : INFO : Total loss: -4256.7489
2022-05-08 01:29:33,331 : INFO : SGNS loss: 46.1081
2022-05-08 01:29:33,331 : INFO : Dirichlet loss: -8879.9635
2022-05-08 01:29:33,331 : INFO : Prediction loss: 4577.1065
2022-05-08 01:29:33,331 : INFO : Diversity loss: 0.0000
2022-05-08 01:29:33,334 : INFO : concept 1: completely quick hide absolute beautifully rating suit slot sized wipe
2022-05-08 01:29:33,334 : INFO : concept 2: video wardrobe flimsy practical push high press fine pile reliable
2022-05-08 01:29:37,352 : INFO : Train AUC: 0.5287
2022-05-08 01:29:37,356 : INFO : Test AUC: 0.3913
2022-05-08 01:29:37,356 : INFO : epoch 10/30:
2022-05-08 01:29:37,356 : INFO : Total loss: -4520.9971
2022-05-08 01:29:37,357 : INFO : SGNS loss: 46.0851
2022-05-08 01:29:37,357 : INFO : Dirichlet loss: -8853.6808
2022-05-08 01:29:37,357 : INFO : Prediction loss: 4286.5987
2022-05-08 01:29:37,357 : INFO : Diversity loss: 0.0000
2022-05-08 01:29:37,360 : INFO : concept 1: completely quick hide absolute beautifully rating suit slot sized wipe
2022-05-08 01:29:37,360 : INFO : concept 2: video wardrobe flimsy practical push high press fine pile reliable
2022-05-08 01:29:41,344 : INFO : Train AUC: 0.9742
2022-05-08 01:29:41,347 : INFO : Test AUC: 0.9405
2022-05-08 01:29:41,348 : INFO : epoch 11/30:
2022-05-08 01:29:41,348 : INFO : Total loss: -5038.7126
2022-05-08 01:29:41,348 : INFO : SGNS loss: 46.0786
2022-05-08 01:29:41,348 : INFO : Dirichlet loss: -8897.1104
2022-05-08 01:29:41,348 : INFO : Prediction loss: 3812.3191
2022-05-08 01:29:41,348 : INFO : Diversity loss: 0.0000
2022-05-08 01:29:41,352 : INFO : concept 1: completely quick hide absolute beautifully rating suit slot sized wipe
2022-05-08 01:29:41,352 : INFO : concept 2: video wardrobe flimsy practical push high press fine pile reliable
2022-05-08 01:29:45,382 : INFO : Train AUC: 0.8797
2022-05-08 01:29:45,385 : INFO : Test AUC: 0.7714
2022-05-08 01:29:45,385 : INFO : epoch 12/30:
2022-05-08 01:29:45,385 : INFO : Total loss: -5405.5273
2022-05-08 01:29:45,385 : INFO : SGNS loss: 46.0750
2022-05-08 01:29:45,385 : INFO : Dirichlet loss: -8935.8923
2022-05-08 01:29:45,386 : INFO : Prediction loss: 3484.2901
2022-05-08 01:29:45,386 : INFO : Diversity loss: 0.0000
2022-05-08 01:29:45,389 : INFO : concept 1: completely quick hide absolute beautifully rating suit slot sized wipe
2022-05-08 01:29:45,389 : INFO : concept 2: video wardrobe flimsy practical push high press fine pile reliable
2022-05-08 01:29:49,409 : INFO : Train AUC: 0.6732
2022-05-08 01:29:49,412 : INFO : Test AUC: 0.4726
2022-05-08 01:29:49,412 : INFO : epoch 13/30:
2022-05-08 01:29:49,412 : INFO : Total loss: -5405.4930
2022-05-08 01:29:49,412 : INFO : SGNS loss: 46.0692
2022-05-08 01:29:49,412 : INFO : Dirichlet loss: -8958.0449
2022-05-08 01:29:49,412 : INFO : Prediction loss: 3506.4827
2022-05-08 01:29:49,412 : INFO : Diversity loss: 0.0000
2022-05-08 01:29:49,416 : INFO : concept 1: completely quick hide absolute beautifully rating suit slot sized wipe
2022-05-08 01:29:49,416 : INFO : concept 2: video wardrobe flimsy practical push high press fine pile reliable
2022-05-08 01:29:53,409 : INFO : Train AUC: 0.9803
2022-05-08 01:29:53,412 : INFO : Test AUC: 0.9316
2022-05-08 01:29:53,412 : INFO : epoch 14/30:
2022-05-08 01:29:53,412 : INFO : Total loss: -5719.6379
2022-05-08 01:29:53,412 : INFO : SGNS loss: 46.0655
2022-05-08 01:29:53,412 : INFO : Dirichlet loss: -8975.6159
2022-05-08 01:29:53,412 : INFO : Prediction loss: 3209.9124
2022-05-08 01:29:53,412 : INFO : Diversity loss: 0.0000
2022-05-08 01:29:53,416 : INFO : concept 1: completely quick hide absolute beautifully rating suit slot sized wipe
2022-05-08 01:29:53,416 : INFO : concept 2: video wardrobe flimsy practical push high press fine pile reliable
2022-05-08 01:29:57,711 : INFO : Train AUC: 0.8986
2022-05-08 01:29:57,714 : INFO : Test AUC: 0.7909
2022-05-08 01:29:57,714 : INFO : epoch 15/30:
2022-05-08 01:29:57,714 : INFO : Total loss: -7167.5390
2022-05-08 01:29:57,714 : INFO : SGNS loss: 24.1230
2022-05-08 01:29:57,715 : INFO : Dirichlet loss: -10172.0621
2022-05-08 01:29:57,715 : INFO : Prediction loss: 2980.4001
2022-05-08 01:29:57,715 : INFO : Diversity loss: 0.0000
2022-05-08 01:29:57,718 : INFO : concept 1: great easy actual buy price quality use alot look eat
2022-05-08 01:29:57,718 : INFO : concept 2: actual easy use great buy worry alot tiny eat price
2022-05-08 01:30:02,002 : INFO : Train AUC: 0.7223
2022-05-08 01:30:02,004 : INFO : Test AUC: 0.5147
2022-05-08 01:30:02,005 : INFO : epoch 16/30:
2022-05-08 01:30:02,005 : INFO : Total loss: -7297.1180
2022-05-08 01:30:02,005 : INFO : SGNS loss: 15.1924
2022-05-08 01:30:02,005 : INFO : Dirichlet loss: -10358.8249
2022-05-08 01:30:02,005 : INFO : Prediction loss: 3046.5144
2022-05-08 01:30:02,005 : INFO : Diversity loss: 0.0000
2022-05-08 01:30:02,008 : INFO : concept 1: great easy use price buy quality look money unable love
2022-05-08 01:30:02,009 : INFO : concept 2: use easy great buy price unable look money quality access
2022-05-08 01:30:06,248 : INFO : Train AUC: 0.9874
2022-05-08 01:30:06,251 : INFO : Test AUC: 0.9394
2022-05-08 01:30:06,251 : INFO : epoch 17/30:
2022-05-08 01:30:06,251 : INFO : Total loss: -7529.5283
2022-05-08 01:30:06,251 : INFO : SGNS loss: 15.0387
2022-05-08 01:30:06,251 : INFO : Dirichlet loss: -10359.7622
2022-05-08 01:30:06,252 : INFO : Prediction loss: 2815.1952
2022-05-08 01:30:06,252 : INFO : Diversity loss: 0.0000
2022-05-08 01:30:06,255 : INFO : concept 1: buy great easy look use quality excellent price money love
2022-05-08 01:30:06,255 : INFO : concept 2: buy use easy great excellent look price quality money recommend
2022-05-08 01:30:10,566 : INFO : Train AUC: 0.9085
2022-05-08 01:30:10,569 : INFO : Test AUC: 0.7929
2022-05-08 01:30:10,569 : INFO : epoch 18/30:
2022-05-08 01:30:10,569 : INFO : Total loss: -7683.7290
2022-05-08 01:30:10,569 : INFO : SGNS loss: 14.9881
2022-05-08 01:30:10,569 : INFO : Dirichlet loss: -10359.9303
2022-05-08 01:30:10,569 : INFO : Prediction loss: 2661.2132
2022-05-08 01:30:10,570 : INFO : Diversity loss: 0.0000
2022-05-08 01:30:10,573 : INFO : concept 1: great buy look easy quality price use excellent nice lovely
2022-05-08 01:30:10,573 : INFO : concept 2: great buy easy use look excellent price quality purchase nice
2022-05-08 01:30:14,878 : INFO : Train AUC: 0.7381
2022-05-08 01:30:14,880 : INFO : Test AUC: 0.5257
2022-05-08 01:30:14,880 : INFO : epoch 19/30:
2022-05-08 01:30:14,881 : INFO : Total loss: -7605.6067
2022-05-08 01:30:14,881 : INFO : SGNS loss: 14.9653
2022-05-08 01:30:14,881 : INFO : Dirichlet loss: -10360.1263
2022-05-08 01:30:14,881 : INFO : Prediction loss: 2739.5543
2022-05-08 01:30:14,881 : INFO : Diversity loss: 0.0000
2022-05-08 01:30:14,884 : INFO : concept 1: great easy price quality use look buy money sturdy work
2022-05-08 01:30:14,884 : INFO : concept 2: easy great use price look buy quality work sound money
2022-05-08 01:30:19,190 : INFO : Train AUC: 0.9905
2022-05-08 01:30:19,193 : INFO : Test AUC: 0.9416
2022-05-08 01:30:19,193 : INFO : epoch 20/30:
2022-05-08 01:30:19,193 : INFO : Total loss: -7812.6736
2022-05-08 01:30:19,193 : INFO : SGNS loss: 14.9516
2022-05-08 01:30:19,193 : INFO : Dirichlet loss: -10360.0150
2022-05-08 01:30:19,193 : INFO : Prediction loss: 2532.3898
2022-05-08 01:30:19,193 : INFO : Diversity loss: 0.0000
2022-05-08 01:30:19,197 : INFO : concept 1: price great fit easy excellent nice use money look buy
2022-05-08 01:30:19,197 : INFO : concept 2: price great easy use fit excellent need nice small money
2022-05-08 01:30:23,447 : INFO : Train AUC: 0.9162
2022-05-08 01:30:23,450 : INFO : Test AUC: 0.8000
2022-05-08 01:30:23,450 : INFO : epoch 21/30:
2022-05-08 01:30:23,450 : INFO : Total loss: -7919.9688
2022-05-08 01:30:23,450 : INFO : SGNS loss: 14.9434
2022-05-08 01:30:23,450 : INFO : Dirichlet loss: -10359.9836
2022-05-08 01:30:23,451 : INFO : Prediction loss: 2425.0713
2022-05-08 01:30:23,451 : INFO : Diversity loss: 0.0000
2022-05-08 01:30:23,454 : INFO : concept 1: great use look easy buy quality excellent price fit recommend
2022-05-08 01:30:23,454 : INFO : concept 2: use great easy look buy excellent price quality recommend phone
2022-05-08 01:30:27,751 : INFO : Train AUC: 0.7460
2022-05-08 01:30:27,754 : INFO : Test AUC: 0.5272
2022-05-08 01:30:27,754 : INFO : epoch 22/30:
2022-05-08 01:30:27,754 : INFO : Total loss: -7831.1716
2022-05-08 01:30:27,754 : INFO : SGNS loss: 14.9369
2022-05-08 01:30:27,755 : INFO : Dirichlet loss: -10359.9759
2022-05-08 01:30:27,755 : INFO : Prediction loss: 2513.8674
2022-05-08 01:30:27,755 : INFO : Diversity loss: 0.0000
2022-05-08 01:30:27,758 : INFO : concept 1: quality great money easy buy look fit use nice bit
2022-05-08 01:30:27,758 : INFO : concept 2: quality easy great buy money use look bit work picture
2022-05-08 01:30:32,053 : INFO : Train AUC: 0.6710
2022-05-08 01:30:32,056 : INFO : Test AUC: 0.4911
2022-05-08 01:30:32,056 : INFO : epoch 23/30:
2022-05-08 01:30:32,056 : INFO : Total loss: -8249.1468
2022-05-08 01:30:32,056 : INFO : SGNS loss: 14.9326
2022-05-08 01:30:32,057 : INFO : Dirichlet loss: -10359.8627
2022-05-08 01:30:32,057 : INFO : Prediction loss: 2095.7834
2022-05-08 01:30:32,057 : INFO : Diversity loss: 0.0000
2022-05-08 01:30:32,060 : INFO : concept 1: easy great look buy price money need item pleased quality
2022-05-08 01:30:32,060 : INFO : concept 2: easy great look need buy use price job money pleased
2022-05-08 01:30:36,334 : INFO : Train AUC: 0.9967
2022-05-08 01:30:36,337 : INFO : Test AUC: 0.9706
2022-05-08 01:30:36,337 : INFO : epoch 24/30:
2022-05-08 01:30:36,337 : INFO : Total loss: -8423.3814
2022-05-08 01:30:36,337 : INFO : SGNS loss: 14.9306
2022-05-08 01:30:36,338 : INFO : Dirichlet loss: -10359.7312
2022-05-08 01:30:36,338 : INFO : Prediction loss: 1921.4192
2022-05-08 01:30:36,338 : INFO : Diversity loss: 0.0000
2022-05-08 01:30:36,341 : INFO : concept 1: great easy use buy price son quality want look fit
2022-05-08 01:30:36,341 : INFO : concept 2: easy great use buy want price son look quality like
2022-05-08 01:30:40,620 : INFO : Train AUC: 0.9308
2022-05-08 01:30:40,623 : INFO : Test AUC: 0.8280
2022-05-08 01:30:40,623 : INFO : epoch 25/30:
2022-05-08 01:30:40,624 : INFO : Total loss: -8650.1332
2022-05-08 01:30:40,624 : INFO : SGNS loss: 14.9269
2022-05-08 01:30:40,624 : INFO : Dirichlet loss: -10359.7321
2022-05-08 01:30:40,624 : INFO : Prediction loss: 1694.6720
2022-05-08 01:30:40,624 : INFO : Diversity loss: 0.0000
2022-05-08 01:30:40,627 : INFO : concept 1: use great easy buy look quality need price work fit
2022-05-08 01:30:40,627 : INFO : concept 2: use easy great buy need look work quality price recommend
2022-05-08 01:30:44,875 : INFO : Train AUC: 0.9000
2022-05-08 01:30:44,878 : INFO : Test AUC: 0.7697
2022-05-08 01:30:44,878 : INFO : epoch 26/30:
2022-05-08 01:30:44,878 : INFO : Total loss: -8797.4093
2022-05-08 01:30:44,878 : INFO : SGNS loss: 14.9265
2022-05-08 01:30:44,878 : INFO : Dirichlet loss: -10359.4342
2022-05-08 01:30:44,878 : INFO : Prediction loss: 1547.0984
2022-05-08 01:30:44,878 : INFO : Diversity loss: 0.0000
2022-05-08 01:30:44,882 : INFO : concept 1: easy great buy look price excellent use quality fit money
2022-05-08 01:30:44,882 : INFO : concept 2: easy buy great look excellent price use old happy quality
2022-05-08 01:30:49,215 : INFO : Train AUC: 0.9964
2022-05-08 01:30:49,218 : INFO : Test AUC: 0.9726
2022-05-08 01:30:49,218 : INFO : epoch 27/30:
2022-05-08 01:30:49,219 : INFO : Total loss: -8718.2757
2022-05-08 01:30:49,219 : INFO : SGNS loss: 14.9235
2022-05-08 01:30:49,219 : INFO : Dirichlet loss: -10359.4291
2022-05-08 01:30:49,219 : INFO : Prediction loss: 1626.2298
2022-05-08 01:30:49,219 : INFO : Diversity loss: 0.0000
2022-05-08 01:30:49,223 : INFO : concept 1: great use easy look quality exactly money nice price recommend
2022-05-08 01:30:49,223 : INFO : concept 2: use easy great look exactly work recommend money sound quality
2022-05-08 01:30:53,518 : INFO : Train AUC: 0.9573
2022-05-08 01:30:53,521 : INFO : Test AUC: 0.8681
2022-05-08 01:30:53,522 : INFO : epoch 28/30:
2022-05-08 01:30:53,522 : INFO : Total loss: -8773.6741
2022-05-08 01:30:53,522 : INFO : SGNS loss: 14.9242
2022-05-08 01:30:53,522 : INFO : Dirichlet loss: -10359.3261
2022-05-08 01:30:53,522 : INFO : Prediction loss: 1570.7278
2022-05-08 01:30:53,523 : INFO : Diversity loss: 0.0000
2022-05-08 01:30:53,526 : INFO : concept 1: great look quality buy easy use price excellent fit old
2022-05-08 01:30:53,526 : INFO : concept 2: great look use buy easy quality price phone excellent old
2022-05-08 01:30:57,843 : INFO : Train AUC: 0.9956
2022-05-08 01:30:57,846 : INFO : Test AUC: 0.9745
2022-05-08 01:30:57,847 : INFO : epoch 29/30:
2022-05-08 01:30:57,847 : INFO : Total loss: -8846.5774
2022-05-08 01:30:57,847 : INFO : SGNS loss: 14.9222
2022-05-08 01:30:57,847 : INFO : Dirichlet loss: -10358.9126
2022-05-08 01:30:57,847 : INFO : Prediction loss: 1497.4130
2022-05-08 01:30:57,847 : INFO : Diversity loss: 0.0000
2022-05-08 01:30:57,851 : INFO : concept 1: great easy quality money look buy price use excellent worried
2022-05-08 01:30:57,851 : INFO : concept 2: easy great use money look buy quality price excellent worried
