2022-05-08 02:24:44,926 : INFO : Train AUC: 0.4551
2022-05-08 02:24:44,929 : INFO : Test AUC: 0.4568
2022-05-08 02:24:44,930 : INFO : epoch 0/30:
2022-05-08 02:24:44,930 : INFO : Total loss: 4480520.0633
2022-05-08 02:24:44,930 : INFO : SGNS loss: 46.0338
2022-05-08 02:24:44,930 : INFO : Dirichlet loss: 0.0000
2022-05-08 02:24:44,930 : INFO : Prediction loss: 4477158.1458
2022-05-08 02:24:44,930 : INFO : Diversity loss: 3315.8837
2022-05-08 02:24:44,934 : INFO : concept 1: instead weather edge block access let check early girl rest
2022-05-08 02:24:44,934 : INFO : concept 2: pad cord fab tip powerful manufacturer angle happy fully charge
2022-05-08 02:24:49,022 : INFO : Train AUC: 0.0901
2022-05-08 02:24:49,025 : INFO : Test AUC: 0.0966
2022-05-08 02:24:49,025 : INFO : epoch 1/30:
2022-05-08 02:24:49,026 : INFO : Total loss: 234012.4744
2022-05-08 02:24:49,026 : INFO : SGNS loss: 46.2753
2022-05-08 02:24:49,026 : INFO : Dirichlet loss: 0.0000
2022-05-08 02:24:49,026 : INFO : Prediction loss: 230650.3153
2022-05-08 02:24:49,026 : INFO : Diversity loss: 3315.8837
2022-05-08 02:24:49,029 : INFO : concept 1: instead weather edge block access let check early girl rest
2022-05-08 02:24:49,030 : INFO : concept 2: pad cord fab tip powerful manufacturer angle happy fully charge
2022-05-08 02:24:53,144 : INFO : Train AUC: 0.1895
2022-05-08 02:24:53,147 : INFO : Test AUC: 0.1752
2022-05-08 02:24:53,147 : INFO : epoch 2/30:
2022-05-08 02:24:53,147 : INFO : Total loss: 42721.0532
2022-05-08 02:24:53,147 : INFO : SGNS loss: 46.4495
2022-05-08 02:24:53,147 : INFO : Dirichlet loss: 0.0000
2022-05-08 02:24:53,148 : INFO : Prediction loss: 39358.7200
2022-05-08 02:24:53,148 : INFO : Diversity loss: 3315.8837
2022-05-08 02:24:53,151 : INFO : concept 1: instead weather edge block access let check early girl rest
2022-05-08 02:24:53,151 : INFO : concept 2: pad cord fab tip powerful manufacturer angle happy fully charge
2022-05-08 02:24:57,198 : INFO : Train AUC: 0.3171
2022-05-08 02:24:57,201 : INFO : Test AUC: 0.2969
2022-05-08 02:24:57,201 : INFO : epoch 3/30:
2022-05-08 02:24:57,201 : INFO : Total loss: 20970.4838
2022-05-08 02:24:57,201 : INFO : SGNS loss: 46.4470
2022-05-08 02:24:57,201 : INFO : Dirichlet loss: 0.0000
2022-05-08 02:24:57,202 : INFO : Prediction loss: 17608.1531
2022-05-08 02:24:57,202 : INFO : Diversity loss: 3315.8837
2022-05-08 02:24:57,205 : INFO : concept 1: instead weather edge block access let check early girl rest
2022-05-08 02:24:57,206 : INFO : concept 2: pad cord fab tip powerful manufacturer angle happy fully charge
2022-05-08 02:25:01,316 : INFO : Train AUC: 0.0725
2022-05-08 02:25:01,319 : INFO : Test AUC: 0.0714
2022-05-08 02:25:01,319 : INFO : epoch 4/30:
2022-05-08 02:25:01,319 : INFO : Total loss: 16411.1429
2022-05-08 02:25:01,319 : INFO : SGNS loss: 46.4483
2022-05-08 02:25:01,319 : INFO : Dirichlet loss: 0.0000
2022-05-08 02:25:01,319 : INFO : Prediction loss: 13048.8109
2022-05-08 02:25:01,320 : INFO : Diversity loss: 3315.8836
2022-05-08 02:25:01,323 : INFO : concept 1: instead weather edge block access let check early girl rest
2022-05-08 02:25:01,323 : INFO : concept 2: pad cord fab tip powerful manufacturer angle happy fully charge
2022-05-08 02:25:05,379 : INFO : Train AUC: 0.9969
2022-05-08 02:25:05,382 : INFO : Test AUC: 0.9954
2022-05-08 02:25:05,382 : INFO : epoch 5/30:
2022-05-08 02:25:05,382 : INFO : Total loss: 10927.2443
2022-05-08 02:25:05,382 : INFO : SGNS loss: 46.4480
2022-05-08 02:25:05,383 : INFO : Dirichlet loss: 0.0000
2022-05-08 02:25:05,383 : INFO : Prediction loss: 7564.9127
2022-05-08 02:25:05,383 : INFO : Diversity loss: 3315.8836
2022-05-08 02:25:05,386 : INFO : concept 1: instead weather edge block access let check early girl rest
2022-05-08 02:25:05,386 : INFO : concept 2: pad cord fab tip powerful manufacturer angle happy fully charge
2022-05-08 02:25:09,428 : INFO : Train AUC: 0.3801
2022-05-08 02:25:09,432 : INFO : Test AUC: 0.3642
2022-05-08 02:25:09,432 : INFO : epoch 6/30:
2022-05-08 02:25:09,432 : INFO : Total loss: 9798.2111
2022-05-08 02:25:09,432 : INFO : SGNS loss: 46.4497
2022-05-08 02:25:09,432 : INFO : Dirichlet loss: 0.0000
2022-05-08 02:25:09,432 : INFO : Prediction loss: 6435.8778
2022-05-08 02:25:09,433 : INFO : Diversity loss: 3315.8837
2022-05-08 02:25:09,436 : INFO : concept 1: instead weather edge block access let check early girl rest
2022-05-08 02:25:09,436 : INFO : concept 2: pad cord fab tip powerful manufacturer angle happy fully charge
2022-05-08 02:25:13,499 : INFO : Train AUC: 0.2429
2022-05-08 02:25:13,501 : INFO : Test AUC: 0.2419
2022-05-08 02:25:13,502 : INFO : epoch 7/30:
2022-05-08 02:25:13,502 : INFO : Total loss: 9417.6496
2022-05-08 02:25:13,502 : INFO : SGNS loss: 46.4509
2022-05-08 02:25:13,502 : INFO : Dirichlet loss: 0.0000
2022-05-08 02:25:13,502 : INFO : Prediction loss: 6055.3150
2022-05-08 02:25:13,502 : INFO : Diversity loss: 3315.8837
2022-05-08 02:25:13,506 : INFO : concept 1: instead weather edge block access let check early girl rest
2022-05-08 02:25:13,506 : INFO : concept 2: pad cord fab tip powerful manufacturer angle happy fully charge
2022-05-08 02:25:17,584 : INFO : Train AUC: 0.0046
2022-05-08 02:25:17,587 : INFO : Test AUC: 0.0041
2022-05-08 02:25:17,587 : INFO : epoch 8/30:
2022-05-08 02:25:17,588 : INFO : Total loss: 10152.0349
2022-05-08 02:25:17,588 : INFO : SGNS loss: 46.4476
2022-05-08 02:25:17,588 : INFO : Dirichlet loss: 0.0000
2022-05-08 02:25:17,588 : INFO : Prediction loss: 6789.7036
2022-05-08 02:25:17,588 : INFO : Diversity loss: 3315.8836
2022-05-08 02:25:17,591 : INFO : concept 1: instead weather edge block access let check early girl rest
2022-05-08 02:25:17,592 : INFO : concept 2: pad cord fab tip powerful manufacturer angle happy fully charge
2022-05-08 02:25:21,695 : INFO : Train AUC: 0.9920
2022-05-08 02:25:21,698 : INFO : Test AUC: 0.9902
2022-05-08 02:25:21,698 : INFO : epoch 9/30:
2022-05-08 02:25:21,698 : INFO : Total loss: 9473.5898
2022-05-08 02:25:21,698 : INFO : SGNS loss: 46.4481
2022-05-08 02:25:21,698 : INFO : Dirichlet loss: 0.0000
2022-05-08 02:25:21,698 : INFO : Prediction loss: 6111.2580
2022-05-08 02:25:21,699 : INFO : Diversity loss: 3315.8837
2022-05-08 02:25:21,702 : INFO : concept 1: instead weather edge block access let check early girl rest
2022-05-08 02:25:21,702 : INFO : concept 2: pad cord fab tip powerful manufacturer angle happy fully charge
2022-05-08 02:25:25,774 : INFO : Train AUC: 0.9992
2022-05-08 02:25:25,777 : INFO : Test AUC: 0.9985
2022-05-08 02:25:25,777 : INFO : epoch 10/30:
2022-05-08 02:25:25,777 : INFO : Total loss: 10040.4988
2022-05-08 02:25:25,777 : INFO : SGNS loss: 46.4472
2022-05-08 02:25:25,777 : INFO : Dirichlet loss: 0.0000
2022-05-08 02:25:25,777 : INFO : Prediction loss: 6678.1679
2022-05-08 02:25:25,777 : INFO : Diversity loss: 3315.8837
2022-05-08 02:25:25,781 : INFO : concept 1: instead weather edge block access let check early girl rest
2022-05-08 02:25:25,781 : INFO : concept 2: pad cord fab tip powerful manufacturer angle happy fully charge
2022-05-08 02:25:29,858 : INFO : Train AUC: 0.3158
2022-05-08 02:25:29,861 : INFO : Test AUC: 0.3037
2022-05-08 02:25:29,861 : INFO : epoch 11/30:
2022-05-08 02:25:29,861 : INFO : Total loss: 9731.5420
2022-05-08 02:25:29,861 : INFO : SGNS loss: 46.4500
2022-05-08 02:25:29,862 : INFO : Dirichlet loss: 0.0000
2022-05-08 02:25:29,862 : INFO : Prediction loss: 6369.2083
2022-05-08 02:25:29,862 : INFO : Diversity loss: 3315.8837
2022-05-08 02:25:29,865 : INFO : concept 1: instead weather edge block access let check early girl rest
2022-05-08 02:25:29,865 : INFO : concept 2: pad cord fab tip powerful manufacturer angle happy fully charge
2022-05-08 02:25:33,936 : INFO : Train AUC: 0.2400
2022-05-08 02:25:33,939 : INFO : Test AUC: 0.2414
2022-05-08 02:25:33,939 : INFO : epoch 12/30:
2022-05-08 02:25:33,940 : INFO : Total loss: 9388.3724
2022-05-08 02:25:33,940 : INFO : SGNS loss: 46.4452
2022-05-08 02:25:33,940 : INFO : Dirichlet loss: 0.0000
2022-05-08 02:25:33,940 : INFO : Prediction loss: 6026.0436
2022-05-08 02:25:33,940 : INFO : Diversity loss: 3315.8836
2022-05-08 02:25:33,944 : INFO : concept 1: instead weather edge block access let check early girl rest
2022-05-08 02:25:33,944 : INFO : concept 2: pad cord fab tip powerful manufacturer angle happy fully charge
2022-05-08 02:25:38,042 : INFO : Train AUC: 0.0029
2022-05-08 02:25:38,044 : INFO : Test AUC: 0.0023
2022-05-08 02:25:38,045 : INFO : epoch 13/30:
2022-05-08 02:25:38,045 : INFO : Total loss: 10160.0854
2022-05-08 02:25:38,045 : INFO : SGNS loss: 46.4482
2022-05-08 02:25:38,045 : INFO : Dirichlet loss: 0.0000
2022-05-08 02:25:38,045 : INFO : Prediction loss: 6797.7536
2022-05-08 02:25:38,045 : INFO : Diversity loss: 3315.8837
2022-05-08 02:25:38,049 : INFO : concept 1: instead weather edge block access let check early girl rest
2022-05-08 02:25:38,049 : INFO : concept 2: pad cord fab tip powerful manufacturer angle happy fully charge
2022-05-08 02:25:42,129 : INFO : Train AUC: 0.9937
2022-05-08 02:25:42,132 : INFO : Test AUC: 0.9921
2022-05-08 02:25:42,132 : INFO : epoch 14/30:
2022-05-08 02:25:42,132 : INFO : Total loss: 9491.9598
2022-05-08 02:25:42,132 : INFO : SGNS loss: 46.4426
2022-05-08 02:25:42,132 : INFO : Dirichlet loss: 0.0000
2022-05-08 02:25:42,132 : INFO : Prediction loss: 6129.6337
2022-05-08 02:25:42,133 : INFO : Diversity loss: 3315.8836
2022-05-08 02:25:42,136 : INFO : concept 1: instead weather edge block access let check early girl rest
2022-05-08 02:25:42,136 : INFO : concept 2: pad cord fab tip powerful manufacturer angle happy fully charge
2022-05-08 02:25:46,566 : INFO : Train AUC: 0.9994
2022-05-08 02:25:46,569 : INFO : Test AUC: 0.9988
2022-05-08 02:25:46,569 : INFO : epoch 15/30:
2022-05-08 02:25:46,570 : INFO : Total loss: 8465.1279
2022-05-08 02:25:46,570 : INFO : SGNS loss: 22.2733
2022-05-08 02:25:46,570 : INFO : Dirichlet loss: 0.0000
2022-05-08 02:25:46,570 : INFO : Prediction loss: 6662.9367
2022-05-08 02:25:46,570 : INFO : Diversity loss: 1779.9179
2022-05-08 02:25:46,574 : INFO : concept 1: completely comfy suppose complaint slightly toy provide thank blender choose
2022-05-08 02:25:46,574 : INFO : concept 2: great price buy use look easy quality excellent money work
2022-05-08 02:25:51,001 : INFO : Train AUC: 0.3100
2022-05-08 02:25:51,004 : INFO : Test AUC: 0.2972
2022-05-08 02:25:51,004 : INFO : epoch 16/30:
2022-05-08 02:25:51,004 : INFO : Total loss: 5767.1319
2022-05-08 02:25:51,004 : INFO : SGNS loss: 14.9443
2022-05-08 02:25:51,005 : INFO : Dirichlet loss: 0.0000
2022-05-08 02:25:51,005 : INFO : Prediction loss: 6355.3682
2022-05-08 02:25:51,005 : INFO : Diversity loss: -603.1806
2022-05-08 02:25:51,008 : INFO : concept 1: diy stuff body chrome solution stair display reduce brush shed
2022-05-08 02:25:51,008 : INFO : concept 2: easy use great fit excellent money buy quality love price
2022-05-08 02:25:55,416 : INFO : Train AUC: 0.2404
2022-05-08 02:25:55,418 : INFO : Test AUC: 0.2414
2022-05-08 02:25:55,419 : INFO : epoch 17/30:
2022-05-08 02:25:55,419 : INFO : Total loss: 4581.7269
2022-05-08 02:25:55,419 : INFO : SGNS loss: 14.8981
2022-05-08 02:25:55,419 : INFO : Dirichlet loss: 0.0000
2022-05-08 02:25:55,419 : INFO : Prediction loss: 6018.2109
2022-05-08 02:25:55,419 : INFO : Diversity loss: -1451.3821
2022-05-08 02:25:55,422 : INFO : concept 1: weather reserve lay separate reasonably pain cold container mind blender
2022-05-08 02:25:55,423 : INFO : concept 2: look use great buy time money easy happy find assemble
2022-05-08 02:25:59,819 : INFO : Train AUC: 0.0024
2022-05-08 02:25:59,822 : INFO : Test AUC: 0.0020
2022-05-08 02:25:59,822 : INFO : epoch 18/30:
2022-05-08 02:25:59,822 : INFO : Total loss: 4980.3630
2022-05-08 02:25:59,822 : INFO : SGNS loss: 14.9038
2022-05-08 02:25:59,823 : INFO : Dirichlet loss: 0.0000
2022-05-08 02:25:59,823 : INFO : Prediction loss: 6766.6900
2022-05-08 02:25:59,823 : INFO : Diversity loss: -1801.2308
2022-05-08 02:25:59,826 : INFO : concept 1: mobile actual arrive foot tank baby lack produce fairly bulky
2022-05-08 02:25:59,826 : INFO : concept 2: great use excellent money price design fit buy easy little
2022-05-08 02:26:04,195 : INFO : Train AUC: 0.9943
2022-05-08 02:26:04,198 : INFO : Test AUC: 0.9928
2022-05-08 02:26:04,198 : INFO : epoch 19/30:
2022-05-08 02:26:04,198 : INFO : Total loss: 4172.2825
2022-05-08 02:26:04,198 : INFO : SGNS loss: 14.9068
2022-05-08 02:26:04,198 : INFO : Dirichlet loss: 0.0000
2022-05-08 02:26:04,199 : INFO : Prediction loss: 6086.1023
2022-05-08 02:26:04,199 : INFO : Diversity loss: -1928.7266
2022-05-08 02:26:04,202 : INFO : concept 1: answer grey hassle happen adjustable crease blow lay wonderful wheel
2022-05-08 02:26:04,202 : INFO : concept 2: buy easy look great use price need excellent high old
2022-05-08 02:26:08,606 : INFO : Train AUC: 0.9995
2022-05-08 02:26:08,611 : INFO : Test AUC: 0.9991
2022-05-08 02:26:08,611 : INFO : epoch 20/30:
2022-05-08 02:26:08,612 : INFO : Total loss: 4677.0962
2022-05-08 02:26:08,612 : INFO : SGNS loss: 14.9125
2022-05-08 02:26:08,612 : INFO : Dirichlet loss: 0.0000
2022-05-08 02:26:08,612 : INFO : Prediction loss: 6646.1860
2022-05-08 02:26:08,612 : INFO : Diversity loss: -1984.0022
2022-05-08 02:26:08,618 : INFO : concept 1: dial happen iphone pop outside term market construction versatile word
2022-05-08 02:26:08,618 : INFO : concept 2: buy easy soon look great recommend money use sound price
2022-05-08 02:26:13,022 : INFO : Train AUC: 0.3066
2022-05-08 02:26:13,025 : INFO : Test AUC: 0.2933
2022-05-08 02:26:13,025 : INFO : epoch 21/30:
2022-05-08 02:26:13,026 : INFO : Total loss: 4337.4246
2022-05-08 02:26:13,026 : INFO : SGNS loss: 14.9128
2022-05-08 02:26:13,026 : INFO : Dirichlet loss: 0.0000
2022-05-08 02:26:13,026 : INFO : Prediction loss: 6334.9430
2022-05-08 02:26:13,026 : INFO : Diversity loss: -2012.4313
2022-05-08 02:26:13,030 : INFO : concept 1: improve straightforward fresh packaging additional timer brilliantly poorly video lay
2022-05-08 02:26:13,030 : INFO : concept 2: great quality use look easy phone small time price lovely
2022-05-08 02:26:17,444 : INFO : Train AUC: 0.2413
2022-05-08 02:26:17,447 : INFO : Test AUC: 0.2421
2022-05-08 02:26:17,447 : INFO : epoch 22/30:
2022-05-08 02:26:17,447 : INFO : Total loss: 4000.3606
2022-05-08 02:26:17,447 : INFO : SGNS loss: 14.9125
2022-05-08 02:26:17,447 : INFO : Dirichlet loss: 0.0000
2022-05-08 02:26:17,448 : INFO : Prediction loss: 6014.3910
2022-05-08 02:26:17,448 : INFO : Diversity loss: -2028.9429
2022-05-08 02:26:17,452 : INFO : concept 1: arm slip usual system recomend test summer finger wow guest
2022-05-08 02:26:17,452 : INFO : concept 2: use price great look nice buy easy quality space son
2022-05-08 02:26:21,827 : INFO : Train AUC: 0.0020
2022-05-08 02:26:21,830 : INFO : Test AUC: 0.0018
2022-05-08 02:26:21,830 : INFO : epoch 23/30:
2022-05-08 02:26:21,831 : INFO : Total loss: 4749.8015
2022-05-08 02:26:21,831 : INFO : SGNS loss: 14.9162
2022-05-08 02:26:21,831 : INFO : Dirichlet loss: 0.0000
2022-05-08 02:26:21,831 : INFO : Prediction loss: 6774.2783
2022-05-08 02:26:21,831 : INFO : Diversity loss: -2039.3931
2022-05-08 02:26:21,834 : INFO : concept 1: click fixing figure arm looking clip height versatile protector patio
2022-05-08 02:26:21,834 : INFO : concept 2: price easy great need lovely perfectly use bit buy sound
2022-05-08 02:26:26,242 : INFO : Train AUC: 0.9947
2022-05-08 02:26:26,245 : INFO : Test AUC: 0.9933
2022-05-08 02:26:26,245 : INFO : epoch 24/30:
2022-05-08 02:26:26,245 : INFO : Total loss: 4069.5076
2022-05-08 02:26:26,245 : INFO : SGNS loss: 14.9156
2022-05-08 02:26:26,245 : INFO : Dirichlet loss: 0.0000
2022-05-08 02:26:26,245 : INFO : Prediction loss: 6101.0288
2022-05-08 02:26:26,245 : INFO : Diversity loss: -2046.4368
2022-05-08 02:26:26,249 : INFO : concept 1: badly careful sorry exist date feed improvement thoroughly gorgeous intend
2022-05-08 02:26:26,249 : INFO : concept 2: use easy little money buy assemble great fit look clean
2022-05-08 02:26:30,749 : INFO : Train AUC: 0.9995
2022-05-08 02:26:30,752 : INFO : Test AUC: 0.9992
2022-05-08 02:26:30,753 : INFO : epoch 25/30:
2022-05-08 02:26:30,753 : INFO : Total loss: 4598.6678
2022-05-08 02:26:30,753 : INFO : SGNS loss: 14.9175
2022-05-08 02:26:30,753 : INFO : Dirichlet loss: 0.0000
2022-05-08 02:26:30,753 : INFO : Prediction loss: 6635.1675
2022-05-08 02:26:30,753 : INFO : Diversity loss: -2051.4172
2022-05-08 02:26:30,757 : INFO : concept 1: pattern meet receive manufacturer key write wet lock winter mind
2022-05-08 02:26:30,757 : INFO : concept 2: great use easy look price quality fit excellent find buy
2022-05-08 02:26:35,175 : INFO : Train AUC: 0.3048
2022-05-08 02:26:35,178 : INFO : Test AUC: 0.2908
2022-05-08 02:26:35,178 : INFO : epoch 26/30:
2022-05-08 02:26:35,179 : INFO : Total loss: 4298.9237
2022-05-08 02:26:35,179 : INFO : SGNS loss: 14.9172
2022-05-08 02:26:35,179 : INFO : Dirichlet loss: 0.0000
2022-05-08 02:26:35,179 : INFO : Prediction loss: 6339.0797
2022-05-08 02:26:35,179 : INFO : Diversity loss: -2055.0732
2022-05-08 02:26:35,183 : INFO : concept 1: hopefully tile accessory wifi fail slim weather rack telephone treat
2022-05-08 02:26:35,183 : INFO : concept 2: buy easy quality price money time use excellent look find
2022-05-08 02:26:39,630 : INFO : Train AUC: 0.2420
2022-05-08 02:26:39,632 : INFO : Test AUC: 0.2421
2022-05-08 02:26:39,633 : INFO : epoch 27/30:
2022-05-08 02:26:39,633 : INFO : Total loss: 3981.6146
2022-05-08 02:26:39,633 : INFO : SGNS loss: 14.9169
2022-05-08 02:26:39,633 : INFO : Dirichlet loss: 0.0000
2022-05-08 02:26:39,633 : INFO : Prediction loss: 6024.5368
2022-05-08 02:26:39,633 : INFO : Diversity loss: -2057.8392
2022-05-08 02:26:39,637 : INFO : concept 1: mother mess travel crease slice mobile catalogue dust past limit
2022-05-08 02:26:39,637 : INFO : concept 2: great look excellent mode use easy buy price pleased need
2022-05-08 02:26:44,096 : INFO : Train AUC: 0.0018
2022-05-08 02:26:44,099 : INFO : Test AUC: 0.0017
2022-05-08 02:26:44,099 : INFO : epoch 28/30:
2022-05-08 02:26:44,100 : INFO : Total loss: 4710.5163
2022-05-08 02:26:44,100 : INFO : SGNS loss: 14.9191
2022-05-08 02:26:44,100 : INFO : Dirichlet loss: 0.0000
2022-05-08 02:26:44,100 : INFO : Prediction loss: 6755.5813
2022-05-08 02:26:44,100 : INFO : Diversity loss: -2059.9842
2022-05-08 02:26:44,103 : INFO : concept 1: course advertise angle straightforward worried law understand pet moment equipment
2022-05-08 02:26:44,104 : INFO : concept 2: use look happy great quality excellent price cartridge small buy
2022-05-08 02:26:48,416 : INFO : Train AUC: 0.9950
2022-05-08 02:26:48,419 : INFO : Test AUC: 0.9937
2022-05-08 02:26:48,419 : INFO : epoch 29/30:
2022-05-08 02:26:48,419 : INFO : Total loss: 4029.8056
2022-05-08 02:26:48,419 : INFO : SGNS loss: 14.9203
2022-05-08 02:26:48,419 : INFO : Dirichlet loss: 0.0000
2022-05-08 02:26:48,420 : INFO : Prediction loss: 6076.5675
2022-05-08 02:26:48,420 : INFO : Diversity loss: -2061.6822
2022-05-08 02:26:48,423 : INFO : concept 1: badly seal grey panel film hide sky age early fixing
2022-05-08 02:26:48,423 : INFO : concept 2: great buy easy duvet use price lovely microwave look attach
