2022-05-08 01:03:52,577 : INFO : Train AUC: 0.5030
2022-05-08 01:03:52,580 : INFO : Test AUC: 0.5023
2022-05-08 01:03:52,580 : INFO : epoch 0/30:
2022-05-08 01:03:52,581 : INFO : Total loss: 71527.7639
2022-05-08 01:03:52,581 : INFO : SGNS loss: 46.1338
2022-05-08 01:03:52,581 : INFO : Dirichlet loss: -94.7028
2022-05-08 01:03:52,581 : INFO : Prediction loss: 71576.3328
2022-05-08 01:03:52,581 : INFO : Diversity loss: 0.0000
2022-05-08 01:03:52,584 : INFO : concept 1: plastic comfy corner real mind white robust decent equipment rest
2022-05-08 01:03:52,584 : INFO : concept 2: wrong printer difference note separate frame television summer live twice
2022-05-08 01:03:56,507 : INFO : Train AUC: 0.5088
2022-05-08 01:03:56,510 : INFO : Test AUC: 0.5061
2022-05-08 01:03:56,510 : INFO : epoch 1/30:
2022-05-08 01:03:56,510 : INFO : Total loss: 47709.7882
2022-05-08 01:03:56,510 : INFO : SGNS loss: 46.1364
2022-05-08 01:03:56,510 : INFO : Dirichlet loss: -91.1655
2022-05-08 01:03:56,510 : INFO : Prediction loss: 47754.8173
2022-05-08 01:03:56,510 : INFO : Diversity loss: 0.0000
2022-05-08 01:03:56,514 : INFO : concept 1: plastic comfy corner real mind white robust decent equipment rest
2022-05-08 01:03:56,514 : INFO : concept 2: wrong printer difference note separate frame television summer live twice
2022-05-08 01:04:00,474 : INFO : Train AUC: 0.5366
2022-05-08 01:04:00,476 : INFO : Test AUC: 0.5341
2022-05-08 01:04:00,476 : INFO : epoch 2/30:
2022-05-08 01:04:00,477 : INFO : Total loss: 23911.2615
2022-05-08 01:04:00,477 : INFO : SGNS loss: 46.1328
2022-05-08 01:04:00,477 : INFO : Dirichlet loss: -79.4709
2022-05-08 01:04:00,477 : INFO : Prediction loss: 23944.5996
2022-05-08 01:04:00,477 : INFO : Diversity loss: 0.0000
2022-05-08 01:04:00,480 : INFO : concept 1: plastic comfy corner real mind white robust decent equipment rest
2022-05-08 01:04:00,480 : INFO : concept 2: wrong printer difference note separate frame television summer live twice
2022-05-08 01:04:04,429 : INFO : Train AUC: 0.8545
2022-05-08 01:04:04,432 : INFO : Test AUC: 0.8472
2022-05-08 01:04:04,432 : INFO : epoch 3/30:
2022-05-08 01:04:04,432 : INFO : Total loss: 3414.9787
2022-05-08 01:04:04,432 : INFO : SGNS loss: 46.1492
2022-05-08 01:04:04,433 : INFO : Dirichlet loss: -78.3474
2022-05-08 01:04:04,433 : INFO : Prediction loss: 3447.1769
2022-05-08 01:04:04,433 : INFO : Diversity loss: 0.0000
2022-05-08 01:04:04,436 : INFO : concept 1: plastic comfy corner real mind white robust decent equipment rest
2022-05-08 01:04:04,436 : INFO : concept 2: wrong printer difference note separate frame television summer live twice
2022-05-08 01:04:08,391 : INFO : Train AUC: 0.8874
2022-05-08 01:04:08,394 : INFO : Test AUC: 0.8810
2022-05-08 01:04:08,394 : INFO : epoch 4/30:
2022-05-08 01:04:08,394 : INFO : Total loss: 171.4836
2022-05-08 01:04:08,395 : INFO : SGNS loss: 46.1585
2022-05-08 01:04:08,395 : INFO : Dirichlet loss: -88.9149
2022-05-08 01:04:08,395 : INFO : Prediction loss: 214.2399
2022-05-08 01:04:08,395 : INFO : Diversity loss: 0.0000
2022-05-08 01:04:08,398 : INFO : concept 1: plastic comfy corner real mind white robust decent equipment rest
2022-05-08 01:04:08,398 : INFO : concept 2: wrong printer difference note separate frame television summer live twice
2022-05-08 01:04:12,400 : INFO : Train AUC: 0.9153
2022-05-08 01:04:12,403 : INFO : Test AUC: 0.9125
2022-05-08 01:04:12,403 : INFO : epoch 5/30:
2022-05-08 01:04:12,403 : INFO : Total loss: 127.0584
2022-05-08 01:04:12,403 : INFO : SGNS loss: 46.1395
2022-05-08 01:04:12,403 : INFO : Dirichlet loss: -57.3005
2022-05-08 01:04:12,404 : INFO : Prediction loss: 138.2194
2022-05-08 01:04:12,404 : INFO : Diversity loss: 0.0000
2022-05-08 01:04:12,407 : INFO : concept 1: plastic comfy corner real mind white robust decent equipment rest
2022-05-08 01:04:12,407 : INFO : concept 2: wrong printer difference note separate frame television summer live twice
2022-05-08 01:04:16,390 : INFO : Train AUC: 0.9505
2022-05-08 01:04:16,392 : INFO : Test AUC: 0.9478
2022-05-08 01:04:16,392 : INFO : epoch 6/30:
2022-05-08 01:04:16,393 : INFO : Total loss: 69.3500
2022-05-08 01:04:16,393 : INFO : SGNS loss: 46.1383
2022-05-08 01:04:16,393 : INFO : Dirichlet loss: -52.1083
2022-05-08 01:04:16,393 : INFO : Prediction loss: 75.3201
2022-05-08 01:04:16,393 : INFO : Diversity loss: 0.0000
2022-05-08 01:04:16,396 : INFO : concept 1: plastic comfy corner real mind white robust decent equipment rest
2022-05-08 01:04:16,396 : INFO : concept 2: wrong printer difference note separate frame television summer live twice
2022-05-08 01:04:20,427 : INFO : Train AUC: 0.9670
2022-05-08 01:04:20,430 : INFO : Test AUC: 0.9644
2022-05-08 01:04:20,430 : INFO : epoch 7/30:
2022-05-08 01:04:20,430 : INFO : Total loss: 37.5267
2022-05-08 01:04:20,430 : INFO : SGNS loss: 46.1358
2022-05-08 01:04:20,430 : INFO : Dirichlet loss: -42.9784
2022-05-08 01:04:20,430 : INFO : Prediction loss: 34.3693
2022-05-08 01:04:20,430 : INFO : Diversity loss: 0.0000
2022-05-08 01:04:20,434 : INFO : concept 1: plastic comfy corner real mind white robust decent equipment rest
2022-05-08 01:04:20,434 : INFO : concept 2: wrong printer difference note separate frame television summer live twice
2022-05-08 01:04:24,373 : INFO : Train AUC: 0.9674
2022-05-08 01:04:24,376 : INFO : Test AUC: 0.9640
2022-05-08 01:04:24,376 : INFO : epoch 8/30:
2022-05-08 01:04:24,376 : INFO : Total loss: 18.5035
2022-05-08 01:04:24,376 : INFO : SGNS loss: 46.1377
2022-05-08 01:04:24,377 : INFO : Dirichlet loss: -44.6493
2022-05-08 01:04:24,377 : INFO : Prediction loss: 17.0151
2022-05-08 01:04:24,377 : INFO : Diversity loss: 0.0000
2022-05-08 01:04:24,380 : INFO : concept 1: plastic comfy corner real mind white robust decent equipment rest
2022-05-08 01:04:24,380 : INFO : concept 2: wrong printer difference note separate frame television summer live twice
2022-05-08 01:04:28,327 : INFO : Train AUC: 0.9910
2022-05-08 01:04:28,330 : INFO : Test AUC: 0.9893
2022-05-08 01:04:28,330 : INFO : epoch 9/30:
2022-05-08 01:04:28,330 : INFO : Total loss: 21.5466
2022-05-08 01:04:28,330 : INFO : SGNS loss: 46.1408
2022-05-08 01:04:28,330 : INFO : Dirichlet loss: -36.3704
2022-05-08 01:04:28,330 : INFO : Prediction loss: 11.7761
2022-05-08 01:04:28,330 : INFO : Diversity loss: 0.0000
2022-05-08 01:04:28,334 : INFO : concept 1: plastic comfy corner real mind white robust decent equipment rest
2022-05-08 01:04:28,334 : INFO : concept 2: wrong printer difference note separate frame television summer live twice
2022-05-08 01:04:32,287 : INFO : Train AUC: 0.9934
2022-05-08 01:04:32,289 : INFO : Test AUC: 0.9913
2022-05-08 01:04:32,290 : INFO : epoch 10/30:
2022-05-08 01:04:32,290 : INFO : Total loss: 22.3960
2022-05-08 01:04:32,290 : INFO : SGNS loss: 46.1334
2022-05-08 01:04:32,290 : INFO : Dirichlet loss: -32.9669
2022-05-08 01:04:32,290 : INFO : Prediction loss: 9.2296
2022-05-08 01:04:32,290 : INFO : Diversity loss: 0.0000
2022-05-08 01:04:32,294 : INFO : concept 1: plastic comfy corner real mind white robust decent equipment rest
2022-05-08 01:04:32,294 : INFO : concept 2: wrong printer difference note separate frame television summer live twice
2022-05-08 01:04:36,268 : INFO : Train AUC: 0.9814
2022-05-08 01:04:36,271 : INFO : Test AUC: 0.9766
2022-05-08 01:04:36,271 : INFO : epoch 11/30:
2022-05-08 01:04:36,271 : INFO : Total loss: 22.4858
2022-05-08 01:04:36,272 : INFO : SGNS loss: 46.1320
2022-05-08 01:04:36,272 : INFO : Dirichlet loss: -31.9537
2022-05-08 01:04:36,272 : INFO : Prediction loss: 8.3075
2022-05-08 01:04:36,272 : INFO : Diversity loss: 0.0000
2022-05-08 01:04:36,275 : INFO : concept 1: plastic comfy corner real mind white robust decent equipment rest
2022-05-08 01:04:36,275 : INFO : concept 2: wrong printer difference note separate frame television summer live twice
2022-05-08 01:04:40,320 : INFO : Train AUC: 0.9944
2022-05-08 01:04:40,323 : INFO : Test AUC: 0.9926
2022-05-08 01:04:40,323 : INFO : epoch 12/30:
2022-05-08 01:04:40,323 : INFO : Total loss: 20.6231
2022-05-08 01:04:40,323 : INFO : SGNS loss: 46.1380
2022-05-08 01:04:40,323 : INFO : Dirichlet loss: -33.3693
2022-05-08 01:04:40,324 : INFO : Prediction loss: 7.8544
2022-05-08 01:04:40,324 : INFO : Diversity loss: 0.0000
2022-05-08 01:04:40,327 : INFO : concept 1: plastic comfy corner real mind white robust decent equipment rest
2022-05-08 01:04:40,327 : INFO : concept 2: wrong printer difference note separate frame television summer live twice
2022-05-08 01:04:44,273 : INFO : Train AUC: 0.9945
2022-05-08 01:04:44,276 : INFO : Test AUC: 0.9926
2022-05-08 01:04:44,276 : INFO : epoch 13/30:
2022-05-08 01:04:44,276 : INFO : Total loss: 22.3795
2022-05-08 01:04:44,276 : INFO : SGNS loss: 46.1312
2022-05-08 01:04:44,276 : INFO : Dirichlet loss: -31.2325
2022-05-08 01:04:44,276 : INFO : Prediction loss: 7.4808
2022-05-08 01:04:44,277 : INFO : Diversity loss: 0.0000
2022-05-08 01:04:44,280 : INFO : concept 1: plastic comfy corner real mind white robust decent equipment rest
2022-05-08 01:04:44,280 : INFO : concept 2: wrong printer difference note separate frame television summer live twice
2022-05-08 01:04:48,216 : INFO : Train AUC: 0.9839
2022-05-08 01:04:48,219 : INFO : Test AUC: 0.9788
2022-05-08 01:04:48,219 : INFO : epoch 14/30:
2022-05-08 01:04:48,219 : INFO : Total loss: 20.4957
2022-05-08 01:04:48,220 : INFO : SGNS loss: 46.1336
2022-05-08 01:04:48,220 : INFO : Dirichlet loss: -32.7930
2022-05-08 01:04:48,220 : INFO : Prediction loss: 7.1550
2022-05-08 01:04:48,220 : INFO : Diversity loss: 0.0000
2022-05-08 01:04:48,223 : INFO : concept 1: plastic comfy corner real mind white robust decent equipment rest
2022-05-08 01:04:48,224 : INFO : concept 2: wrong printer difference note separate frame television summer live twice
2022-05-08 01:04:52,555 : INFO : Train AUC: 0.9936
2022-05-08 01:04:52,557 : INFO : Test AUC: 0.9920
2022-05-08 01:04:52,557 : INFO : epoch 15/30:
2022-05-08 01:04:52,558 : INFO : Total loss: -69.5863
2022-05-08 01:04:52,558 : INFO : SGNS loss: 23.2972
2022-05-08 01:04:52,558 : INFO : Dirichlet loss: -100.7831
2022-05-08 01:04:52,558 : INFO : Prediction loss: 7.8997
2022-05-08 01:04:52,558 : INFO : Diversity loss: 0.0000
2022-05-08 01:04:52,562 : INFO : concept 1: great easy use guide buy hopefully rubber beautifully term brilliantly
2022-05-08 01:04:52,562 : INFO : concept 2: guide manufacturer buy hopefully alot durable wipe improvement beautifully constantly
2022-05-08 01:04:56,838 : INFO : Train AUC: 0.9667
2022-05-08 01:04:56,841 : INFO : Test AUC: 0.9605
2022-05-08 01:04:56,841 : INFO : epoch 16/30:
2022-05-08 01:04:56,841 : INFO : Total loss: -79.7962
2022-05-08 01:04:56,841 : INFO : SGNS loss: 15.2183
2022-05-08 01:04:56,842 : INFO : Dirichlet loss: -103.6109
2022-05-08 01:04:56,842 : INFO : Prediction loss: 8.5964
2022-05-08 01:04:56,842 : INFO : Diversity loss: 0.0000
2022-05-08 01:04:56,845 : INFO : concept 1: great easy use look buy price quality money excellent granddaughter
2022-05-08 01:04:56,846 : INFO : concept 2: great buy easy use look price money quality granddaughter durable
2022-05-08 01:05:01,137 : INFO : Train AUC: 0.9947
2022-05-08 01:05:01,140 : INFO : Test AUC: 0.9929
2022-05-08 01:05:01,140 : INFO : epoch 17/30:
2022-05-08 01:05:01,140 : INFO : Total loss: -80.0156
2022-05-08 01:05:01,140 : INFO : SGNS loss: 15.0689
2022-05-08 01:05:01,140 : INFO : Dirichlet loss: -103.6133
2022-05-08 01:05:01,141 : INFO : Prediction loss: 8.5288
2022-05-08 01:05:01,141 : INFO : Diversity loss: 0.0000
2022-05-08 01:05:01,144 : INFO : concept 1: easy look great quality use buy excellent price nice money
2022-05-08 01:05:01,144 : INFO : concept 2: look quality buy great easy use excellent nice price love
2022-05-08 01:05:05,410 : INFO : Train AUC: 0.9796
2022-05-08 01:05:05,413 : INFO : Test AUC: 0.9758
2022-05-08 01:05:05,414 : INFO : epoch 18/30:
2022-05-08 01:05:05,414 : INFO : Total loss: -77.0714
2022-05-08 01:05:05,414 : INFO : SGNS loss: 15.0190
2022-05-08 01:05:05,414 : INFO : Dirichlet loss: -103.6090
2022-05-08 01:05:05,414 : INFO : Prediction loss: 11.5185
2022-05-08 01:05:05,414 : INFO : Diversity loss: 0.0000
2022-05-08 01:05:05,418 : INFO : concept 1: great price easy use buy look quality money find recommend
2022-05-08 01:05:05,418 : INFO : concept 2: price great buy quality look use easy money find small
2022-05-08 01:05:09,690 : INFO : Train AUC: 0.9953
2022-05-08 01:05:09,692 : INFO : Test AUC: 0.9940
2022-05-08 01:05:09,692 : INFO : epoch 19/30:
2022-05-08 01:05:09,692 : INFO : Total loss: -77.3806
2022-05-08 01:05:09,693 : INFO : SGNS loss: 14.9954
2022-05-08 01:05:09,693 : INFO : Dirichlet loss: -103.6071
2022-05-08 01:05:09,693 : INFO : Prediction loss: 11.2311
2022-05-08 01:05:09,693 : INFO : Diversity loss: 0.0000
2022-05-08 01:05:09,696 : INFO : concept 1: great easy buy look use purchase price limited excellent quality
2022-05-08 01:05:09,696 : INFO : concept 2: great buy look limited easy purchase price use quality excellent
2022-05-08 01:05:13,949 : INFO : Train AUC: 0.9813
2022-05-08 01:05:13,952 : INFO : Test AUC: 0.9775
2022-05-08 01:05:13,952 : INFO : epoch 20/30:
2022-05-08 01:05:13,952 : INFO : Total loss: -77.4652
2022-05-08 01:05:13,952 : INFO : SGNS loss: 14.9819
2022-05-08 01:05:13,953 : INFO : Dirichlet loss: -103.6078
2022-05-08 01:05:13,953 : INFO : Prediction loss: 11.1607
2022-05-08 01:05:13,953 : INFO : Diversity loss: 0.0000
2022-05-08 01:05:13,956 : INFO : concept 1: great look easy buy price use money excellent quality happy
2022-05-08 01:05:13,958 : INFO : concept 2: easy use look buy great price money time happy excellent
2022-05-08 01:05:18,174 : INFO : Train AUC: 0.9955
2022-05-08 01:05:18,177 : INFO : Test AUC: 0.9944
2022-05-08 01:05:18,177 : INFO : epoch 21/30:
2022-05-08 01:05:18,177 : INFO : Total loss: -77.7592
2022-05-08 01:05:18,177 : INFO : SGNS loss: 14.9759
2022-05-08 01:05:18,177 : INFO : Dirichlet loss: -103.6067
2022-05-08 01:05:18,177 : INFO : Prediction loss: 10.8715
2022-05-08 01:05:18,177 : INFO : Diversity loss: 0.0000
2022-05-08 01:05:18,180 : INFO : concept 1: look buy use great easy price quality work looking nice
2022-05-08 01:05:18,181 : INFO : concept 2: use easy look buy great work looking price lounge reserve
2022-05-08 01:05:22,421 : INFO : Train AUC: 0.9820
2022-05-08 01:05:22,424 : INFO : Test AUC: 0.9781
2022-05-08 01:05:22,424 : INFO : epoch 22/30:
2022-05-08 01:05:22,424 : INFO : Total loss: -77.7936
2022-05-08 01:05:22,425 : INFO : SGNS loss: 14.9727
2022-05-08 01:05:22,425 : INFO : Dirichlet loss: -103.6052
2022-05-08 01:05:22,425 : INFO : Prediction loss: 10.8389
2022-05-08 01:05:22,425 : INFO : Diversity loss: 0.0000
2022-05-08 01:05:22,428 : INFO : concept 1: great price look easy money buy work find use grandson
2022-05-08 01:05:22,428 : INFO : concept 2: easy great price look use work find grandson buy money
2022-05-08 01:05:26,755 : INFO : Train AUC: 0.9956
2022-05-08 01:05:26,757 : INFO : Test AUC: 0.9946
2022-05-08 01:05:26,758 : INFO : epoch 23/30:
2022-05-08 01:05:26,758 : INFO : Total loss: -78.0216
2022-05-08 01:05:26,758 : INFO : SGNS loss: 14.9706
2022-05-08 01:05:26,758 : INFO : Dirichlet loss: -103.6044
2022-05-08 01:05:26,758 : INFO : Prediction loss: 10.6122
2022-05-08 01:05:26,758 : INFO : Diversity loss: 0.0000
2022-05-08 01:05:26,761 : INFO : concept 1: buy easy use price great look excellent old quality recommend
2022-05-08 01:05:26,762 : INFO : concept 2: easy use buy old look price time fit great bit
2022-05-08 01:05:31,006 : INFO : Train AUC: 0.9825
2022-05-08 01:05:31,009 : INFO : Test AUC: 0.9787
2022-05-08 01:05:31,009 : INFO : epoch 24/30:
2022-05-08 01:05:31,009 : INFO : Total loss: -78.0451
2022-05-08 01:05:31,009 : INFO : SGNS loss: 14.9679
2022-05-08 01:05:31,009 : INFO : Dirichlet loss: -103.6036
2022-05-08 01:05:31,009 : INFO : Prediction loss: 10.5907
2022-05-08 01:05:31,009 : INFO : Diversity loss: 0.0000
2022-05-08 01:05:31,013 : INFO : concept 1: great price use easy look quality buy love argos excellent
2022-05-08 01:05:31,013 : INFO : concept 2: use easy great price look argos iron love buy find
2022-05-08 01:05:35,259 : INFO : Train AUC: 0.9958
2022-05-08 01:05:35,262 : INFO : Test AUC: 0.9948
2022-05-08 01:05:35,262 : INFO : epoch 25/30:
2022-05-08 01:05:35,262 : INFO : Total loss: -78.2320
2022-05-08 01:05:35,262 : INFO : SGNS loss: 14.9661
2022-05-08 01:05:35,263 : INFO : Dirichlet loss: -103.6028
2022-05-08 01:05:35,263 : INFO : Prediction loss: 10.4047
2022-05-08 01:05:35,263 : INFO : Diversity loss: 0.0000
2022-05-08 01:05:35,266 : INFO : concept 1: great easy look buy use price purchase recommend quality need
2022-05-08 01:05:35,266 : INFO : concept 2: easy use great buy look need purchase price recommend present
2022-05-08 01:05:39,505 : INFO : Train AUC: 0.9830
2022-05-08 01:05:39,508 : INFO : Test AUC: 0.9795
2022-05-08 01:05:39,509 : INFO : epoch 26/30:
2022-05-08 01:05:39,509 : INFO : Total loss: -78.1933
2022-05-08 01:05:39,509 : INFO : SGNS loss: 14.9663
2022-05-08 01:05:39,509 : INFO : Dirichlet loss: -103.6028
2022-05-08 01:05:39,509 : INFO : Prediction loss: 10.4432
2022-05-08 01:05:39,509 : INFO : Diversity loss: 0.0000
2022-05-08 01:05:39,513 : INFO : concept 1: easy buy look use recommend great bit nice upgrade excellent
2022-05-08 01:05:39,513 : INFO : concept 2: easy use buy upgrade bit look nice recommend like time
2022-05-08 01:05:43,920 : INFO : Train AUC: 0.9959
2022-05-08 01:05:43,923 : INFO : Test AUC: 0.9950
2022-05-08 01:05:43,923 : INFO : epoch 27/30:
2022-05-08 01:05:43,923 : INFO : Total loss: -78.4135
2022-05-08 01:05:43,923 : INFO : SGNS loss: 14.9669
2022-05-08 01:05:43,924 : INFO : Dirichlet loss: -103.6032
2022-05-08 01:05:43,924 : INFO : Prediction loss: 10.2228
2022-05-08 01:05:43,924 : INFO : Diversity loss: 0.0000
2022-05-08 01:05:43,927 : INFO : concept 1: easy use quality great nice price excellent buy money recommend
2022-05-08 01:05:43,928 : INFO : concept 2: use easy quality nice great quickly buy phone excellent fit
2022-05-08 01:05:48,252 : INFO : Train AUC: 0.9835
2022-05-08 01:05:48,255 : INFO : Test AUC: 0.9797
2022-05-08 01:05:48,255 : INFO : epoch 28/30:
2022-05-08 01:05:48,255 : INFO : Total loss: -78.3469
2022-05-08 01:05:48,255 : INFO : SGNS loss: 14.9644
2022-05-08 01:05:48,255 : INFO : Dirichlet loss: -103.6027
2022-05-08 01:05:48,255 : INFO : Prediction loss: 10.2914
2022-05-08 01:05:48,256 : INFO : Diversity loss: 0.0000
2022-05-08 01:05:48,259 : INFO : concept 1: great buy use easy nice price look excellent quality need
2022-05-08 01:05:48,259 : INFO : concept 2: use easy great buy nice need look able feature excellent
2022-05-08 01:05:52,590 : INFO : Train AUC: 0.9959
2022-05-08 01:05:52,593 : INFO : Test AUC: 0.9951
2022-05-08 01:05:52,593 : INFO : epoch 29/30:
2022-05-08 01:05:52,593 : INFO : Total loss: -78.5265
2022-05-08 01:05:52,593 : INFO : SGNS loss: 14.9644
2022-05-08 01:05:52,594 : INFO : Dirichlet loss: -103.6037
2022-05-08 01:05:52,594 : INFO : Prediction loss: 10.1128
2022-05-08 01:05:52,594 : INFO : Diversity loss: 0.0000
2022-05-08 01:05:52,597 : INFO : concept 1: great easy buy price use look need nice excellent phone
2022-05-08 01:05:52,597 : INFO : concept 2: easy use need buy great nice bathroom phone look mother
