2022-05-08 01:35:30,849 : INFO : Train AUC: 0.4865
2022-05-08 01:35:30,852 : INFO : Test AUC: 0.4870
2022-05-08 01:35:30,852 : INFO : epoch 0/30:
2022-05-08 01:35:30,853 : INFO : Total loss: 801083.6176
2022-05-08 01:35:30,853 : INFO : SGNS loss: 46.4697
2022-05-08 01:35:30,853 : INFO : Dirichlet loss: 0.0000
2022-05-08 01:35:30,853 : INFO : Prediction loss: 801037.1479
2022-05-08 01:35:30,853 : INFO : Diversity loss: 0.0000
2022-05-08 01:35:30,857 : INFO : concept 1: double struggle staff accurate eventually sort prefer shop leak fabric
2022-05-08 01:35:30,857 : INFO : concept 2: bother range program boy lid fix gap elderly tiny dog
2022-05-08 01:35:34,799 : INFO : Train AUC: 0.5004
2022-05-08 01:35:34,801 : INFO : Test AUC: 0.4997
2022-05-08 01:35:34,801 : INFO : epoch 1/30:
2022-05-08 01:35:34,802 : INFO : Total loss: 202246.1445
2022-05-08 01:35:34,802 : INFO : SGNS loss: 46.4385
2022-05-08 01:35:34,802 : INFO : Dirichlet loss: 0.0000
2022-05-08 01:35:34,802 : INFO : Prediction loss: 202199.7059
2022-05-08 01:35:34,802 : INFO : Diversity loss: 0.0000
2022-05-08 01:35:34,805 : INFO : concept 1: double struggle staff accurate eventually sort prefer shop leak fabric
2022-05-08 01:35:34,806 : INFO : concept 2: bother range program boy lid fix gap elderly tiny dog
2022-05-08 01:35:38,855 : INFO : Train AUC: 0.1070
2022-05-08 01:35:38,858 : INFO : Test AUC: 0.1162
2022-05-08 01:35:38,859 : INFO : epoch 2/30:
2022-05-08 01:35:38,859 : INFO : Total loss: 10548.0853
2022-05-08 01:35:38,859 : INFO : SGNS loss: 46.2661
2022-05-08 01:35:38,859 : INFO : Dirichlet loss: 0.0000
2022-05-08 01:35:38,859 : INFO : Prediction loss: 10501.8193
2022-05-08 01:35:38,860 : INFO : Diversity loss: 0.0000
2022-05-08 01:35:38,863 : INFO : concept 1: double struggle staff accurate eventually sort prefer shop leak fabric
2022-05-08 01:35:38,863 : INFO : concept 2: bother range program boy lid fix gap elderly tiny dog
2022-05-08 01:35:42,782 : INFO : Train AUC: 0.0847
2022-05-08 01:35:42,785 : INFO : Test AUC: 0.0802
2022-05-08 01:35:42,785 : INFO : epoch 3/30:
2022-05-08 01:35:42,786 : INFO : Total loss: 4620.8571
2022-05-08 01:35:42,786 : INFO : SGNS loss: 46.2653
2022-05-08 01:35:42,786 : INFO : Dirichlet loss: 0.0000
2022-05-08 01:35:42,786 : INFO : Prediction loss: 4574.5918
2022-05-08 01:35:42,786 : INFO : Diversity loss: 0.0000
2022-05-08 01:35:42,789 : INFO : concept 1: double struggle staff accurate eventually sort prefer shop leak fabric
2022-05-08 01:35:42,790 : INFO : concept 2: bother range program boy lid fix gap elderly tiny dog
2022-05-08 01:35:46,751 : INFO : Train AUC: 0.1195
2022-05-08 01:35:46,754 : INFO : Test AUC: 0.1070
2022-05-08 01:35:46,754 : INFO : epoch 4/30:
2022-05-08 01:35:46,755 : INFO : Total loss: 2304.4251
2022-05-08 01:35:46,755 : INFO : SGNS loss: 46.2665
2022-05-08 01:35:46,755 : INFO : Dirichlet loss: 0.0000
2022-05-08 01:35:46,755 : INFO : Prediction loss: 2258.1587
2022-05-08 01:35:46,755 : INFO : Diversity loss: 0.0000
2022-05-08 01:35:46,758 : INFO : concept 1: double struggle staff accurate eventually sort prefer shop leak fabric
2022-05-08 01:35:46,759 : INFO : concept 2: bother range program boy lid fix gap elderly tiny dog
2022-05-08 01:35:50,727 : INFO : Train AUC: 0.6441
2022-05-08 01:35:50,730 : INFO : Test AUC: 0.6282
2022-05-08 01:35:50,730 : INFO : epoch 5/30:
2022-05-08 01:35:50,730 : INFO : Total loss: 1094.4928
2022-05-08 01:35:50,730 : INFO : SGNS loss: 46.2693
2022-05-08 01:35:50,731 : INFO : Dirichlet loss: 0.0000
2022-05-08 01:35:50,731 : INFO : Prediction loss: 1048.2235
2022-05-08 01:35:50,731 : INFO : Diversity loss: 0.0000
2022-05-08 01:35:50,734 : INFO : concept 1: double struggle staff accurate eventually sort prefer shop leak fabric
2022-05-08 01:35:50,734 : INFO : concept 2: bother range program boy lid fix gap elderly tiny dog
2022-05-08 01:35:54,733 : INFO : Train AUC: 0.5211
2022-05-08 01:35:54,736 : INFO : Test AUC: 0.5020
2022-05-08 01:35:54,736 : INFO : epoch 6/30:
2022-05-08 01:35:54,736 : INFO : Total loss: 958.6835
2022-05-08 01:35:54,736 : INFO : SGNS loss: 46.2699
2022-05-08 01:35:54,737 : INFO : Dirichlet loss: 0.0000
2022-05-08 01:35:54,737 : INFO : Prediction loss: 912.4137
2022-05-08 01:35:54,737 : INFO : Diversity loss: 0.0000
2022-05-08 01:35:54,741 : INFO : concept 1: double struggle staff accurate eventually sort prefer shop leak fabric
2022-05-08 01:35:54,741 : INFO : concept 2: bother range program boy lid fix gap elderly tiny dog
2022-05-08 01:35:58,812 : INFO : Train AUC: 0.0351
2022-05-08 01:35:58,815 : INFO : Test AUC: 0.0343
2022-05-08 01:35:58,815 : INFO : epoch 7/30:
2022-05-08 01:35:58,815 : INFO : Total loss: 929.7818
2022-05-08 01:35:58,815 : INFO : SGNS loss: 46.2706
2022-05-08 01:35:58,815 : INFO : Dirichlet loss: 0.0000
2022-05-08 01:35:58,815 : INFO : Prediction loss: 883.5113
2022-05-08 01:35:58,816 : INFO : Diversity loss: 0.0000
2022-05-08 01:35:58,819 : INFO : concept 1: double struggle staff accurate eventually sort prefer shop leak fabric
2022-05-08 01:35:58,819 : INFO : concept 2: bother range program boy lid fix gap elderly tiny dog
2022-05-08 01:36:02,893 : INFO : Train AUC: 0.6977
2022-05-08 01:36:02,896 : INFO : Test AUC: 0.6829
2022-05-08 01:36:02,897 : INFO : epoch 8/30:
2022-05-08 01:36:02,897 : INFO : Total loss: 924.7481
2022-05-08 01:36:02,897 : INFO : SGNS loss: 46.2682
2022-05-08 01:36:02,897 : INFO : Dirichlet loss: 0.0000
2022-05-08 01:36:02,897 : INFO : Prediction loss: 878.4799
2022-05-08 01:36:02,897 : INFO : Diversity loss: 0.0000
2022-05-08 01:36:02,901 : INFO : concept 1: double struggle staff accurate eventually sort prefer shop leak fabric
2022-05-08 01:36:02,901 : INFO : concept 2: bother range program boy lid fix gap elderly tiny dog
2022-05-08 01:36:06,958 : INFO : Train AUC: 0.5526
2022-05-08 01:36:06,961 : INFO : Test AUC: 0.5312
2022-05-08 01:36:06,961 : INFO : epoch 9/30:
2022-05-08 01:36:06,962 : INFO : Total loss: 894.7600
2022-05-08 01:36:06,962 : INFO : SGNS loss: 46.2696
2022-05-08 01:36:06,962 : INFO : Dirichlet loss: 0.0000
2022-05-08 01:36:06,962 : INFO : Prediction loss: 848.4903
2022-05-08 01:36:06,962 : INFO : Diversity loss: 0.0000
2022-05-08 01:36:06,966 : INFO : concept 1: double struggle staff accurate eventually sort prefer shop leak fabric
2022-05-08 01:36:06,966 : INFO : concept 2: bother range program boy lid fix gap elderly tiny dog
2022-05-08 01:36:11,042 : INFO : Train AUC: 0.0356
2022-05-08 01:36:11,044 : INFO : Test AUC: 0.0322
2022-05-08 01:36:11,045 : INFO : epoch 10/30:
2022-05-08 01:36:11,045 : INFO : Total loss: 883.7100
2022-05-08 01:36:11,045 : INFO : SGNS loss: 46.2741
2022-05-08 01:36:11,045 : INFO : Dirichlet loss: 0.0000
2022-05-08 01:36:11,045 : INFO : Prediction loss: 837.4358
2022-05-08 01:36:11,045 : INFO : Diversity loss: 0.0000
2022-05-08 01:36:11,049 : INFO : concept 1: double struggle staff accurate eventually sort prefer shop leak fabric
2022-05-08 01:36:11,049 : INFO : concept 2: bother range program boy lid fix gap elderly tiny dog
2022-05-08 01:36:15,119 : INFO : Train AUC: 0.7286
2022-05-08 01:36:15,122 : INFO : Test AUC: 0.7078
2022-05-08 01:36:15,122 : INFO : epoch 11/30:
2022-05-08 01:36:15,123 : INFO : Total loss: 886.8698
2022-05-08 01:36:15,123 : INFO : SGNS loss: 46.2788
2022-05-08 01:36:15,123 : INFO : Dirichlet loss: 0.0000
2022-05-08 01:36:15,123 : INFO : Prediction loss: 840.5910
2022-05-08 01:36:15,123 : INFO : Diversity loss: 0.0000
2022-05-08 01:36:15,126 : INFO : concept 1: double struggle staff accurate eventually sort prefer shop leak fabric
2022-05-08 01:36:15,126 : INFO : concept 2: bother range program boy lid fix gap elderly tiny dog
2022-05-08 01:36:19,168 : INFO : Train AUC: 0.5863
2022-05-08 01:36:19,171 : INFO : Test AUC: 0.5559
2022-05-08 01:36:19,171 : INFO : epoch 12/30:
2022-05-08 01:36:19,171 : INFO : Total loss: 860.1010
2022-05-08 01:36:19,171 : INFO : SGNS loss: 46.2792
2022-05-08 01:36:19,172 : INFO : Dirichlet loss: 0.0000
2022-05-08 01:36:19,172 : INFO : Prediction loss: 813.8218
2022-05-08 01:36:19,172 : INFO : Diversity loss: 0.0000
2022-05-08 01:36:19,175 : INFO : concept 1: double struggle staff accurate eventually sort prefer shop leak fabric
2022-05-08 01:36:19,175 : INFO : concept 2: bother range program boy lid fix gap elderly tiny dog
2022-05-08 01:36:23,236 : INFO : Train AUC: 0.0501
2022-05-08 01:36:23,239 : INFO : Test AUC: 0.0473
2022-05-08 01:36:23,240 : INFO : epoch 13/30:
2022-05-08 01:36:23,240 : INFO : Total loss: 850.9241
2022-05-08 01:36:23,240 : INFO : SGNS loss: 46.2845
2022-05-08 01:36:23,240 : INFO : Dirichlet loss: 0.0000
2022-05-08 01:36:23,240 : INFO : Prediction loss: 804.6396
2022-05-08 01:36:23,240 : INFO : Diversity loss: 0.0000
2022-05-08 01:36:23,244 : INFO : concept 1: double struggle staff accurate eventually sort prefer shop leak fabric
2022-05-08 01:36:23,244 : INFO : concept 2: bother range program boy lid fix gap elderly tiny dog
2022-05-08 01:36:27,365 : INFO : Train AUC: 0.7552
2022-05-08 01:36:27,368 : INFO : Test AUC: 0.7287
2022-05-08 01:36:27,369 : INFO : epoch 14/30:
2022-05-08 01:36:27,369 : INFO : Total loss: 858.1776
2022-05-08 01:36:27,369 : INFO : SGNS loss: 46.2884
2022-05-08 01:36:27,369 : INFO : Dirichlet loss: 0.0000
2022-05-08 01:36:27,369 : INFO : Prediction loss: 811.8893
2022-05-08 01:36:27,369 : INFO : Diversity loss: 0.0000
2022-05-08 01:36:27,372 : INFO : concept 1: double struggle staff accurate eventually sort prefer shop leak fabric
2022-05-08 01:36:27,373 : INFO : concept 2: bother range program boy lid fix gap elderly tiny dog
2022-05-08 01:36:31,822 : INFO : Train AUC: 0.6350
2022-05-08 01:36:31,825 : INFO : Test AUC: 0.5876
2022-05-08 01:36:31,825 : INFO : epoch 15/30:
2022-05-08 01:36:31,826 : INFO : Total loss: 809.0342
2022-05-08 01:36:31,826 : INFO : SGNS loss: 23.6871
2022-05-08 01:36:31,826 : INFO : Dirichlet loss: 0.0000
2022-05-08 01:36:31,826 : INFO : Prediction loss: 785.3471
2022-05-08 01:36:31,826 : INFO : Diversity loss: 0.0000
2022-05-08 01:36:31,829 : INFO : concept 1: great lay limited buy course easy brown poorly use bend
2022-05-08 01:36:31,829 : INFO : concept 2: great buy easy use limited graphic brown price lay figure
2022-05-08 01:36:36,133 : INFO : Train AUC: 0.0723
2022-05-08 01:36:36,136 : INFO : Test AUC: 0.0648
2022-05-08 01:36:36,136 : INFO : epoch 16/30:
2022-05-08 01:36:36,136 : INFO : Total loss: 785.2421
2022-05-08 01:36:36,136 : INFO : SGNS loss: 15.1825
2022-05-08 01:36:36,136 : INFO : Dirichlet loss: 0.0000
2022-05-08 01:36:36,136 : INFO : Prediction loss: 770.0596
2022-05-08 01:36:36,137 : INFO : Diversity loss: 0.0000
2022-05-08 01:36:36,140 : INFO : concept 1: use buy price easy great sound quality excellent opinion granddaughter
2022-05-08 01:36:36,140 : INFO : concept 2: use easy great buy price granddaughter quality excellent opinion look
2022-05-08 01:36:40,440 : INFO : Train AUC: 0.8127
2022-05-08 01:36:40,443 : INFO : Test AUC: 0.7647
2022-05-08 01:36:40,443 : INFO : epoch 17/30:
2022-05-08 01:36:40,443 : INFO : Total loss: 777.1840
2022-05-08 01:36:40,443 : INFO : SGNS loss: 15.0311
2022-05-08 01:36:40,443 : INFO : Dirichlet loss: 0.0000
2022-05-08 01:36:40,444 : INFO : Prediction loss: 762.1530
2022-05-08 01:36:40,444 : INFO : Diversity loss: 0.0000
2022-05-08 01:36:40,447 : INFO : concept 1: great easy use look price buy sound quality excellent basket
2022-05-08 01:36:40,447 : INFO : concept 2: great look easy use price buy quality love small assemble
2022-05-08 01:36:44,719 : INFO : Train AUC: 0.7212
2022-05-08 01:36:44,726 : INFO : Test AUC: 0.6437
2022-05-08 01:36:44,726 : INFO : epoch 18/30:
2022-05-08 01:36:44,726 : INFO : Total loss: 732.9832
2022-05-08 01:36:44,726 : INFO : SGNS loss: 14.9801
2022-05-08 01:36:44,726 : INFO : Dirichlet loss: 0.0000
2022-05-08 01:36:44,727 : INFO : Prediction loss: 718.0031
2022-05-08 01:36:44,727 : INFO : Diversity loss: 0.0000
2022-05-08 01:36:44,730 : INFO : concept 1: use great easy look buy price excellent work phone love
2022-05-08 01:36:44,730 : INFO : concept 2: use great look easy price buy love excellent fit nice
2022-05-08 01:36:49,033 : INFO : Train AUC: 0.1102
2022-05-08 01:36:49,036 : INFO : Test AUC: 0.0894
2022-05-08 01:36:49,036 : INFO : epoch 19/30:
2022-05-08 01:36:49,036 : INFO : Total loss: 710.7434
2022-05-08 01:36:49,036 : INFO : SGNS loss: 14.9580
2022-05-08 01:36:49,036 : INFO : Dirichlet loss: 0.0000
2022-05-08 01:36:49,037 : INFO : Prediction loss: 695.7855
2022-05-08 01:36:49,037 : INFO : Diversity loss: 0.0000
2022-05-08 01:36:49,040 : INFO : concept 1: great use quality price easy buy excellent look work recommend
2022-05-08 01:36:49,040 : INFO : concept 2: great quality price use easy look buy excellent recommend nice
2022-05-08 01:36:53,448 : INFO : Train AUC: 0.8556
2022-05-08 01:36:53,451 : INFO : Test AUC: 0.7893
2022-05-08 01:36:53,451 : INFO : epoch 20/30:
2022-05-08 01:36:53,451 : INFO : Total loss: 707.2916
2022-05-08 01:36:53,452 : INFO : SGNS loss: 14.9449
2022-05-08 01:36:53,452 : INFO : Dirichlet loss: 0.0000
2022-05-08 01:36:53,452 : INFO : Prediction loss: 692.3467
2022-05-08 01:36:53,452 : INFO : Diversity loss: 0.0000
2022-05-08 01:36:53,455 : INFO : concept 1: use easy buy great recommend purchase durable quality body design
2022-05-08 01:36:53,455 : INFO : concept 2: use great easy buy recommend quality look job design money
2022-05-08 01:36:57,777 : INFO : Train AUC: 0.7791
2022-05-08 01:36:57,780 : INFO : Test AUC: 0.6851
2022-05-08 01:36:57,780 : INFO : epoch 21/30:
2022-05-08 01:36:57,780 : INFO : Total loss: 660.3474
2022-05-08 01:36:57,780 : INFO : SGNS loss: 14.9371
2022-05-08 01:36:57,781 : INFO : Dirichlet loss: 0.0000
2022-05-08 01:36:57,781 : INFO : Prediction loss: 645.4103
2022-05-08 01:36:57,781 : INFO : Diversity loss: 0.0000
2022-05-08 01:36:57,784 : INFO : concept 1: use easy great quality buy money price look phone sound
2022-05-08 01:36:57,784 : INFO : concept 2: great use easy quality look money price buy need design
2022-05-08 01:37:02,071 : INFO : Train AUC: 0.1632
2022-05-08 01:37:02,074 : INFO : Test AUC: 0.1283
2022-05-08 01:37:02,074 : INFO : epoch 22/30:
2022-05-08 01:37:02,074 : INFO : Total loss: 637.7618
2022-05-08 01:37:02,074 : INFO : SGNS loss: 14.9318
2022-05-08 01:37:02,074 : INFO : Dirichlet loss: 0.0000
2022-05-08 01:37:02,074 : INFO : Prediction loss: 622.8300
2022-05-08 01:37:02,075 : INFO : Diversity loss: 0.0000
2022-05-08 01:37:02,078 : INFO : concept 1: use buy easy great work look price sound need money
2022-05-08 01:37:02,078 : INFO : concept 2: use buy easy great look price fit money quality work
2022-05-08 01:37:06,352 : INFO : Train AUC: 0.8867
2022-05-08 01:37:06,356 : INFO : Test AUC: 0.8073
2022-05-08 01:37:06,356 : INFO : epoch 23/30:
2022-05-08 01:37:06,356 : INFO : Total loss: 629.9050
2022-05-08 01:37:06,356 : INFO : SGNS loss: 14.9279
2022-05-08 01:37:06,356 : INFO : Dirichlet loss: 0.0000
2022-05-08 01:37:06,356 : INFO : Prediction loss: 614.9771
2022-05-08 01:37:06,357 : INFO : Diversity loss: 0.0000
2022-05-08 01:37:06,360 : INFO : concept 1: buy great easy time excellent use price money look sound
2022-05-08 01:37:06,360 : INFO : concept 2: buy great easy look quality excellent price use money recommend
2022-05-08 01:37:10,732 : INFO : Train AUC: 0.8172
2022-05-08 01:37:10,735 : INFO : Test AUC: 0.7126
2022-05-08 01:37:10,735 : INFO : epoch 24/30:
2022-05-08 01:37:10,735 : INFO : Total loss: 591.8215
2022-05-08 01:37:10,736 : INFO : SGNS loss: 14.9266
2022-05-08 01:37:10,736 : INFO : Dirichlet loss: 0.0000
2022-05-08 01:37:10,736 : INFO : Prediction loss: 576.8950
2022-05-08 01:37:10,736 : INFO : Diversity loss: 0.0000
2022-05-08 01:37:10,739 : INFO : concept 1: great easy buy nice use time sound little feature hold
2022-05-08 01:37:10,739 : INFO : concept 2: great easy buy nice use look hold little price fit
2022-05-08 01:37:15,110 : INFO : Train AUC: 0.2219
2022-05-08 01:37:15,113 : INFO : Test AUC: 0.1739
2022-05-08 01:37:15,113 : INFO : epoch 25/30:
2022-05-08 01:37:15,113 : INFO : Total loss: 572.3716
2022-05-08 01:37:15,113 : INFO : SGNS loss: 14.9224
2022-05-08 01:37:15,113 : INFO : Dirichlet loss: 0.0000
2022-05-08 01:37:15,113 : INFO : Prediction loss: 557.4492
2022-05-08 01:37:15,114 : INFO : Diversity loss: 0.0000
2022-05-08 01:37:15,117 : INFO : concept 1: use easy fully look price great buy quality argos noisy
2022-05-08 01:37:15,117 : INFO : concept 2: use easy look great price quality buy fit love fully
2022-05-08 01:37:19,398 : INFO : Train AUC: 0.9076
2022-05-08 01:37:19,401 : INFO : Test AUC: 0.8305
2022-05-08 01:37:19,401 : INFO : epoch 26/30:
2022-05-08 01:37:19,401 : INFO : Total loss: 562.0585
2022-05-08 01:37:19,401 : INFO : SGNS loss: 14.9217
2022-05-08 01:37:19,402 : INFO : Dirichlet loss: 0.0000
2022-05-08 01:37:19,402 : INFO : Prediction loss: 547.1368
2022-05-08 01:37:19,402 : INFO : Diversity loss: 0.0000
2022-05-08 01:37:19,405 : INFO : concept 1: easy great buy look use excellent sound recommend fit price
2022-05-08 01:37:19,405 : INFO : concept 2: great easy buy look use fit excellent pleased price money
2022-05-08 01:37:23,666 : INFO : Train AUC: 0.8486
2022-05-08 01:37:23,669 : INFO : Test AUC: 0.7376
2022-05-08 01:37:23,669 : INFO : epoch 27/30:
2022-05-08 01:37:23,669 : INFO : Total loss: 522.9081
2022-05-08 01:37:23,669 : INFO : SGNS loss: 14.9207
2022-05-08 01:37:23,670 : INFO : Dirichlet loss: 0.0000
2022-05-08 01:37:23,670 : INFO : Prediction loss: 507.9875
2022-05-08 01:37:23,670 : INFO : Diversity loss: 0.0000
2022-05-08 01:37:23,673 : INFO : concept 1: great easy buy price use sound quality time work look
2022-05-08 01:37:23,673 : INFO : concept 2: great easy buy price use quality look money small recommend
2022-05-08 01:37:27,974 : INFO : Train AUC: 0.2939
2022-05-08 01:37:27,976 : INFO : Test AUC: 0.2257
2022-05-08 01:37:27,977 : INFO : epoch 28/30:
2022-05-08 01:37:27,977 : INFO : Total loss: 499.7154
2022-05-08 01:37:27,977 : INFO : SGNS loss: 14.9187
2022-05-08 01:37:27,977 : INFO : Dirichlet loss: 0.0000
2022-05-08 01:37:27,977 : INFO : Prediction loss: 484.7967
2022-05-08 01:37:27,977 : INFO : Diversity loss: 0.0000
2022-05-08 01:37:27,980 : INFO : concept 1: easy great use buy price look excellent quality old time
2022-05-08 01:37:27,981 : INFO : concept 2: easy great use buy price look quality excellent old item
2022-05-08 01:37:32,285 : INFO : Train AUC: 0.9233
2022-05-08 01:37:32,288 : INFO : Test AUC: 0.8363
2022-05-08 01:37:32,288 : INFO : epoch 29/30:
2022-05-08 01:37:32,288 : INFO : Total loss: 490.6609
2022-05-08 01:37:32,288 : INFO : SGNS loss: 14.9190
2022-05-08 01:37:32,288 : INFO : Dirichlet loss: 0.0000
2022-05-08 01:37:32,288 : INFO : Prediction loss: 475.7419
2022-05-08 01:37:32,288 : INFO : Diversity loss: 0.0000
2022-05-08 01:37:32,292 : INFO : concept 1: price use great buy easy need quality time love assemble
2022-05-08 01:37:32,292 : INFO : concept 2: price use great buy quality love easy look need money
