2022-05-09 03:18:55,691 : INFO : Train AUC: 0.4952
2022-05-09 03:18:55,694 : INFO : Test AUC: 0.4972
2022-05-09 03:18:55,694 : INFO : epoch 0/30:
2022-05-09 03:18:55,695 : INFO : Total loss: 17886.5001
2022-05-09 03:18:55,695 : INFO : SGNS loss: 45.7158
2022-05-09 03:18:55,695 : INFO : Dirichlet loss: -5.1099
2022-05-09 03:18:55,695 : INFO : Prediction loss: 17514.2983
2022-05-09 03:18:55,695 : INFO : Diversity loss: 331.5960
2022-05-09 03:18:55,699 : INFO : concept 1: christmas service word edge reduce clean cover day alternative mattress
2022-05-09 03:18:55,699 : INFO : concept 2: wear job mobile cook download okay experience performance supply comment
2022-05-09 03:18:59,787 : INFO : Train AUC: 0.4867
2022-05-09 03:18:59,790 : INFO : Test AUC: 0.4888
2022-05-09 03:18:59,790 : INFO : epoch 1/30:
2022-05-09 03:18:59,790 : INFO : Total loss: 11736.8797
2022-05-09 03:18:59,790 : INFO : SGNS loss: 45.6495
2022-05-09 03:18:59,790 : INFO : Dirichlet loss: -5.2882
2022-05-09 03:18:59,790 : INFO : Prediction loss: 11364.9224
2022-05-09 03:18:59,791 : INFO : Diversity loss: 331.5960
2022-05-09 03:18:59,794 : INFO : concept 1: christmas service word edge reduce clean cover day alternative mattress
2022-05-09 03:18:59,794 : INFO : concept 2: wear job mobile cook download okay experience performance supply comment
2022-05-09 03:19:03,862 : INFO : Train AUC: 0.4290
2022-05-09 03:19:03,865 : INFO : Test AUC: 0.4312
2022-05-09 03:19:03,865 : INFO : epoch 2/30:
2022-05-09 03:19:03,865 : INFO : Total loss: 5591.8201
2022-05-09 03:19:03,865 : INFO : SGNS loss: 45.6435
2022-05-09 03:19:03,865 : INFO : Dirichlet loss: -4.3318
2022-05-09 03:19:03,866 : INFO : Prediction loss: 5218.9125
2022-05-09 03:19:03,866 : INFO : Diversity loss: 331.5959
2022-05-09 03:19:03,869 : INFO : concept 1: christmas service word edge reduce clean cover day alternative mattress
2022-05-09 03:19:03,869 : INFO : concept 2: wear job mobile cook download okay experience performance supply comment
2022-05-09 03:19:07,902 : INFO : Train AUC: 0.2195
2022-05-09 03:19:07,905 : INFO : Test AUC: 0.2344
2022-05-09 03:19:07,905 : INFO : epoch 3/30:
2022-05-09 03:19:07,905 : INFO : Total loss: 891.9413
2022-05-09 03:19:07,905 : INFO : SGNS loss: 45.8947
2022-05-09 03:19:07,905 : INFO : Dirichlet loss: -5.0059
2022-05-09 03:19:07,905 : INFO : Prediction loss: 519.4566
2022-05-09 03:19:07,906 : INFO : Diversity loss: 331.5960
2022-05-09 03:19:07,909 : INFO : concept 1: christmas service word edge reduce clean cover day alternative mattress
2022-05-09 03:19:07,909 : INFO : concept 2: wear job mobile cook download okay experience performance supply comment
2022-05-09 03:19:11,859 : INFO : Train AUC: 0.2266
2022-05-09 03:19:11,862 : INFO : Test AUC: 0.2414
2022-05-09 03:19:11,862 : INFO : epoch 4/30:
2022-05-09 03:19:11,862 : INFO : Total loss: 525.6859
2022-05-09 03:19:11,862 : INFO : SGNS loss: 46.0427
2022-05-09 03:19:11,863 : INFO : Dirichlet loss: -3.8210
2022-05-09 03:19:11,863 : INFO : Prediction loss: 151.8682
2022-05-09 03:19:11,863 : INFO : Diversity loss: 331.5959
2022-05-09 03:19:11,866 : INFO : concept 1: christmas service word edge reduce clean cover day alternative mattress
2022-05-09 03:19:11,866 : INFO : concept 2: wear job mobile cook download okay experience performance supply comment
2022-05-09 03:19:15,841 : INFO : Train AUC: 0.1904
2022-05-09 03:19:15,844 : INFO : Test AUC: 0.2029
2022-05-09 03:19:15,845 : INFO : epoch 5/30:
2022-05-09 03:19:15,845 : INFO : Total loss: 482.4199
2022-05-09 03:19:15,845 : INFO : SGNS loss: 46.0453
2022-05-09 03:19:15,845 : INFO : Dirichlet loss: -3.9525
2022-05-09 03:19:15,845 : INFO : Prediction loss: 108.7311
2022-05-09 03:19:15,845 : INFO : Diversity loss: 331.5960
2022-05-09 03:19:15,848 : INFO : concept 1: christmas service word edge reduce clean cover day alternative mattress
2022-05-09 03:19:15,849 : INFO : concept 2: wear job mobile cook download okay experience performance supply comment
2022-05-09 03:19:19,886 : INFO : Train AUC: 0.1784
2022-05-09 03:19:19,889 : INFO : Test AUC: 0.1892
2022-05-09 03:19:19,889 : INFO : epoch 6/30:
2022-05-09 03:19:19,889 : INFO : Total loss: 438.5665
2022-05-09 03:19:19,889 : INFO : SGNS loss: 46.0428
2022-05-09 03:19:19,889 : INFO : Dirichlet loss: -4.0693
2022-05-09 03:19:19,889 : INFO : Prediction loss: 64.9970
2022-05-09 03:19:19,890 : INFO : Diversity loss: 331.5960
2022-05-09 03:19:19,893 : INFO : concept 1: christmas service word edge reduce clean cover day alternative mattress
2022-05-09 03:19:19,893 : INFO : concept 2: wear job mobile cook download okay experience performance supply comment
2022-05-09 03:19:23,872 : INFO : Train AUC: 0.2926
2022-05-09 03:19:23,875 : INFO : Test AUC: 0.2917
2022-05-09 03:19:23,875 : INFO : epoch 7/30:
2022-05-09 03:19:23,875 : INFO : Total loss: 401.1660
2022-05-09 03:19:23,875 : INFO : SGNS loss: 46.0440
2022-05-09 03:19:23,875 : INFO : Dirichlet loss: -4.0821
2022-05-09 03:19:23,876 : INFO : Prediction loss: 27.6082
2022-05-09 03:19:23,876 : INFO : Diversity loss: 331.5960
2022-05-09 03:19:23,879 : INFO : concept 1: christmas service word edge reduce clean cover day alternative mattress
2022-05-09 03:19:23,879 : INFO : concept 2: wear job mobile cook download okay experience performance supply comment
2022-05-09 03:19:27,867 : INFO : Train AUC: 0.0378
2022-05-09 03:19:27,870 : INFO : Test AUC: 0.0398
2022-05-09 03:19:27,870 : INFO : epoch 8/30:
2022-05-09 03:19:27,870 : INFO : Total loss: 383.2829
2022-05-09 03:19:27,871 : INFO : SGNS loss: 46.0450
2022-05-09 03:19:27,871 : INFO : Dirichlet loss: -3.8090
2022-05-09 03:19:27,871 : INFO : Prediction loss: 9.4510
2022-05-09 03:19:27,871 : INFO : Diversity loss: 331.5959
2022-05-09 03:19:27,874 : INFO : concept 1: christmas service word edge reduce clean cover day alternative mattress
2022-05-09 03:19:27,874 : INFO : concept 2: wear job mobile cook download okay experience performance supply comment
2022-05-09 03:19:31,915 : INFO : Train AUC: 0.5949
2022-05-09 03:19:31,919 : INFO : Test AUC: 0.5918
2022-05-09 03:19:31,919 : INFO : epoch 9/30:
2022-05-09 03:19:31,919 : INFO : Total loss: 379.3795
2022-05-09 03:19:31,919 : INFO : SGNS loss: 46.0426
2022-05-09 03:19:31,919 : INFO : Dirichlet loss: -3.8517
2022-05-09 03:19:31,919 : INFO : Prediction loss: 5.5926
2022-05-09 03:19:31,919 : INFO : Diversity loss: 331.5960
2022-05-09 03:19:31,923 : INFO : concept 1: christmas service word edge reduce clean cover day alternative mattress
2022-05-09 03:19:31,923 : INFO : concept 2: wear job mobile cook download okay experience performance supply comment
2022-05-09 03:19:35,954 : INFO : Train AUC: 0.9960
2022-05-09 03:19:35,957 : INFO : Test AUC: 0.9951
2022-05-09 03:19:35,957 : INFO : epoch 10/30:
2022-05-09 03:19:35,958 : INFO : Total loss: 379.0520
2022-05-09 03:19:35,958 : INFO : SGNS loss: 46.0405
2022-05-09 03:19:35,958 : INFO : Dirichlet loss: -3.5934
2022-05-09 03:19:35,958 : INFO : Prediction loss: 5.0090
2022-05-09 03:19:35,958 : INFO : Diversity loss: 331.5960
2022-05-09 03:19:35,961 : INFO : concept 1: christmas service word edge reduce clean cover day alternative mattress
2022-05-09 03:19:35,961 : INFO : concept 2: wear job mobile cook download okay experience performance supply comment
2022-05-09 03:19:39,946 : INFO : Train AUC: 0.1971
2022-05-09 03:19:39,949 : INFO : Test AUC: 0.2063
2022-05-09 03:19:39,949 : INFO : epoch 11/30:
2022-05-09 03:19:39,949 : INFO : Total loss: 378.8972
2022-05-09 03:19:39,949 : INFO : SGNS loss: 46.0430
2022-05-09 03:19:39,949 : INFO : Dirichlet loss: -3.5870
2022-05-09 03:19:39,950 : INFO : Prediction loss: 4.8453
2022-05-09 03:19:39,950 : INFO : Diversity loss: 331.5960
2022-05-09 03:19:39,953 : INFO : concept 1: christmas service word edge reduce clean cover day alternative mattress
2022-05-09 03:19:39,953 : INFO : concept 2: wear job mobile cook download okay experience performance supply comment
2022-05-09 03:19:43,921 : INFO : Train AUC: 0.7651
2022-05-09 03:19:43,924 : INFO : Test AUC: 0.7662
2022-05-09 03:19:43,924 : INFO : epoch 12/30:
2022-05-09 03:19:43,924 : INFO : Total loss: 378.6566
2022-05-09 03:19:43,924 : INFO : SGNS loss: 46.0442
2022-05-09 03:19:43,925 : INFO : Dirichlet loss: -3.6285
2022-05-09 03:19:43,925 : INFO : Prediction loss: 4.6449
2022-05-09 03:19:43,925 : INFO : Diversity loss: 331.5960
2022-05-09 03:19:43,928 : INFO : concept 1: christmas service word edge reduce clean cover day alternative mattress
2022-05-09 03:19:43,928 : INFO : concept 2: wear job mobile cook download okay experience performance supply comment
2022-05-09 03:19:47,925 : INFO : Train AUC: 0.9978
2022-05-09 03:19:47,928 : INFO : Test AUC: 0.9970
2022-05-09 03:19:47,928 : INFO : epoch 13/30:
2022-05-09 03:19:47,929 : INFO : Total loss: 378.4982
2022-05-09 03:19:47,929 : INFO : SGNS loss: 46.0401
2022-05-09 03:19:47,929 : INFO : Dirichlet loss: -3.5976
2022-05-09 03:19:47,929 : INFO : Prediction loss: 4.4597
2022-05-09 03:19:47,929 : INFO : Diversity loss: 331.5960
2022-05-09 03:19:47,932 : INFO : concept 1: christmas service word edge reduce clean cover day alternative mattress
2022-05-09 03:19:47,933 : INFO : concept 2: wear job mobile cook download okay experience performance supply comment
2022-05-09 03:19:51,948 : INFO : Train AUC: 0.2155
2022-05-09 03:19:51,951 : INFO : Test AUC: 0.2253
2022-05-09 03:19:51,951 : INFO : epoch 14/30:
2022-05-09 03:19:51,951 : INFO : Total loss: 378.4609
2022-05-09 03:19:51,951 : INFO : SGNS loss: 46.0447
2022-05-09 03:19:51,951 : INFO : Dirichlet loss: -3.6003
2022-05-09 03:19:51,951 : INFO : Prediction loss: 4.4205
2022-05-09 03:19:51,951 : INFO : Diversity loss: 331.5960
2022-05-09 03:19:51,954 : INFO : concept 1: christmas service word edge reduce clean cover day alternative mattress
2022-05-09 03:19:51,955 : INFO : concept 2: wear job mobile cook download okay experience performance supply comment
2022-05-09 03:19:56,283 : INFO : Train AUC: 0.8491
2022-05-09 03:19:56,286 : INFO : Test AUC: 0.8497
2022-05-09 03:19:56,286 : INFO : epoch 15/30:
2022-05-09 03:19:56,286 : INFO : Total loss: 197.7540
2022-05-09 03:19:56,287 : INFO : SGNS loss: 22.4415
2022-05-09 03:19:56,287 : INFO : Dirichlet loss: -10.2401
2022-05-09 03:19:56,287 : INFO : Prediction loss: 4.3005
2022-05-09 03:19:56,287 : INFO : Diversity loss: 181.2522
2022-05-09 03:19:56,291 : INFO : concept 1: great buy use look easy price money quality fit excellent
2022-05-09 03:19:56,291 : INFO : concept 2: system metal appliance remove suitable spend mirror fitting glad suggest
2022-05-09 03:20:00,549 : INFO : Train AUC: 0.9988
2022-05-09 03:20:00,552 : INFO : Test AUC: 0.9986
2022-05-09 03:20:00,552 : INFO : epoch 16/30:
2022-05-09 03:20:00,552 : INFO : Total loss: -48.4240
2022-05-09 03:20:00,552 : INFO : SGNS loss: 14.9469
2022-05-09 03:20:00,552 : INFO : Dirichlet loss: -10.3600
2022-05-09 03:20:00,552 : INFO : Prediction loss: 4.1739
2022-05-09 03:20:00,552 : INFO : Diversity loss: -57.1848
2022-05-09 03:20:00,556 : INFO : concept 1: great buy look easy use time quality price money item
2022-05-09 03:20:00,556 : INFO : concept 2: local advise stair note diy worry mount outside slim tell
2022-05-09 03:20:04,833 : INFO : Train AUC: 0.2408
2022-05-09 03:20:04,840 : INFO : Test AUC: 0.2522
2022-05-09 03:20:04,841 : INFO : epoch 17/30:
2022-05-09 03:20:04,841 : INFO : Total loss: -133.4078
2022-05-09 03:20:04,841 : INFO : SGNS loss: 14.8992
2022-05-09 03:20:04,841 : INFO : Dirichlet loss: -10.3593
2022-05-09 03:20:04,841 : INFO : Prediction loss: 4.1835
2022-05-09 03:20:04,842 : INFO : Diversity loss: -142.1312
2022-05-09 03:20:04,845 : INFO : concept 1: easy buy price look quality great picture cheap purchase use
2022-05-09 03:20:04,845 : INFO : concept 2: heating construction type fi hear inexpensive trouble iphone performance draw
2022-05-09 03:20:09,123 : INFO : Train AUC: 0.8949
2022-05-09 03:20:09,125 : INFO : Test AUC: 0.8952
2022-05-09 03:20:09,126 : INFO : epoch 18/30:
2022-05-09 03:20:09,126 : INFO : Total loss: -169.7752
2022-05-09 03:20:09,126 : INFO : SGNS loss: 14.9026
2022-05-09 03:20:09,126 : INFO : Dirichlet loss: -10.3585
2022-05-09 03:20:09,126 : INFO : Prediction loss: 4.0945
2022-05-09 03:20:09,126 : INFO : Diversity loss: -178.4138
2022-05-09 03:20:09,141 : INFO : concept 1: use great buy bit easy look price excellent small love
2022-05-09 03:20:09,142 : INFO : concept 2: prove suit slot poorly content pain leak option opinion hook
2022-05-09 03:20:13,403 : INFO : Train AUC: 0.9992
2022-05-09 03:20:13,406 : INFO : Test AUC: 0.9994
2022-05-09 03:20:13,406 : INFO : epoch 19/30:
2022-05-09 03:20:13,406 : INFO : Total loss: -183.2893
2022-05-09 03:20:13,406 : INFO : SGNS loss: 14.9069
2022-05-09 03:20:13,406 : INFO : Dirichlet loss: -10.3583
2022-05-09 03:20:13,406 : INFO : Prediction loss: 4.0052
2022-05-09 03:20:13,407 : INFO : Diversity loss: -191.8432
2022-05-09 03:20:13,410 : INFO : concept 1: easy look come use great recommend fit buy money purchase
2022-05-09 03:20:13,410 : INFO : concept 2: answer fabulous avoid angle rating advertise sleek lay expectation wet
2022-05-09 03:20:17,666 : INFO : Train AUC: 0.2685
2022-05-09 03:20:17,669 : INFO : Test AUC: 0.2811
2022-05-09 03:20:17,669 : INFO : epoch 20/30:
2022-05-09 03:20:17,669 : INFO : Total loss: -189.0868
2022-05-09 03:20:17,669 : INFO : SGNS loss: 14.9118
2022-05-09 03:20:17,669 : INFO : Dirichlet loss: -10.3581
2022-05-09 03:20:17,669 : INFO : Prediction loss: 4.0444
2022-05-09 03:20:17,670 : INFO : Diversity loss: -197.6850
2022-05-09 03:20:17,673 : INFO : concept 1: easy great use buy excellent tip quality look price nice
2022-05-09 03:20:17,673 : INFO : concept 2: packaging maybe wow self initially finger daily mobile jug diy
2022-05-09 03:20:22,043 : INFO : Train AUC: 0.9181
2022-05-09 03:20:22,046 : INFO : Test AUC: 0.9213
2022-05-09 03:20:22,046 : INFO : epoch 21/30:
2022-05-09 03:20:22,046 : INFO : Total loss: -192.1496
2022-05-09 03:20:22,046 : INFO : SGNS loss: 14.9136
2022-05-09 03:20:22,047 : INFO : Dirichlet loss: -10.3581
2022-05-09 03:20:22,047 : INFO : Prediction loss: 3.9834
2022-05-09 03:20:22,047 : INFO : Diversity loss: -200.6885
2022-05-09 03:20:22,050 : INFO : concept 1: great buy fit use easy recommend find price quality money
2022-05-09 03:20:22,050 : INFO : concept 2: early requirement meet middle market tip construction cleaning everyday brown
2022-05-09 03:20:26,248 : INFO : Train AUC: 0.9993
2022-05-09 03:20:26,251 : INFO : Test AUC: 0.9995
2022-05-09 03:20:26,251 : INFO : epoch 22/30:
2022-05-09 03:20:26,251 : INFO : Total loss: -193.9779
2022-05-09 03:20:26,251 : INFO : SGNS loss: 14.9107
2022-05-09 03:20:26,251 : INFO : Dirichlet loss: -10.3581
2022-05-09 03:20:26,251 : INFO : Prediction loss: 3.9000
2022-05-09 03:20:26,252 : INFO : Diversity loss: -202.4305
2022-05-09 03:20:26,255 : INFO : concept 1: buy easy grey money use great price love husband bulb
2022-05-09 03:20:26,255 : INFO : concept 2: surprisingly equipment face worktop file cleaning bill thoroughly slice feed
2022-05-09 03:20:30,508 : INFO : Train AUC: 0.3088
2022-05-09 03:20:30,511 : INFO : Test AUC: 0.3241
2022-05-09 03:20:30,511 : INFO : epoch 23/30:
2022-05-09 03:20:30,511 : INFO : Total loss: -195.0254
2022-05-09 03:20:30,511 : INFO : SGNS loss: 14.9147
2022-05-09 03:20:30,511 : INFO : Dirichlet loss: -10.3582
2022-05-09 03:20:30,512 : INFO : Prediction loss: 3.9494
2022-05-09 03:20:30,512 : INFO : Diversity loss: -203.5312
2022-05-09 03:20:30,515 : INFO : concept 1: use easy great quality buy space look fit expensive recommend
2022-05-09 03:20:30,515 : INFO : concept 2: portable dial understand write gorgeous future fabric sell sky blow
2022-05-09 03:20:34,811 : INFO : Train AUC: 0.9234
2022-05-09 03:20:34,814 : INFO : Test AUC: 0.9275
2022-05-09 03:20:34,814 : INFO : epoch 24/30:
2022-05-09 03:20:34,815 : INFO : Total loss: -195.8132
2022-05-09 03:20:34,815 : INFO : SGNS loss: 14.9150
2022-05-09 03:20:34,815 : INFO : Dirichlet loss: -10.3581
2022-05-09 03:20:34,815 : INFO : Prediction loss: 3.9016
2022-05-09 03:20:34,815 : INFO : Diversity loss: -204.2716
2022-05-09 03:20:34,818 : INFO : concept 1: buy great easy price use look purchase cheap compact phone
2022-05-09 03:20:34,818 : INFO : concept 2: programme write separate xmas access alot useless saver durable section
2022-05-09 03:20:39,120 : INFO : Train AUC: 0.9992
2022-05-09 03:20:39,123 : INFO : Test AUC: 0.9995
2022-05-09 03:20:39,123 : INFO : epoch 25/30:
2022-05-09 03:20:39,123 : INFO : Total loss: -196.4058
2022-05-09 03:20:39,123 : INFO : SGNS loss: 14.9134
2022-05-09 03:20:39,123 : INFO : Dirichlet loss: -10.3581
2022-05-09 03:20:39,123 : INFO : Prediction loss: 3.8329
2022-05-09 03:20:39,124 : INFO : Diversity loss: -204.7940
2022-05-09 03:20:39,127 : INFO : concept 1: easy like buy use look price work great inexpensive size
2022-05-09 03:20:39,127 : INFO : concept 2: hardly pile iphone bill effort signal disappoint immediately wow hassle
2022-05-09 03:20:43,377 : INFO : Train AUC: 0.3415
2022-05-09 03:20:43,380 : INFO : Test AUC: 0.3574
2022-05-09 03:20:43,380 : INFO : epoch 26/30:
2022-05-09 03:20:43,380 : INFO : Total loss: -196.7323
2022-05-09 03:20:43,380 : INFO : SGNS loss: 14.9158
2022-05-09 03:20:43,381 : INFO : Dirichlet loss: -10.3581
2022-05-09 03:20:43,381 : INFO : Prediction loss: 3.8865
2022-05-09 03:20:43,381 : INFO : Diversity loss: -205.1765
2022-05-09 03:20:43,384 : INFO : concept 1: great love price use buy little easy assemble new require
2022-05-09 03:20:43,384 : INFO : concept 2: mainly tricky toy extension hardly relatively seal snap fabulous improvement
2022-05-09 03:20:47,622 : INFO : Train AUC: 0.9282
2022-05-09 03:20:47,625 : INFO : Test AUC: 0.9326
2022-05-09 03:20:47,625 : INFO : epoch 27/30:
2022-05-09 03:20:47,625 : INFO : Total loss: -197.0694
2022-05-09 03:20:47,626 : INFO : SGNS loss: 14.9172
2022-05-09 03:20:47,626 : INFO : Dirichlet loss: -10.3582
2022-05-09 03:20:47,626 : INFO : Prediction loss: 3.8366
2022-05-09 03:20:47,626 : INFO : Diversity loss: -205.4650
2022-05-09 03:20:47,630 : INFO : concept 1: quality price look easy great love buy use hold bit
2022-05-09 03:20:47,630 : INFO : concept 2: tend face matter reliable terrible tip durable worried access mind
2022-05-09 03:20:51,895 : INFO : Train AUC: 0.9992
2022-05-09 03:20:51,898 : INFO : Test AUC: 0.9994
2022-05-09 03:20:51,899 : INFO : epoch 28/30:
2022-05-09 03:20:51,899 : INFO : Total loss: -197.3504
2022-05-09 03:20:51,899 : INFO : SGNS loss: 14.9159
2022-05-09 03:20:51,899 : INFO : Dirichlet loss: -10.3580
2022-05-09 03:20:51,899 : INFO : Prediction loss: 3.7796
2022-05-09 03:20:51,899 : INFO : Diversity loss: -205.6878
2022-05-09 03:20:51,902 : INFO : concept 1: great buy need easy quality price brilliant use fit look
2022-05-09 03:20:51,902 : INFO : concept 2: rug content alternative law stable pain wire hinge xbox produce
2022-05-09 03:20:56,164 : INFO : Train AUC: 0.3653
2022-05-09 03:20:56,167 : INFO : Test AUC: 0.3807
2022-05-09 03:20:56,167 : INFO : epoch 29/30:
2022-05-09 03:20:56,167 : INFO : Total loss: -197.4679
2022-05-09 03:20:56,167 : INFO : SGNS loss: 14.9155
2022-05-09 03:20:56,168 : INFO : Dirichlet loss: -10.3581
2022-05-09 03:20:56,168 : INFO : Prediction loss: 3.8382
2022-05-09 03:20:56,168 : INFO : Diversity loss: -205.8635
2022-05-09 03:20:56,173 : INFO : concept 1: buy room great easy use pillow problem mini fit old
2022-05-09 03:20:56,173 : INFO : concept 2: manufacturer constantly view holiday local beautifully grill bonus sleek word
